<?xml version="1.0" encoding="utf-8"?><testsuites name="pytest tests"><testsuite name="pytest" errors="0" failures="0" skipped="16" tests="834" time="1072.014" timestamp="2026-09-06T04:14:19.911547+03:00" hostname="DESKTOP-KNUV1IO"><testcase classname="tests.test_artgor_exact_code_package" name="test_code_release_is_allowlisted_hashed_and_commit_pinned" time="0.435" /><testcase classname="tests.test_artgor_exact_code_package" name="test_release_uses_bytes_from_the_named_commit_not_the_worktree" time="0.444" /><testcase classname="tests.test_artgor_exact_code_package" name="test_release_rejects_stale_output_and_non_commit_sha" time="0.052" /><testcase classname="tests.test_artgor_exact_code_package" name="test_dataset_metadata_names_only_tpu_beam_search_code" time="0.401" /><testcase classname="tests.test_artgor_exact_code_package" name="test_release_is_flat_and_runtime_zip_matches_manifest" time="0.413" /><testcase classname="tests.test_artgor_exact_inference" name="test_selected_config_is_frozen_and_invalid_overrides_fail" time="0.001" /><testcase classname="tests.test_artgor_exact_inference" name="test_all_pallas_engine_is_exported_from_the_package_api" time="0.001" /><testcase classname="tests.test_artgor_exact_inference" name="test_unsupported_modes_choose_explicit_jax_fallback" time="0.001" /><testcase classname="tests.test_artgor_exact_inference" name="test_interpreted_engine_matches_selected_prefix_and_head_formulas" time="2.801" /><testcase classname="tests.test_artgor_exact_inference" name="test_interpreted_artgor_pallas_exact_engine_matches_direct_all_pallas_call" time="2.233" /><testcase classname="tests.test_artgor_exact_notebook" name="test_generated_notebook_preserves_six_cell_flow_and_exact_engine" time="0.008" /><testcase classname="tests.test_artgor_exact_notebook" name="test_generated_notebook_bootstraps_the_validated_tpu_runtime_before_jax" time="0.001" /><testcase classname="tests.test_artgor_exact_notebook" name="test_generated_notebook_fails_closed_when_every_frame_errors" time="0.001" /><testcase classname="tests.test_artgor_exact_notebook" name="test_generated_notebook_records_its_frozen_source_and_builder_hash" time="0.001" /><testcase classname="tests.test_artgor_exact_notebook" name="test_kaggle_metadata_is_private_tpu_only_and_attaches_both_sources" time="0.001" /><testcase classname="tests.test_artgor_exact_notebook" name="test_kaggle_title_resolves_to_declared_kernel_slug" time="0.001" /><testcase classname="tests.test_artgor_exact_notebook" name="test_generated_notebook_mounts_verified_flat_runtime_zip" time="0.427" /><testcase classname="tests.test_artgor_exact_notebook" name="test_generated_notebook_rejects_tampered_runtime_zip" time="0.406" /><testcase classname="tests.test_artgor_exact_notebook" name="test_generated_notebook_mounts_kaggle_extracted_runtime" time="0.482" /><testcase classname="tests.test_artgor_exact_notebook_validation" name="test_publication_requires_every_exact_and_replay_gate" time="0.001" /><testcase classname="tests.test_artgor_exact_notebook_validation" name="test_publication_rejects_missing_or_nonfinite_speedup" time="0.001" /><testcase classname="tests.test_artgor_exact_speed_proof" name="test_constant_paired_speedup_has_exact_statistics_and_passes" time="0.012" /><testcase classname="tests.test_artgor_exact_speed_proof" name="test_one_subthreshold_pair_rejects_even_when_median_is_fast" time="0.010" /><testcase classname="tests.test_artgor_exact_speed_proof" name="test_final_decision_requires_eight_tpus_exactness_and_every_case_gate" time="0.001" /><testcase classname="tests.test_artgor_exact_speed_proof" name="test_final_decision_rejects_missing_case_instead_of_inferring_it" time="0.001" /><testcase classname="tests.test_artgor_exact_speed_proof_launcher" name="test_speed_proof_launcher_is_pinned_and_writes_a_persistent_log" time="0.065" /><testcase classname="tests.test_artgor_exact_speed_proof_launcher" name="test_speed_proof_metadata_uses_one_private_tpu_session_without_competition" time="0.001" /><testcase classname="tests.test_artgor_exact_validation_launcher" name="test_launcher_is_source_pinned_and_streams_a_persistent_log" time="0.002" /><testcase classname="tests.test_artgor_exact_validation_launcher" name="test_launcher_metadata_is_private_single_tpu_job_with_assets" time="0.001" /><testcase classname="tests.test_artgor_input_trace" name="test_reduction_order_preserves_specified_cancellation[lanes_serial-0.00390625]" time="0.098" /><testcase classname="tests.test_artgor_input_trace" name="test_reduction_order_preserves_specified_cancellation[lanes_tree-0.00390625]" time="0.097" /><testcase classname="tests.test_artgor_input_trace" name="test_reduction_order_preserves_specified_cancellation[tiles_serial-0.0]" time="0.127" /><testcase classname="tests.test_artgor_input_trace" name="test_reduction_order_preserves_specified_cancellation[tiles_tree-0.0]" time="0.116" /><testcase classname="tests.test_artgor_input_trace" name="test_unknown_reduction_order_is_rejected" time="0.049" /><testcase classname="tests.test_artgor_input_trace" name="test_serial_and_tree_have_distinct_four_part_rounding[lanes]" time="0.196" /><testcase classname="tests.test_artgor_input_trace" name="test_serial_and_tree_have_distinct_four_part_rounding[tiles]" time="0.266" /><testcase classname="tests.test_artgor_input_trace" name="test_materialized_mean_and_remainder_honor_external_bf16_mean" time="0.909" /><testcase classname="tests.test_artgor_input_trace" name="test_trace_preserves_raw_mean_but_centers_rounded_values" time="0.727" /><testcase classname="tests.test_artgor_input_trace" name="test_mismatch_capture_keeps_all_coordinates_and_only_affected_rows" time="0.019" /><testcase classname="tests.test_artgor_input_trace" name="test_mismatch_capture_includes_signed_zero_bit_difference" time="0.010" /><testcase classname="tests.test_artgor_layernorm_attribution" name="test_attribution_variants_are_ordered_one_factor_changes" time="0.001" /><testcase classname="tests.test_artgor_layernorm_attribution" name="test_attribution_protocol_covers_six_frozen_corpora" time="0.001" /><testcase classname="tests.test_artgor_layernorm_attribution" name="test_jax_checkpoint_contract_has_every_observable_boundary" time="0.594" /><testcase classname="tests.test_artgor_layernorm_attribution" name="test_comparison_reports_first_mismatching_boundary" time="0.001" /><testcase classname="tests.test_artgor_layernorm_attribution" name="test_decision_requires_all_corpora_and_production_shape_exact" time="0.001" /><testcase classname="tests.test_artgor_layernorm_attribution" name="test_interpreted_pallas_probe_exposes_each_checkpoint" time="1.423" /><testcase classname="tests.test_artgor_layernorm_attribution" name="test_interpreted_pallas_probe_matches_each_one_factor_jax_arm" time="0.947" /><testcase classname="tests.test_artgor_layernorm_attribution" name="test_interpreted_one_factor_probes_match_all_checkpoint_dtypes" time="5.544" /><testcase classname="tests.test_artgor_layernorm_attribution" name="test_aligned_production_width_elides_compiler_sensitive_predicate" time="0.001" /><testcase classname="tests.test_artgor_layernorm_attribution" name="test_aligned_scalar_checkpoint_is_broadcast_to_output_tile" time="0.267" /><testcase classname="tests.test_artgor_layernorm_attribution_launcher" name="test_launcher_is_private_tpu_and_pinned_to_full_sha" time="0.002" /><testcase classname="tests.test_artgor_layernorm_boundary_replay" name="test_boundary_replay_contract_tracks_the_five_real_pallas_calls" time="0.001" /><testcase classname="tests.test_artgor_layernorm_boundary_replay" name="test_boundary_replay_compares_pallas_to_both_jax_controls" time="0.002" /><testcase classname="tests.test_artgor_layernorm_boundary_replay_launcher" name="test_boundary_replay_launcher_is_private_and_pinned_to_public_source" time="0.005" /><testcase classname="tests.test_artgor_layernorm_invstd" name="test_invstd_result_name_is_stable_for_kaggle_artifacts" time="0.001" /><testcase classname="tests.test_artgor_layernorm_invstd" name="test_interpreted_invstd_exposes_fp32_and_bf16_boundaries" time="0.331" /><testcase classname="tests.test_artgor_layernorm_invstd" name="test_interpreted_invstd_affine_matches_explicit_expression" time="0.487" /><testcase classname="tests.test_artgor_layernorm_invstd" name="test_interpreted_variance_from_centered_is_bf16_exact" time="0.169" /><testcase classname="tests.test_artgor_layernorm_invstd" name="test_interpreted_affine_can_apply_skip_and_relu_inside_pallas" time="0.221" /><testcase classname="tests.test_artgor_layernorm_invstd" name="test_invstd_metrics_keep_hash_rmse_and_witness" time="0.001" /><testcase classname="tests.test_artgor_layernorm_invstd_launcher" name="test_launcher_is_private_tpu_and_pinned" time="0.001" /><testcase classname="tests.test_artgor_layernorm_monolithic_match" name="test_monolithic_match_uses_the_frozen_one_factor_ladder" time="0.001" /><testcase classname="tests.test_artgor_layernorm_monolithic_match" name="test_monolithic_match_promotes_only_hash_exact_jax_and_pallas_variant" time="0.001" /><testcase classname="tests.test_artgor_layernorm_monolithic_match_launcher" name="test_monolithic_match_launcher_is_private_and_pinned" time="0.001" /><testcase classname="tests.test_artgor_layernorm_subtraction" name="test_subtraction_protocol_uses_frozen_six_corpora" time="0.001" /><testcase classname="tests.test_artgor_layernorm_subtraction" name="test_interpreted_centered_subtraction_matches_explicit_jax" time="0.079" /><testcase classname="tests.test_artgor_layernorm_subtraction" name="test_interpreted_fused_variance_matches_explicit_jax" time="0.133" /><testcase classname="tests.test_artgor_layernorm_subtraction" name="test_tensor_metrics_include_hash_rmse_and_deterministic_witnesses" time="0.001" /><testcase classname="tests.test_artgor_layernorm_subtraction_launcher" name="test_launcher_is_private_tpu_and_pinned" time="0.001" /><testcase classname="tests.test_artgor_pallas_exact_diagnostic" name="test_first_stage_mismatch_reports_the_actual_operator_boundary" time="0.001" /><testcase classname="tests.test_artgor_pallas_exact_diagnostic" name="test_stage_comparison_rejects_name_or_shape_drift" time="0.001" /><testcase classname="tests.test_artgor_pallas_exact_diagnostic" name="test_reference_stage_sequence_ends_at_the_unchanged_semantic_model" time="0.720" /><testcase classname="tests.test_artgor_pallas_exact_diagnostic" name="test_next_diagnostic_freezes_only_monolithic_exact_bk128_candidate" time="0.001" /><testcase classname="tests.test_artgor_pallas_exact_diagnostic" name="test_instrumented_stage_drift_does_not_suppress_full_model_oracle" time="0.001" /><testcase classname="tests.test_artgor_pallas_exact_diagnostic" name="test_stage_count_contract_maps_only_four_n_plus_four_models" time="0.001" /><testcase classname="tests.test_artgor_pallas_exact_diagnostic" name="test_hlo_audit_accepts_explicit_expected_custom_call_count" time="0.001" /><testcase classname="tests.test_artgor_pallas_exact_diagnostic" name="test_final_gate_requires_exact_stages_clean_hlo_and_speed_vs_hybrid" time="0.001" /><testcase classname="tests.test_artgor_pallas_exact_launcher" name="test_launcher_is_pinned_and_persists_json_hlo_and_log" time="0.058" /><testcase classname="tests.test_artgor_pallas_exact_launcher" name="test_metadata_uses_one_private_tpu_session_without_competition_data" time="0.001" /><testcase classname="tests.test_artgor_pallas_same_suffix" name="test_boundary_plus_same_suffix_reconstructs_typed_reference" time="0.010" /><testcase classname="tests.test_artgor_pallas_same_suffix" name="test_depth_contract_rejects_invalid_boundaries" time="0.022" /><testcase classname="tests.test_artgor_pallas_same_suffix" name="test_main_passes_optional_dataset_through_shared_resolver" time="0.005" /><testcase classname="tests.test_artgor_pallas_same_suffix" name="test_isolated_control_does_not_attribute_prefix_drift_to_exact_operator" time="0.063" /><testcase classname="tests.test_artgor_pallas_same_suffix" name="test_residual_operator_factorization_preserves_jax_block_and_skip" time="0.008" /><testcase classname="tests.test_artgor_pallas_same_suffix" name="test_operator_ab_chains_reference_inputs_and_keeps_skip_fixed" time="0.392" /><testcase classname="tests.test_artgor_pallas_same_suffix" name="test_dense_preactivation_retains_sub_bf16_bias" time="0.172" /><testcase classname="tests.test_artgor_prefix_capture" name="test_capture_returns_dense_mean_and_output_in_bf16" time="0.151" /><testcase classname="tests.test_artgor_prefix_capture" name="test_capture_invstd_slot_has_unit_variance_value" time="0.193" /><testcase classname="tests.test_artgor_prefix_capture" name="test_external_invstd_affine_uses_supplied_value_and_relu" time="0.368" /><testcase classname="tests.test_artgor_prefix_capture" name="test_capture_variance_preserves_bf16_slots" time="0.131" /><testcase classname="tests.test_artgor_prefix_capture" name="test_variance_pair_and_replay_preserve_separate_dtypes" time="0.360" /><testcase classname="tests.test_artgor_prefix_capture" name="test_pair_chunks_preserve_device_major_order_and_dtypes" time="0.001" /><testcase classname="tests.test_artgor_prefix_capture" name="test_bounded_capture_keeps_late_bitwise_rows_without_expansion" time="0.010" /><testcase classname="tests.test_artgor_prefix_capture" name="test_fixed_inputs_ignore_perturbed_variance_capture" time="0.000" /><testcase classname="tests.test_artgor_prefix_gate" name="test_bounded_gate_counts_bitwise_mismatches_and_hashes_across_chunks" time="0.001" /><testcase classname="tests.test_artgor_prefix_gate" name="test_gate_rejects_equal_nonfinite_tensors" time="0.000" /><testcase classname="tests.test_artgor_prefix_gate" name="test_composed_prefix_uses_state_embedding_and_projects_correct_channels" time="1.933" /><testcase classname="tests.test_artgor_prefix_shape" name="test_chunking_preserves_device_partition_and_reconstructs_global_row_order" time="0.001" /><testcase classname="tests.test_artgor_prefix_shape" name="test_chunking_rejects_incomplete_device_or_chunk_partitions" time="0.001" /><testcase classname="tests.test_artgor_reference" name="test_artgor_reference_matches_literal_operation_order" time="1.687" /><testcase classname="tests.test_artgor_reference" name="test_artgor_reference_is_finite_and_deterministic_on_edge_states" time="0.285" /><testcase classname="tests.test_artgor_rsqrt_consumers" name="test_scalar_bf16_output_block_obeys_tpu_tiling[128]" time="0.006" /><testcase classname="tests.test_artgor_rsqrt_consumers" name="test_scalar_bf16_output_block_obeys_tpu_tiling[256]" time="0.003" /><testcase classname="tests.test_artgor_rsqrt_consumers" name="test_scalar_bf16_output_block_obeys_tpu_tiling[16384]" time="0.003" /><testcase classname="tests.test_artgor_rsqrt_consumers" name="test_consumer_collector_preserves_device_order_before_host_broadcast" time="0.001" /><testcase classname="tests.test_artgor_rsqrt_consumers" name="test_consumer_collector_keeps_matrix_columns" time="0.001" /><testcase classname="tests.test_artgor_rsqrt_consumers" name="test_consumer_preserves_shape_and_uses_epsilon[fp32-jax-shape0]" time="0.164" /><testcase classname="tests.test_artgor_rsqrt_consumers" name="test_consumer_preserves_shape_and_uses_epsilon[fp32-jax-shape1]" time="0.117" /><testcase classname="tests.test_artgor_rsqrt_consumers" name="test_consumer_preserves_shape_and_uses_epsilon[fp32-pallas-shape0]" time="0.113" /><testcase classname="tests.test_artgor_rsqrt_consumers" name="test_consumer_preserves_shape_and_uses_epsilon[fp32-pallas-shape1]" time="0.089" /><testcase classname="tests.test_artgor_rsqrt_consumers" name="test_consumer_preserves_shape_and_uses_epsilon[bf16_expression-jax-shape0]" time="0.129" /><testcase classname="tests.test_artgor_rsqrt_consumers" name="test_consumer_preserves_shape_and_uses_epsilon[bf16_expression-jax-shape1]" time="0.118" /><testcase classname="tests.test_artgor_rsqrt_consumers" name="test_consumer_preserves_shape_and_uses_epsilon[bf16_expression-pallas-shape0]" time="0.057" /><testcase classname="tests.test_artgor_rsqrt_consumers" name="test_consumer_preserves_shape_and_uses_epsilon[bf16_expression-pallas-shape1]" time="0.062" /><testcase classname="tests.test_artgor_rsqrt_consumers" name="test_bf16_expression_is_distinct_from_fp32_consumer[jax]" time="0.271" /><testcase classname="tests.test_artgor_rsqrt_consumers" name="test_bf16_expression_is_distinct_from_fp32_consumer[pallas]" time="0.139" /><testcase classname="tests.test_artgor_source_snapshot" name="test_artgor_snapshot_is_the_frozen_script_version" time="0.002" /><testcase classname="tests.test_artgor_staged_beam" name="test_default_depth_geometry_has_64_inference_chunks_and_16_search_windows" time="0.001" /><testcase classname="tests.test_artgor_staged_beam" name="test_q_chunks_preserve_parent_then_move_order" time="0.030" /><testcase classname="tests.test_artgor_staged_beam" name="test_small_geometry_is_available_only_for_diagnostics" time="0.001" /><testcase classname="tests.test_artgor_staged_beam" name="test_run_staged_depth_assembles_every_q_chunk_in_parent_order" time="0.394" /><testcase classname="tests.test_artgor_staged_beam" name="test_precomputed_q_depth_matches_original_depth_tensor_for_tensor" time="2.243" /><testcase classname="tests.test_artgor_staged_beam" name="test_tiny_high_level_solver_keeps_original_result_contract" time="1.309" /><testcase classname="tests.test_artgor_variance_producer" name="test_separate_mean_vector_keeps_per_row_statistics[fp32-False]" time="0.258" /><testcase classname="tests.test_artgor_variance_producer" name="test_separate_mean_vector_keeps_per_row_statistics[fp32-True]" time="0.210" /><testcase classname="tests.test_artgor_variance_producer" name="test_separate_mean_vector_keeps_per_row_statistics[original-False]" time="0.174" /><testcase classname="tests.test_artgor_variance_producer" name="test_separate_mean_vector_keeps_per_row_statistics[original-True]" time="0.105" /><testcase classname="tests.test_artgor_variance_producer" name="test_two_argument_collector_preserves_mean_pairing_and_device_order" time="0.001" /><testcase classname="tests.test_artgor_variance_producer" name="test_fixed_mean_producer_does_not_recompute_mean[fp32]" time="0.157" /><testcase classname="tests.test_artgor_variance_producer" name="test_fixed_mean_producer_does_not_recompute_mean[original]" time="0.161" /><testcase classname="tests.test_artgor_variance_producer" name="test_centered_square_precision_modes_are_distinct" time="0.164" /><testcase classname="tests.test_beam_bundle" name="test_bundle_has_independent_oracles_and_rejects_one_wrong_bit" time="0.498" /><testcase classname="tests.test_beam_bundle" name="test_split_cases_have_independent_complete_buffer_oracles" time="8.211" /><testcase classname="tests.test_beam_bundle" name="test_dedup_cases_have_aligned_count_plane_oracles" time="12.320" /><testcase classname="tests.test_beam_collector" name="test_reserve_group_prefers_current_but_never_busy_or_overflow[used0-busy0-0-5-0]" time="0.001" /><testcase classname="tests.test_beam_collector" name="test_reserve_group_prefers_current_but_never_busy_or_overflow[used1-busy1-0-2-1]" time="0.001" /><testcase classname="tests.test_beam_collector" name="test_reserve_group_prefers_current_but_never_busy_or_overflow[used2-busy2-0-5-1]" time="0.001" /><testcase classname="tests.test_beam_collector" name="test_reserve_group_prefers_current_but_never_busy_or_overflow[used3-busy3-0-2-None]" time="0.001" /><testcase classname="tests.test_beam_collector" name="test_reserve_group_prefers_current_but_never_busy_or_overflow[used4-busy4-0-1-None]" time="0.001" /><testcase classname="tests.test_beam_collector" name="test_empty_arrival_does_not_overflow_full_busy_buffers" time="0.001" /><testcase classname="tests.test_beam_collector_batch" name="test_all_shard_preflight_gates_earlier_groups_on_late_overflow[False]" time="0.364" /><testcase classname="tests.test_beam_collector_batch" name="test_all_shard_preflight_gates_earlier_groups_on_late_overflow[True]" time="0.407" /><testcase classname="tests.test_beam_collector_bundle" name="test_bundle_continues_after_failed_child_and_never_promotes_missing_result" time="0.032" /><testcase classname="tests.test_beam_collector_full_probe" name="test_full_collector_adapter_retains_rank_and_all_four_results" time="0.491" /><testcase classname="tests.test_beam_collector_gather_lowering" name="test_collector_gathers_meet_mosaic_take_along_axis_shape_contract[append]" time="0.023" /><testcase classname="tests.test_beam_collector_gather_lowering" name="test_collector_gathers_meet_mosaic_take_along_axis_shape_contract[scatter]" time="0.030" /><testcase classname="tests.test_beam_collector_gather_lowering" name="test_scatter_has_no_dynamic_scalar_vmem_offset_load" time="0.002" /><testcase classname="tests.test_beam_collector_gather_lowering" name="test_scatter_gathers_do_not_span_multiple_source_lane_registers" time="0.002" /><testcase classname="tests.test_beam_collector_groups" name="test_group_reserves_one_sibling_before_any_tile_write[used0-256-1]" time="2.251" /><testcase classname="tests.test_beam_collector_groups" name="test_group_reserves_one_sibling_before_any_tile_write[used1-256-None]" time="2.156" /><testcase classname="tests.test_beam_collector_groups" name="test_group_reserves_one_sibling_before_any_tile_write[used2-257-0]" time="2.337" /><testcase classname="tests.test_beam_collector_hash_partition" name="test_hash_partition_uses_shard_salt_not_owner_and_preserves_metadata" time="6.131" /><testcase classname="tests.test_beam_collector_integration" name="test_hash_collector_fills_siblings_then_rejects_whole_input" time="21.710" /><testcase classname="tests.test_beam_collector_partition" name="test_partition_keeps_stable_shard_groups_and_excludes_padding[201-4-False]" time="6.081" /><testcase classname="tests.test_beam_collector_partition" name="test_partition_keeps_stable_shard_groups_and_excludes_padding[0-3-False]" time="6.445" /><testcase classname="tests.test_beam_collector_partition" name="test_partition_keeps_stable_shard_groups_and_excludes_padding[256-3-True]" time="7.087" /><testcase classname="tests.test_beam_collector_probe" name="test_collector_shard_adapter_returns_buffers_and_aligned_control" time="0.023" /><testcase classname="tests.test_beam_collector_probe" name="test_group_adapter_preserves_multitile_capacity" time="0.098" /><testcase classname="tests.test_beam_collector_recovery_bundle" name="test_recovery_gate_does_not_promote_failed_full_collector[False-1-1]" time="0.017" /><testcase classname="tests.test_beam_collector_recovery_bundle" name="test_recovery_gate_does_not_promote_failed_full_collector[False-0-1]" time="0.011" /><testcase classname="tests.test_beam_collector_recovery_bundle" name="test_recovery_gate_does_not_promote_failed_full_collector[True-0-2]" time="0.017" /><testcase classname="tests.test_beam_collector_recovery_bundle" name="test_recovery_keeps_partial_failure_without_starting_integrated[None--6]" time="0.026" /><testcase classname="tests.test_beam_collector_recovery_bundle" name="test_recovery_keeps_partial_failure_without_starting_integrated[{-1]" time="0.020" /><testcase classname="tests.test_beam_collector_recovery_bundle" name="test_recovery_keeps_partial_failure_without_starting_integrated[{&quot;exact&quot;:true}--6]" time="0.013" /><testcase classname="tests.test_beam_collector_scatter" name="test_partition_scatter_is_whole_batch_and_handles_unaligned_ranges[success]" time="0.848" /><testcase classname="tests.test_beam_collector_scatter" name="test_partition_scatter_is_whole_batch_and_handles_unaligned_ranges[overflow]" time="0.802" /><testcase classname="tests.test_beam_collector_scatter" name="test_partition_scatter_is_whole_batch_and_handles_unaligned_ranges[empty]" time="0.807" /><testcase classname="tests.test_beam_compare_exchange_probe" name="test_compare_exchange_probe_covers_real_first_comparator_boundaries" time="0.001" /><testcase classname="tests.test_beam_compare_exchange_probe" name="test_compare_exchange_probe_interpreter_matches_numpy[partner_gather]" time="0.074" /><testcase classname="tests.test_beam_compare_exchange_probe" name="test_compare_exchange_probe_interpreter_matches_numpy[swap_predicate]" time="0.148" /><testcase classname="tests.test_beam_compare_exchange_probe" name="test_compare_exchange_probe_interpreter_matches_numpy[select_broadcast]" time="0.160" /><testcase classname="tests.test_beam_compare_exchange_probe" name="test_compare_exchange_probe_interpreter_matches_numpy[select_full]" time="0.255" /><testcase classname="tests.test_beam_compare_exchange_probe" name="test_compare_exchange_probe_interpreter_matches_numpy[select_rowwise]" time="0.353" /><testcase classname="tests.test_beam_compare_exchange_probe" name="test_compare_exchange_probe_interpreter_matches_numpy[select_arithmetic]" time="0.151" /><testcase classname="tests.test_beam_compare_exchange_probe" name="test_compare_exchange_probe_interpreter_matches_numpy[swap_boolean_logic]" time="0.127" /><testcase classname="tests.test_beam_compare_exchange_probe" name="test_compare_exchange_probe_interpreter_matches_numpy[select_boolean_logic]" time="0.134" /><testcase classname="tests.test_beam_dedup" name="test_dedup_preserves_128bit_identity_and_stage_tiebreak[stream3]" time="2.675" /><testcase classname="tests.test_beam_dedup" name="test_dedup_preserves_128bit_identity_and_stage_tiebreak[stream4]" time="2.856" /><testcase classname="tests.test_beam_dedup" name="test_uintmax_threshold_does_not_admit_padding[0]" time="3.124" /><testcase classname="tests.test_beam_dedup" name="test_uintmax_threshold_does_not_admit_padding[1]" time="3.116" /><testcase classname="tests.test_beam_dedup" name="test_uintmax_threshold_does_not_admit_padding[128]" time="3.162" /><testcase classname="tests.test_beam_dedup" name="test_stream4_tie_break_uses_route_after_full_parent" time="2.856" /><testcase classname="tests.test_beam_dedup_stage_probe" name="test_dedup_stage_probe_has_monotonic_real_pipeline_boundaries" time="0.002" /><testcase classname="tests.test_beam_dedup_stage_probe" name="test_dedup_stage_probe_interpreter_matches_independent_numpy[initial]" time="0.125" /><testcase classname="tests.test_beam_dedup_stage_probe" name="test_dedup_stage_probe_interpreter_matches_independent_numpy[first_sort]" time="2.133" /><testcase classname="tests.test_beam_dedup_stage_probe" name="test_dedup_stage_probe_interpreter_matches_independent_numpy[uniqueness]" time="1.902" /><testcase classname="tests.test_beam_dedup_stage_probe" name="test_dedup_stage_probe_interpreter_matches_independent_numpy[second_sort]" time="2.676" /><testcase classname="tests.test_beam_dedup_stage_probe" name="test_dedup_stage_probe_interpreter_matches_independent_numpy[final_select]" time="3.273" /><testcase classname="tests.test_beam_dma_ring" name="test_nonzero_transfer_requires_published_destination_readiness" time="0.001" /><testcase classname="tests.test_beam_dma_ring" name="test_source_and_destination_reuse_have_separate_gates" time="0.001" /><testcase classname="tests.test_beam_dma_ring" name="test_zero_count_epoch_participates_without_dma_or_semaphore_wait" time="0.001" /><testcase classname="tests.test_beam_dma_ring" name="test_multiple_wraps_require_ack_before_slot_reuse" time="0.001" /><testcase classname="tests.test_beam_exchange_collector" name="test_exchange_collector_connects_snapshot_abi_to_resident_shapes" time="1.084" /><testcase classname="tests.test_beam_external_dedup" name="test_unique_marker_compares_predecessor_across_tiles_and_keeps_hash_zero" time="0.219" /><testcase classname="tests.test_beam_external_dedup" name="test_unique_marker_all_duplicate_and_empty" time="0.364" /><testcase classname="tests.test_beam_external_dedup" name="test_external_stream3_threshold_winner_compaction_and_neutral_tail" time="12.829" /><testcase classname="tests.test_beam_external_dedup" name="test_external_dedup_matches_original_stream3_cpp_at_256" time="0.000"><skipped type="pytest.skip" message="original C++ oracle not configured">C:\Users\Иван Литвак\Documents\ChatGPT\TPUBeamSearch\tests\test_beam_external_dedup.py:75: original C++ oracle not configured</skipped></testcase><testcase classname="tests.test_beam_external_dedup_probe" name="test_output_blocks_obey_tpu_trailing_dimension_contract" time="0.502" /><testcase classname="tests.test_beam_external_dedup_probe" name="test_shard_adapter_accepts_local_rank_three_controls" time="0.001" /><testcase classname="tests.test_beam_external_s4" name="test_external_s4_uses_parent_high_low_route_not_payload_and_keeps_all_unique" time="13.778" /><testcase classname="tests.test_beam_external_s4" name="test_external_s4_matches_original_cpp_with_poisoned_tail[0-4294967295]" time="0.001"><skipped type="pytest.skip" message="source CPU oracle not configured">C:\Users\Иван Литвак\Documents\ChatGPT\TPUBeamSearch\tests\test_beam_external_s4.py:30: source CPU oracle not configured</skipped></testcase><testcase classname="tests.test_beam_external_s4" name="test_external_s4_matches_original_cpp_with_poisoned_tail[251-5]" time="0.000"><skipped type="pytest.skip" message="source CPU oracle not configured">C:\Users\Иван Литвак\Documents\ChatGPT\TPUBeamSearch\tests\test_beam_external_s4.py:30: source CPU oracle not configured</skipped></testcase><testcase classname="tests.test_beam_external_sort" name="test_external_compare_exchange_pass_matches_global_bitonic_network[2-1]" time="0.210" /><testcase classname="tests.test_beam_external_sort" name="test_external_compare_exchange_pass_matches_global_bitonic_network[256-128]" time="0.160" /><testcase classname="tests.test_beam_external_sort" name="test_external_compare_exchange_pass_matches_global_bitonic_network[256-64]" time="0.187" /><testcase classname="tests.test_beam_external_sort" name="test_external_compare_exchange_pass_rejects_unaligned_or_invalid_network" time="0.043" /><testcase classname="tests.test_beam_external_sort" name="test_external_bitonic_sort_orders_256_columns_with_valid_records_first" time="6.399" /><testcase classname="tests.test_beam_external_sort_launcher" name="test_external_sort_launcher_is_private_eight_tpu_and_pins_source" time="0.002" /><testcase classname="tests.test_beam_external_split" name="test_external_split_preserves_records_order_counts_and_neutral_tail[256-0-mixed]" time="11.911" /><testcase classname="tests.test_beam_external_split" name="test_external_split_preserves_records_order_counts_and_neutral_tail[256-256-mixed]" time="11.847" /><testcase classname="tests.test_beam_external_split" name="test_external_split_preserves_records_order_counts_and_neutral_tail[256-129-local]" time="11.502" /><testcase classname="tests.test_beam_external_split" name="test_external_split_preserves_records_order_counts_and_neutral_tail[256-255-remote]" time="11.801" /><testcase classname="tests.test_beam_external_split" name="test_external_split_preserves_records_order_counts_and_neutral_tail[512-511-mixed]" time="15.000" /><testcase classname="tests.test_beam_external_split_probe" name="test_local_adapter_preserves_aligned_control_shape" time="0.590" /><testcase classname="tests.test_beam_external_stream3" name="test_composed_external_stream3_matches_original_cpp_winners_and_routing" time="0.000"><skipped type="pytest.skip" message="original C++ oracle not configured">C:\Users\Иван Литвак\Documents\ChatGPT\TPUBeamSearch\tests\test_beam_external_stream3.py:9: original C++ oracle not configured</skipped></testcase><testcase classname="tests.test_beam_final_balance" name="test_balance_matches_cpp_global_index_formula[0]" time="0.383" /><testcase classname="tests.test_beam_final_balance" name="test_balance_matches_cpp_global_index_formula[3]" time="0.349" /><testcase classname="tests.test_beam_final_balance" name="test_balance_matches_cpp_global_index_formula[131]" time="0.387" /><testcase classname="tests.test_beam_final_balance" name="test_balance_matches_cpp_global_index_formula[4294967333]" time="0.491" /><testcase classname="tests.test_beam_final_cap" name="test_exact_cap_and_invalid_threshold_gate[0-0-0]" time="0.180" /><testcase classname="tests.test_beam_final_cap" name="test_exact_cap_and_invalid_threshold_gate[3-9-7]" time="0.179" /><testcase classname="tests.test_beam_final_cap" name="test_exact_cap_and_invalid_threshold_gate[3-9-100]" time="0.178" /><testcase classname="tests.test_beam_final_cap" name="test_exact_cap_and_invalid_threshold_gate[9-3-7]" time="0.187" /><testcase classname="tests.test_beam_final_cap" name="test_exact_cap_and_invalid_threshold_gate[4294967295-9-4294967296]" time="0.189" /><testcase classname="tests.test_beam_final_compact" name="test_final_compaction_keeps_phase_order_metadata_and_indices" time="6.047" /><testcase classname="tests.test_beam_final_compact" name="test_three_shards_padding_and_empty_compaction" time="17.199" /><testcase classname="tests.test_beam_final_error_summary" name="test_final_error_summary_counts_and_selects_first_across_tiles[indices0]" time="0.167" /><testcase classname="tests.test_beam_final_error_summary" name="test_final_error_summary_counts_and_selects_first_across_tiles[indices1]" time="0.198" /><testcase classname="tests.test_beam_final_error_summary" name="test_final_error_summary_counts_and_selects_first_across_tiles[indices2]" time="0.197" /><testcase classname="tests.test_beam_final_indices" name="test_indices_carry_cap_sentinel_and_error_gate" time="0.593" /><testcase classname="tests.test_beam_final_materialize" name="test_materialize_valid_and_reject_entire_invalid_batch" time="5.145" /><testcase classname="tests.test_beam_final_packed_plan" name="test_packed_plan_does_not_reactivate_zero_padding" time="0.628" /><testcase classname="tests.test_beam_final_phase" name="test_phase_masks_exclude_dirty_padding_and_preserve_high_score_keys" time="0.549" /><testcase classname="tests.test_beam_final_plan" name="test_final_plan_separates_source_owner_return_and_preserves_parent64" time="0.428" /><testcase classname="tests.test_beam_final_prefix" name="test_rank_prefixes_preserve_carry_and_ignore_padding" time="0.694" /><testcase classname="tests.test_beam_final_request" name="test_final_request_preserves_parent_and_separates_source_from_return_rank" time="0.214" /><testcase classname="tests.test_beam_final_response" name="test_response_round_trip_preserves_logical_state_and_clears_padding[120-128]" time="0.245" /><testcase classname="tests.test_beam_final_response" name="test_response_round_trip_preserves_logical_state_and_clears_padding[150-256]" time="0.241" /><testcase classname="tests.test_beam_final_scan" name="test_phase_ordinals_cross_tiles_shards_and_empty_gaps" time="1.430" /><testcase classname="tests.test_beam_final_scatter" name="test_scatter_response_reorders_and_rejects_out_of_capacity_batch" time="2.133" /><testcase classname="tests.test_beam_final_selection_chain" name="test_eight_logical_rank_selection_matches_phase_rank_shard_order" time="7.724" /><testcase classname="tests.test_beam_final_validation" name="test_final_validation_uses_full_parent_width_and_masks_padding" time="0.256" /><testcase classname="tests.test_beam_gather_lowering" name="test_gathers_meet_mosaic_supported_shape_and_mode[hash_goal_120_24]" time="0.069" /><testcase classname="tests.test_beam_gather_lowering" name="test_gathers_meet_mosaic_supported_shape_and_mode[hash_goal_150_30]" time="0.040" /><testcase classname="tests.test_beam_gather_lowering" name="test_gathers_meet_mosaic_supported_shape_and_mode[dedup_stream3_128]" time="0.483" /><testcase classname="tests.test_beam_gather_lowering" name="test_no_scalar_uint8_load_or_scatter_after_v2[hash_goal_120_24]" time="0.037" /><testcase classname="tests.test_beam_gather_lowering" name="test_no_scalar_uint8_load_or_scatter_after_v2[dedup_stream4_128]" time="0.333" /><testcase classname="tests.test_beam_gather_lowering" name="test_dedup_count_reduction_uses_supported_signed_arithmetic" time="0.331" /><testcase classname="tests.test_beam_gather_lowering" name="test_dedup_previous_index_avoids_unsigned_maximum" time="0.486" /><testcase classname="tests.test_beam_gather_lowering" name="test_control_outputs_never_store_scalars_to_vmem[dedup_stream3_128]" time="0.309" /><testcase classname="tests.test_beam_gather_lowering" name="test_control_outputs_never_store_scalars_to_vmem[split_0]" time="0.243" /><testcase classname="tests.test_beam_gather_lowering" name="test_control_outputs_never_store_scalars_to_vmem[split_127]" time="0.234" /><testcase classname="tests.test_beam_gather_lowering" name="test_control_plane_construction_has_no_boolean_select[dedup_stream3_128]" time="0.475" /><testcase classname="tests.test_beam_gather_lowering" name="test_control_plane_construction_has_no_boolean_select[split_0]" time="0.235" /><testcase classname="tests.test_beam_gather_lowering" name="test_control_plane_construction_has_no_boolean_select[split_127]" time="0.241" /><testcase classname="tests.test_beam_gather_lowering" name="test_bitonic_swap_predicate_avoids_mosaic_invalid_boolean_select[dedup_stream3_128]" time="0.276" /><testcase classname="tests.test_beam_gather_lowering" name="test_bitonic_swap_predicate_avoids_mosaic_invalid_boolean_select[split_0]" time="0.382" /><testcase classname="tests.test_beam_gather_lowering" name="test_bitonic_swap_predicate_avoids_mosaic_invalid_boolean_select[split_127]" time="0.223" /><testcase classname="tests.test_beam_hash" name="test_word_arithmetic_matches_unsigned64_modulo[8-7]" time="0.449" /><testcase classname="tests.test_beam_hash" name="test_word_arithmetic_matches_unsigned64_modulo[3-4294967295]" time="0.641" /><testcase classname="tests.test_beam_hash" name="test_word_arithmetic_matches_unsigned64_modulo[256-1024]" time="0.447" /><testcase classname="tests.test_beam_hash" name="test_word_arithmetic_matches_unsigned64_modulo[1-1]" time="0.343" /><testcase classname="tests.test_beam_histogram_commit" name="test_histogram_dma_commit_preserves_active_buffer_and_releases_after_copy[0]" time="0.336" /><testcase classname="tests.test_beam_histogram_commit" name="test_histogram_dma_commit_preserves_active_buffer_and_releases_after_copy[1]" time="0.197" /><testcase classname="tests.test_beam_histogram_pair_sum" name="test_global_histogram_sum_preserves_high_words_and_cross_rank_carries" time="0.261" /><testcase classname="tests.test_beam_histogram_snapshot" name="test_committed_histogram_snapshot_selects_active_and_preserves_uint64_carry" time="0.298" /><testcase classname="tests.test_beam_isolated_bundle" name="test_native_abort_preserves_partial_report_and_runs_next_group" time="0.021" /><testcase classname="tests.test_beam_isolated_bundle" name="test_exit_zero_without_results_is_not_success" time="0.008" /><testcase classname="tests.test_beam_isolated_bundle" name="test_exact_gate_requires_every_requested_case" time="0.015" /><testcase classname="tests.test_beam_k1_keys" name="test_pallas_k1_fingerprint_and_buckets_match_original_cpp[1]" time="0.001"><skipped type="pytest.skip" message="source oracle not configured">C:\Users\Иван Литвак\Documents\ChatGPT\TPUBeamSearch\tests\test_beam_k1_keys.py:9: source oracle not configured</skipped></testcase><testcase classname="tests.test_beam_k1_keys" name="test_pallas_k1_fingerprint_and_buckets_match_original_cpp[32]" time="0.000"><skipped type="pytest.skip" message="source oracle not configured">C:\Users\Иван Литвак\Documents\ChatGPT\TPUBeamSearch\tests\test_beam_k1_keys.py:9: source oracle not configured</skipped></testcase><testcase classname="tests.test_beam_k1_keys" name="test_pallas_k1_fingerprint_and_buckets_match_original_cpp[1024]" time="0.000"><skipped type="pytest.skip" message="source oracle not configured">C:\Users\Иван Литвак\Documents\ChatGPT\TPUBeamSearch\tests\test_beam_k1_keys.py:9: source oracle not configured</skipped></testcase><testcase classname="tests.test_beam_k1_lookup" name="test_k1_lookup_checks_full_hash_not_only_fingerprint_and_masks_padding" time="1.639" /><testcase classname="tests.test_beam_k1_lookup" name="test_k1_lookup_uses_exactly_four_slots_even_when_dma_contains_padding[0]" time="1.216" /><testcase classname="tests.test_beam_k1_lookup" name="test_k1_lookup_uses_exactly_four_slots_even_when_dma_contains_padding[1]" time="1.448" /><testcase classname="tests.test_beam_k1_lookup" name="test_k1_lookup_uses_exactly_four_slots_even_when_dma_contains_padding[2]" time="1.798" /><testcase classname="tests.test_beam_k1_lookup" name="test_k1_lookup_uses_exactly_four_slots_even_when_dma_contains_padding[3]" time="2.206" /><testcase classname="tests.test_beam_k1_lookup" name="test_k1_lookup_uses_exactly_four_slots_even_when_dma_contains_padding[4]" time="1.785" /><testcase classname="tests.test_beam_k1_lookup" name="test_k1_lookup_uses_exactly_four_slots_even_when_dma_contains_padding[127]" time="1.401" /><testcase classname="tests.test_beam_k1_neighborhood" name="test_inverse_neighborhood_retains_first_bfs_suffix_and_replays_to_goal" time="0.002" /><testcase classname="tests.test_beam_k1_neighborhood" name="test_neighborhood_disabled_and_hash_collision_follow_source_behavior" time="0.001" /><testcase classname="tests.test_beam_k1_neighborhood" name="test_generated_neighborhood_is_queryable_by_pallas_lookup" time="1.326" /><testcase classname="tests.test_beam_k1_table" name="test_fixed_k1_table_packs_four_slots_in_input_order_and_rejects_overflow" time="0.001" /><testcase classname="tests.test_beam_k1_table" name="test_fixed_k1_table_placement_matches_first_free_order_with_pallas_keys" time="0.566" /><testcase classname="tests.test_beam_k1_table" name="test_fixed_arena_rejects_bucket_collision_even_with_unused_global_slots" time="0.812" /><testcase classname="tests.test_beam_k1_table" name="test_prepared_table_round_trips_through_hbm_lookup_and_empty_table_misses" time="2.421" /><testcase classname="tests.test_beam_pallas_collector" name="test_pallas_append_preserves_sibling_and_existing_records[used0-busy0-127-0]" time="0.587" /><testcase classname="tests.test_beam_pallas_collector" name="test_pallas_append_preserves_sibling_and_existing_records[used1-busy1-128-1]" time="0.714" /><testcase classname="tests.test_beam_pallas_collector" name="test_pallas_append_preserves_sibling_and_existing_records[used2-busy2-127-1]" time="0.827" /><testcase classname="tests.test_beam_pallas_collector" name="test_pallas_append_preserves_sibling_and_existing_records[used3-busy3-128-None]" time="0.605" /><testcase classname="tests.test_beam_pallas_collector" name="test_pallas_append_preserves_sibling_and_existing_records[used4-busy4-0-None]" time="0.594" /><testcase classname="tests.test_beam_pallas_collector" name="test_repeated_arrivals_fill_siblings_then_sticky_fatal_blocks_writes" time="3.652" /><testcase classname="tests.test_beam_previous_index_probe" name="test_previous_index_probe_has_one_control_and_two_equivalent_candidates" time="0.002" /><testcase classname="tests.test_beam_previous_index_probe" name="test_previous_index_probe_interpreter_matches_numpy[maximum_control]" time="3.108" /><testcase classname="tests.test_beam_previous_index_probe" name="test_previous_index_probe_interpreter_matches_numpy[where_candidate]" time="2.979" /><testcase classname="tests.test_beam_previous_index_probe" name="test_previous_index_probe_interpreter_matches_numpy[arithmetic_candidate]" time="2.813" /><testcase classname="tests.test_beam_rdma_ring_probe" name="test_call_compiled_splats_multi_input_placement" time="0.001" /><testcase classname="tests.test_beam_rdma_ring_probe" name="test_right_permute_report_detects_exact_ring_and_one_wrong_word" time="0.001" /><testcase classname="tests.test_beam_rdma_ring_probe" name="test_right_permute_report_rejects_structure_mismatch" time="0.001" /><testcase classname="tests.test_beam_rdma_ring_probe" name="test_epoch_ring_oracle_rotates_active_epochs_and_zeros_inactive_epochs" time="0.001" /><testcase classname="tests.test_beam_rdma_ring_probe" name="test_variable_exchange_oracle_routes_each_offset_and_preserves_zero_count" time="0.001" /><testcase classname="tests.test_beam_rdma_ring_probe" name="test_integrated_stream3_oracle_checks_local_remote_routes_and_neutral_tails" time="0.001" /><testcase classname="tests.test_beam_receive_batch" name="test_receive_batch_compacts_counts_and_restores_source_rank_order[False]" time="12.698" /><testcase classname="tests.test_beam_receive_batch" name="test_receive_batch_compacts_counts_and_restores_source_rank_order[True]" time="11.671" /><testcase classname="tests.test_beam_receive_collector" name="test_remote_epoch_snapshots_are_one_admission_not_separate_appends[64]" time="24.397" /><testcase classname="tests.test_beam_receive_collector" name="test_remote_epoch_snapshots_are_one_admission_not_separate_appends[70]" time="24.851" /><testcase classname="tests.test_beam_remote_exchange" name="test_production_exchange_preserves_snapshot_and_count_abi[False]" time="0.016" /><testcase classname="tests.test_beam_remote_exchange" name="test_production_exchange_preserves_snapshot_and_count_abi[True]" time="0.011" /><testcase classname="tests.test_beam_s4_commit" name="test_s4_commit_writes_records_and_inactive_hist_before_releasing_control" time="0.302" /><testcase classname="tests.test_beam_s4_histogram" name="test_histogram_masks_count_and_out_of_domain_scores_without_clamping" time="10.047" /><testcase classname="tests.test_beam_s4_histogram" name="test_histogram_empty_and_one_run_spanning_every_tile[0-0]" time="8.580" /><testcase classname="tests.test_beam_s4_histogram" name="test_histogram_empty_and_one_run_spanning_every_tile[256-256]" time="7.924" /><testcase classname="tests.test_beam_s4_job" name="test_reserved_s4_job_dedups_clean_dirty_and_publishes_matching_histogram" time="34.187" /><testcase classname="tests.test_beam_s4_probe" name="test_s4_gate_fixture_matches_reserved_job_with_empty_and_nonempty_ranks[0]" time="13.532" /><testcase classname="tests.test_beam_s4_probe" name="test_s4_gate_fixture_matches_reserved_job_with_empty_and_nonempty_ranks[1]" time="14.640" /><testcase classname="tests.test_beam_s4_probe" name="test_s4_gate_fixture_matches_reserved_job_with_empty_and_nonempty_ranks[2]" time="13.634" /><testcase classname="tests.test_beam_s4_probe" name="test_s4_gate_fixture_matches_reserved_job_with_empty_and_nonempty_ranks[3]" time="13.056" /><testcase classname="tests.test_beam_s4_ready" name="test_ready_claim_preserves_source_priority_and_sibling_exclusion[clean0-dirty0-busy0-0-0-1]" time="0.218" /><testcase classname="tests.test_beam_s4_ready" name="test_ready_claim_preserves_source_priority_and_sibling_exclusion[clean1-dirty1-busy1-0-1-0]" time="0.220" /><testcase classname="tests.test_beam_s4_ready" name="test_ready_claim_preserves_source_priority_and_sibling_exclusion[clean2-dirty2-busy2-0-0-1]" time="0.211" /><testcase classname="tests.test_beam_s4_ready" name="test_ready_claim_preserves_source_priority_and_sibling_exclusion[clean3-dirty3-busy3-0-None-0]" time="0.207" /><testcase classname="tests.test_beam_s4_ready" name="test_ready_claim_preserves_source_priority_and_sibling_exclusion[clean4-dirty4-busy4-0-None-0]" time="0.207" /><testcase classname="tests.test_beam_s4_ready" name="test_ready_claim_preserves_source_priority_and_sibling_exclusion[clean5-dirty5-busy5-0-1-0]" time="0.216" /><testcase classname="tests.test_beam_s4_ready" name="test_ready_claim_preserves_source_priority_and_sibling_exclusion[clean6-dirty6-busy6-0-0-0]" time="0.243" /><testcase classname="tests.test_beam_s4_ready" name="test_ready_claim_preserves_source_priority_and_sibling_exclusion[clean7-dirty7-busy7-1-1-1]" time="0.206" /><testcase classname="tests.test_beam_s4_ready" name="test_ready_claim_preserves_source_priority_and_sibling_exclusion[clean8-dirty8-busy8-1-0-1]" time="0.216" /><testcase classname="tests.test_beam_s4_ready" name="test_ready_claim_preserves_source_priority_and_sibling_exclusion[clean9-dirty9-busy9-1-None-1]" time="0.205" /><testcase classname="tests.test_beam_s4_ready" name="test_ready_claim_preserves_source_priority_and_sibling_exclusion[clean10-dirty10-busy10-0-0-1]" time="0.382" /><testcase classname="tests.test_beam_s4_ready" name="test_force_drain_respects_dirty_vs_clean_and_never_claims_empty[0-1-True-False-1]" time="0.239" /><testcase classname="tests.test_beam_s4_ready" name="test_force_drain_respects_dirty_vs_clean_and_never_claims_empty[1-0-False-True-1]" time="0.239" /><testcase classname="tests.test_beam_s4_ready" name="test_force_drain_respects_dirty_vs_clean_and_never_claims_empty[0-1-False-True-0]" time="0.225" /><testcase classname="tests.test_beam_s4_ready" name="test_force_drain_respects_dirty_vs_clean_and_never_claims_empty[1-0-True-False-0]" time="0.314" /><testcase classname="tests.test_beam_s4_ready" name="test_force_drain_respects_dirty_vs_clean_and_never_claims_empty[0-0-True-True-0]" time="0.242" /><testcase classname="tests.test_beam_s4_ready" name="test_ready_threshold_reserves_ceiling_average_plus_quarter[256-3-128-202]" time="0.001" /><testcase classname="tests.test_beam_s4_ready" name="test_ready_threshold_reserves_ceiling_average_plus_quarter[256-8-512-176]" time="0.001" /><testcase classname="tests.test_beam_s4_ready" name="test_ready_threshold_reserves_ceiling_average_plus_quarter[256-1-512-0]" time="0.001" /><testcase classname="tests.test_beam_s4_ready" name="test_ready_threshold_reserves_ceiling_average_plus_quarter[256-256-1-254]" time="0.001" /><testcase classname="tests.test_beam_s4_ready" name="test_ready_threshold_reserves_ceiling_average_plus_quarter[4294967295-1-4294967295-0]" time="0.001" /><testcase classname="tests.test_beam_s4_s5_bundle" name="test_bundle_preserves_failed_process_and_runs_remaining_independent_groups[None]" time="0.016" /><testcase classname="tests.test_beam_s4_s5_bundle" name="test_bundle_preserves_failed_process_and_runs_remaining_independent_groups[s4]" time="0.012" /><testcase classname="tests.test_beam_s4_s5_bundle" name="test_bundle_preserves_failed_process_and_runs_remaining_independent_groups[request]" time="0.011" /><testcase classname="tests.test_beam_s4_s5_bundle" name="test_recovery_isolates_four_s5_groups_without_repeating_s4" time="0.037" /><testcase classname="tests.test_beam_s4_s5_bundle" name="test_transport_isolation_runs_own_and_wire_even_after_failure" time="0.021" /><testcase classname="tests.test_beam_s4_s5_bundle" name="test_layout_control_does_not_repeat_accepted_or_unchanged_groups" time="0.009" /><testcase classname="tests.test_beam_s4_s5_bundle" name="test_initialized_control_runs_only_new_case" time="0.009" /><testcase classname="tests.test_beam_s5_epoch" name="test_serialized_epoch_no_request_then_forced_publication" time="4.260" /><testcase classname="tests.test_beam_s5_epoch" name="test_epoch_reads_selected_histogram_version_and_never_relaxes_threshold" time="4.574" /><testcase classname="tests.test_beam_s5_epoch" name="test_eight_rank_epoch_traces_one_conditional_and_expected_outputs" time="0.147" /><testcase classname="tests.test_beam_s5_epoch_probe" name="test_epoch_probe_covers_every_requester_and_carries_expected_state" time="0.003" /><testcase classname="tests.test_beam_s5_epoch_state" name="test_request_uses_completed_jobs_or_force[0-0-0]" time="0.083" /><testcase classname="tests.test_beam_s5_epoch_state" name="test_request_uses_completed_jobs_or_force[2-0-0]" time="0.072" /><testcase classname="tests.test_beam_s5_epoch_state" name="test_request_uses_completed_jobs_or_force[3-0-1]" time="0.071" /><testcase classname="tests.test_beam_s5_epoch_state" name="test_request_uses_completed_jobs_or_force[0-1-1]" time="0.071" /><testcase classname="tests.test_beam_s5_epoch_state" name="test_epoch_only_resets_after_publication[0]" time="0.089" /><testcase classname="tests.test_beam_s5_epoch_state" name="test_epoch_only_resets_after_publication[1]" time="0.086" /><testcase classname="tests.test_beam_s5_histogram_exchange" name="test_single_rank_histogram_exchange_retains_both_planes_and_tiles" time="0.276" /><testcase classname="tests.test_beam_s5_histogram_exchange" name="test_eight_rank_histogram_exchange_traces_full_pair_width" time="0.024" /><testcase classname="tests.test_beam_s5_histogram_exchange" name="test_raw_wire_diagnostic_preserves_single_rank_payload" time="0.119" /><testcase classname="tests.test_beam_s5_histogram_exchange" name="test_own_only_diagnostic_has_no_remote_axis_requirement" time="0.113" /><testcase classname="tests.test_beam_s5_histogram_exchange" name="test_full_shape_local_replication_initializes_every_pair_without_remote" time="0.148" /><testcase classname="tests.test_beam_s5_histogram_exchange" name="test_initialized_wire_traces_remote_full_output" time="0.017" /><testcase classname="tests.test_beam_s5_recovery_fixture" name="test_wire_and_reduction_recovery_are_matched_nonzero_first" time="0.018" /><testcase classname="tests.test_beam_s5_recovery_fixture" name="test_own_copy_cases_expect_identity_and_save_failure_arrays" time="0.015" /><testcase classname="tests.test_beam_s5_recovery_fixture" name="test_local_replicate_fixture_preserves_full_wire_shape" time="0.006" /><testcase classname="tests.test_beam_s5_request" name="test_single_rank_request_retains_only_request_lane[0]" time="0.079" /><testcase classname="tests.test_beam_s5_request" name="test_single_rank_request_retains_only_request_lane[1]" time="0.106" /><testcase classname="tests.test_beam_s5_request" name="test_eight_rank_request_traces_with_preserved_control_abi" time="0.017" /><testcase classname="tests.test_beam_s5_request_lowering" name="test_request_max_has_no_unsupported_unsigned_reduction" time="0.016" /><testcase classname="tests.test_beam_s5_request_probe" name="test_request_probe_covers_every_requester_and_reset_epochs" time="0.003" /><testcase classname="tests.test_beam_s5_request_probe" name="test_histogram_probe_has_exact_uint64_global_reference_and_zero_reset" time="0.002" /><testcase classname="tests.test_beam_selector_probe" name="test_selector_probe_covers_shared_survivor_forms" time="0.001" /><testcase classname="tests.test_beam_selector_probe" name="test_selector_probe_interpreter_is_exact[where_broadcast_bool]" time="0.069" /><testcase classname="tests.test_beam_selector_probe" name="test_selector_probe_interpreter_is_exact[where_full_bool]" time="0.070" /><testcase classname="tests.test_beam_selector_probe" name="test_selector_probe_interpreter_is_exact[arithmetic_broadcast_bool]" time="0.072" /><testcase classname="tests.test_beam_selector_probe" name="test_selector_probe_interpreter_is_exact[arithmetic_full_bool]" time="0.071" /><testcase classname="tests.test_beam_selector_probe" name="test_selector_probe_interpreter_is_exact[arithmetic_u32_mask]" time="0.071" /><testcase classname="tests.test_beam_solved_collect" name="test_bounded_solved_collection_counts_attempts_and_preserves_existing[0-False]" time="0.508" /><testcase classname="tests.test_beam_solved_collect" name="test_bounded_solved_collection_counts_attempts_and_preserves_existing[126-True]" time="0.484" /><testcase classname="tests.test_beam_solved_collect" name="test_bounded_solved_collection_counts_attempts_and_preserves_existing[130-True]" time="0.495" /><testcase classname="tests.test_beam_solved_collect" name="test_empty_and_previously_found_do_not_republish_stop" time="0.965" /><testcase classname="tests.test_beam_solved_records" name="test_solved_records_preserve_parent_carry_route_depth_suffix[False]" time="0.330" /><testcase classname="tests.test_beam_solved_records" name="test_solved_records_preserve_parent_carry_route_depth_suffix[True]" time="0.282" /><testcase classname="tests.test_beam_source_parity" name="test_original_cpp_hash_goal_matches_pallas" time="0.000"><skipped type="pytest.skip" message="original C++ oracle not configured">C:\Users\Иван Литвак\Documents\ChatGPT\TPUBeamSearch\tests\test_beam_source_parity.py:20: original C++ oracle not configured</skipped></testcase><testcase classname="tests.test_beam_source_parity" name="test_original_cpp_stream4_matches_pallas" time="0.000"><skipped type="pytest.skip" message="original C++ oracle not configured">C:\Users\Иван Литвак\Documents\ChatGPT\TPUBeamSearch\tests\test_beam_source_parity.py:49: original C++ oracle not configured</skipped></testcase><testcase classname="tests.test_beam_source_parity" name="test_original_cpp_stream3_payload_ties_and_routing[8-3-3-127]" time="0.000"><skipped type="pytest.skip" message="original C++ oracle not configured">C:\Users\Иван Литвак\Documents\ChatGPT\TPUBeamSearch\tests\test_beam_source_parity.py:68: original C++ oracle not configured</skipped></testcase><testcase classname="tests.test_beam_source_parity" name="test_original_cpp_stream3_payload_ties_and_routing[1-0-4294967295-127]" time="0.001"><skipped type="pytest.skip" message="original C++ oracle not configured">C:\Users\Иван Литвак\Documents\ChatGPT\TPUBeamSearch\tests\test_beam_source_parity.py:68: original C++ oracle not configured</skipped></testcase><testcase classname="tests.test_beam_source_parity" name="test_original_cpp_stream3_payload_ties_and_routing[8-3-0-0]" time="0.000"><skipped type="pytest.skip" message="original C++ oracle not configured">C:\Users\Иван Литвак\Documents\ChatGPT\TPUBeamSearch\tests\test_beam_source_parity.py:68: original C++ oracle not configured</skipped></testcase><testcase classname="tests.test_beam_source_route_oracle" name="test_original_cpp_hash_routing_accepts_arbitrary_metadata_hashes" time="0.000"><skipped type="pytest.skip" message="route oracle not configured">C:\Users\Иван Литвак\Documents\ChatGPT\TPUBeamSearch\tests\test_beam_source_route_oracle.py:8: route oracle not configured</skipped></testcase><testcase classname="tests.test_beam_stream2" name="test_candidate_identity_hash_and_exact_goal_with_tail[0]" time="0.319" /><testcase classname="tests.test_beam_stream2" name="test_candidate_identity_hash_and_exact_goal_with_tail[1]" time="0.296" /><testcase classname="tests.test_beam_stream2" name="test_candidate_identity_hash_and_exact_goal_with_tail[3]" time="0.375" /><testcase classname="tests.test_beam_stream2" name="test_hash_collision_does_not_report_goal_and_padding_is_compared" time="0.464" /><testcase classname="tests.test_beam_stream2" name="test_stream2_rejects_mismatched_tables" time="0.085" /><testcase classname="tests.test_beam_stream2_k1" name="test_stream2_k1_retains_immediate_hashes_and_recognizes_neighborhood_hits[0]" time="1.462" /><testcase classname="tests.test_beam_stream2_k1" name="test_stream2_k1_retains_immediate_hashes_and_recognizes_neighborhood_hits[1]" time="1.565" /><testcase classname="tests.test_beam_stream2_k1" name="test_stream2_k1_retains_immediate_hashes_and_recognizes_neighborhood_hits[3]" time="1.441" /><testcase classname="tests.test_beam_stream2_k1" name="test_stream2_k1_retains_immediate_hashes_and_recognizes_neighborhood_hits[4]" time="1.490" /><testcase classname="tests.test_beam_stream2_k2" name="test_complete_diagnostic_k2_preserves_hashes_and_first_suffix[0-2]" time="13.652" /><testcase classname="tests.test_beam_stream2_k2" name="test_complete_diagnostic_k2_preserves_hashes_and_first_suffix[3-0]" time="2.666" /><testcase classname="tests.test_beam_stream2_k2" name="test_complete_diagnostic_k2_preserves_hashes_and_first_suffix[3-2]" time="14.570" /><testcase classname="tests.test_beam_stream3_collector" name="test_stream3_exchange_collector_preserves_all_resident_outputs" time="2.148" /><testcase classname="tests.test_beam_stream3_collector_probe" name="test_integrated_probe_adapter_preserves_rank_axis_on_all_results" time="2.052" /><testcase classname="tests.test_beam_stream3_split" name="test_stream3_split_compacts_local_and_groups_remote_stably[7-8-3]" time="4.244" /><testcase classname="tests.test_beam_stream3_split" name="test_stream3_split_compacts_local_and_groups_remote_stably[7-1-0]" time="4.172" /><testcase classname="tests.test_beam_stream3_split" name="test_stream3_split_compacts_local_and_groups_remote_stably[0-8-3]" time="4.366" /><testcase classname="tests.test_beam_stream3_split" name="test_stream3_split_rejects_invalid_static_topology[kwargs0]" time="0.014" /><testcase classname="tests.test_beam_stream3_split" name="test_stream3_split_rejects_invalid_static_topology[kwargs1]" time="0.002" /><testcase classname="tests.test_beam_stream3_split" name="test_stream3_split_rejects_invalid_static_topology[kwargs2]" time="0.001" /><testcase classname="tests.test_beam_stream3_split" name="test_stream3_wire_slots_follow_ring_offsets_and_keep_neutral_tails[0]" time="0.491" /><testcase classname="tests.test_beam_stream3_split" name="test_stream3_wire_slots_follow_ring_offsets_and_keep_neutral_tails[1]" time="0.486" /><testcase classname="tests.test_beam_stream3_split" name="test_stream3_wire_slots_follow_ring_offsets_and_keep_neutral_tails[2]" time="0.539" /><testcase classname="tests.test_beam_stream3_split" name="test_stream3_wire_slots_follow_ring_offsets_and_keep_neutral_tails[3]" time="0.497" /><testcase classname="tests.test_beam_stream3_split" name="test_stream3_wire_slots_follow_ring_offsets_and_keep_neutral_tails[4]" time="0.511" /><testcase classname="tests.test_beam_stream3_split" name="test_stream3_wire_slots_follow_ring_offsets_and_keep_neutral_tails[5]" time="0.487" /><testcase classname="tests.test_beam_stream3_split" name="test_stream3_wire_slots_follow_ring_offsets_and_keep_neutral_tails[6]" time="0.539" /><testcase classname="tests.test_beam_stream3_split" name="test_stream3_wire_slots_follow_ring_offsets_and_keep_neutral_tails[7]" time="0.493" /><testcase classname="tests.test_beam_suffix_hit" name="test_first_suffix_hit_preserves_immediate_hash_and_earliest_solution" time="0.365" /><testcase classname="tests.test_beam_suffix_projection" name="test_pallas_suffix_projection_preserves_noncommuting_move_order_and_padding" time="0.194" /><testcase classname="tests.test_beam_suffix_projection" name="test_suffix_projection_crosses_suffix_tiles_at_radius_three" time="0.232" /><testcase classname="tests.test_beam_suffix_table" name="test_suffix_table_preserves_bfs_chain_ids_and_low_first_move_encoding" time="0.001" /><testcase classname="tests.test_beam_suffix_table" name="test_suffix_table_actual_move_counts_and_padding[24-14425]" time="0.008" /><testcase classname="tests.test_beam_suffix_table" name="test_suffix_table_actual_move_counts_and_padding[30-27931]" time="0.014" /><testcase classname="tests.test_beam_suffix_table" name="test_suffix_table_rejects_unrepresentable_or_unbounded_geometry[kwargs0]" time="0.001" /><testcase classname="tests.test_beam_suffix_table" name="test_suffix_table_rejects_unrepresentable_or_unbounded_geometry[kwargs1]" time="0.001" /><testcase classname="tests.test_beam_suffix_table" name="test_suffix_table_rejects_unrepresentable_or_unbounded_geometry[kwargs2]" time="0.001" /><testcase classname="tests.test_beam_suffix_table" name="test_suffix_table_rejects_unrepresentable_or_unbounded_geometry[kwargs3]" time="0.001" /><testcase classname="tests.test_beam_suffix_table" name="test_suffix_table_rejects_unrepresentable_or_unbounded_geometry[kwargs4]" time="0.001" /><testcase classname="tests.test_beam_threshold" name="test_periodic_threshold_carry_and_no_relaxation[1-1-4294967295-0-130-1]" time="0.708" /><testcase classname="tests.test_beam_threshold" name="test_periodic_threshold_carry_and_no_relaxation[1-1-7-1-7-1]" time="0.717" /><testcase classname="tests.test_beam_threshold" name="test_periodic_threshold_carry_and_no_relaxation[3-1-4294967295-0-4294967295-0]" time="0.812" /><testcase classname="tests.test_beam_threshold" name="test_periodic_threshold_carry_and_no_relaxation[3-1-7-1-7-1]" time="0.834" /><testcase classname="tests.test_beam_threshold_publish" name="test_periodic_publication_preserves_active_slot_and_never_relaxes[4294967295-0-17-1-17-1-0]" time="0.186" /><testcase classname="tests.test_beam_threshold_publish" name="test_periodic_publication_preserves_active_slot_and_never_relaxes[4294967295-0-17-1-17-1-1]" time="0.180" /><testcase classname="tests.test_beam_threshold_publish" name="test_periodic_publication_preserves_active_slot_and_never_relaxes[12-1-17-1-12-1-0]" time="0.174" /><testcase classname="tests.test_beam_threshold_publish" name="test_periodic_publication_preserves_active_slot_and_never_relaxes[12-1-17-1-12-1-1]" time="0.181" /><testcase classname="tests.test_beam_threshold_publish" name="test_periodic_publication_preserves_active_slot_and_never_relaxes[12-1-7-1-7-1-0]" time="0.175" /><testcase classname="tests.test_beam_threshold_publish" name="test_periodic_publication_preserves_active_slot_and_never_relaxes[12-1-7-1-7-1-1]" time="0.178" /><testcase classname="tests.test_beam_threshold_publish" name="test_periodic_publication_preserves_active_slot_and_never_relaxes[12-1-4294967295-0-12-1-0]" time="0.192" /><testcase classname="tests.test_beam_threshold_publish" name="test_periodic_publication_preserves_active_slot_and_never_relaxes[12-1-4294967295-0-12-1-1]" time="0.178" /><testcase classname="tests.test_beam_threshold_publish" name="test_periodic_publication_preserves_active_slot_and_never_relaxes[4294967295-0-4294967295-0-4294967295-0-0]" time="0.181" /><testcase classname="tests.test_beam_threshold_publish" name="test_periodic_publication_preserves_active_slot_and_never_relaxes[4294967295-0-4294967295-0-4294967295-0-1]" time="0.175" /><testcase classname="tests.test_beam_timing" name="test_timing_alternates_order_and_excludes_warmups_from_samples" time="0.001" /><testcase classname="tests.test_beam_transport" name="test_pallas_pack_preserves_all_bits_across_pipeline_wrap[False-2]" time="0.365" /><testcase classname="tests.test_beam_transport" name="test_pallas_pack_preserves_all_bits_across_pipeline_wrap[False-3]" time="0.259" /><testcase classname="tests.test_beam_transport" name="test_pallas_pack_preserves_all_bits_across_pipeline_wrap[True-2]" time="0.463" /><testcase classname="tests.test_beam_transport" name="test_pallas_pack_preserves_all_bits_across_pipeline_wrap[True-3]" time="0.509" /><testcase classname="tests.test_beam_transport" name="test_pack_rejects_invalid_geometry_and_dtype" time="0.159" /><testcase classname="tests.test_beam_types" name="test_logical_state_and_candidate_storage_are_independent[120-24-128]" time="0.001" /><testcase classname="tests.test_beam_types" name="test_logical_state_and_candidate_storage_are_independent[150-30-160]" time="0.001" /><testcase classname="tests.test_beam_types" name="test_lossless_words_and_neutral_invalid_tail" time="0.001" /><testcase classname="tests.test_beam_types" name="test_invalid_storage_rejected[args0]" time="0.001" /><testcase classname="tests.test_beam_types" name="test_invalid_storage_rejected[args1]" time="0.001" /><testcase classname="tests.test_beam_types" name="test_invalid_storage_rejected[args2]" time="0.001" /><testcase classname="tests.test_beam_types" name="test_invalid_word_value_is_not_silently_wrapped[0--1]" time="0.001" /><testcase classname="tests.test_beam_types" name="test_invalid_word_value_is_not_silently_wrapped[0-340282366920938463463374607431768211456]" time="0.001" /><testcase classname="tests.test_beam_types" name="test_invalid_word_value_is_not_silently_wrapped[1-18446744073709551616]" time="0.001" /><testcase classname="tests.test_beam_types" name="test_invalid_word_value_is_not_silently_wrapped[2-4294967296]" time="0.001" /><testcase classname="tests.test_beam_types" name="test_invalid_word_value_is_not_silently_wrapped[3--1]" time="0.001" /><testcase classname="tests.test_beam_types" name="test_invalid_word_value_is_not_silently_wrapped[1-1.5]" time="0.001" /><testcase classname="tests.test_beam_types" name="test_count_capacity_and_field_lengths_are_checked" time="0.001" /><testcase classname="tests.test_build_stream3_collector_fixtures" name="test_reference_admission_uses_full_group_and_preserves_failed_buffers[128]" time="0.000"><skipped type="pytest.skip" message="route oracle not configured">C:\Users\Иван Литвак\Documents\ChatGPT\TPUBeamSearch\tests\test_build_stream3_collector_fixtures.py:7: route oracle not configured</skipped></testcase><testcase classname="tests.test_build_stream3_collector_fixtures" name="test_reference_admission_uses_full_group_and_preserves_failed_buffers[140]" time="0.000"><skipped type="pytest.skip" message="route oracle not configured">C:\Users\Иван Литвак\Documents\ChatGPT\TPUBeamSearch\tests\test_build_stream3_collector_fixtures.py:7: route oracle not configured</skipped></testcase><testcase classname="tests.test_compiled_hlo_mxu" name="test_extracts_only_convolution_schedule_lines_and_preserves_order" time="0.001" /><testcase classname="tests.test_diagnostic_timing" name="test_paired_runs_forward_reverse_rounds_without_retracing" time="0.089" /><testcase classname="tests.test_diagnostic_timing" name="test_queued_keeps_same_arguments_and_reports_per_call_not_scan_latency" time="0.041" /><testcase classname="tests.test_diagnostic_timing" name="test_queued_synchronizes_every_retained_output_leaf" time="0.039" /><testcase classname="tests.test_diagnostic_timing" name="test_invalid_counts_fail_before_executing[0-paired-warmups]" time="0.038" /><testcase classname="tests.test_diagnostic_timing" name="test_invalid_counts_fail_before_executing[0-paired-repeats]" time="0.040" /><testcase classname="tests.test_diagnostic_timing" name="test_invalid_counts_fail_before_executing[0-queued-warmups]" time="0.036" /><testcase classname="tests.test_diagnostic_timing" name="test_invalid_counts_fail_before_executing[0-queued-repeats]" time="0.039" /><testcase classname="tests.test_diagnostic_timing" name="test_invalid_counts_fail_before_executing[0-queued-queue_depth]" time="0.038" /><testcase classname="tests.test_diagnostic_timing" name="test_invalid_counts_fail_before_executing[0-profile-iterations]" time="0.037" /><testcase classname="tests.test_diagnostic_timing" name="test_invalid_counts_fail_before_executing[-1-paired-warmups]" time="0.036" /><testcase classname="tests.test_diagnostic_timing" name="test_invalid_counts_fail_before_executing[-1-paired-repeats]" time="0.039" /><testcase classname="tests.test_diagnostic_timing" name="test_invalid_counts_fail_before_executing[-1-queued-warmups]" time="0.038" /><testcase classname="tests.test_diagnostic_timing" name="test_invalid_counts_fail_before_executing[-1-queued-repeats]" time="0.040" /><testcase classname="tests.test_diagnostic_timing" name="test_invalid_counts_fail_before_executing[-1-queued-queue_depth]" time="0.037" /><testcase classname="tests.test_diagnostic_timing" name="test_invalid_counts_fail_before_executing[-1-profile-iterations]" time="0.041" /><testcase classname="tests.test_diagnostic_timing" name="test_invalid_counts_fail_before_executing[1.5-paired-warmups]" time="0.035" /><testcase classname="tests.test_diagnostic_timing" name="test_invalid_counts_fail_before_executing[1.5-paired-repeats]" time="0.038" /><testcase classname="tests.test_diagnostic_timing" name="test_invalid_counts_fail_before_executing[1.5-queued-warmups]" time="0.044" /><testcase classname="tests.test_diagnostic_timing" name="test_invalid_counts_fail_before_executing[1.5-queued-repeats]" time="0.038" /><testcase classname="tests.test_diagnostic_timing" name="test_invalid_counts_fail_before_executing[1.5-queued-queue_depth]" time="0.038" /><testcase classname="tests.test_diagnostic_timing" name="test_invalid_counts_fail_before_executing[1.5-profile-iterations]" time="0.038" /><testcase classname="tests.test_diagnostic_timing" name="test_invalid_counts_fail_before_executing[True-paired-warmups]" time="0.040" /><testcase classname="tests.test_diagnostic_timing" name="test_invalid_counts_fail_before_executing[True-paired-repeats]" time="0.037" /><testcase classname="tests.test_diagnostic_timing" name="test_invalid_counts_fail_before_executing[True-queued-warmups]" time="0.039" /><testcase classname="tests.test_diagnostic_timing" name="test_invalid_counts_fail_before_executing[True-queued-repeats]" time="0.040" /><testcase classname="tests.test_diagnostic_timing" name="test_invalid_counts_fail_before_executing[True-queued-queue_depth]" time="0.040" /><testcase classname="tests.test_diagnostic_timing" name="test_invalid_counts_fail_before_executing[True-profile-iterations]" time="0.036" /><testcase classname="tests.test_diagnostic_timing" name="test_lazy_jit_cannot_silently_compile_inside_measurement[paired]" time="0.030" /><testcase classname="tests.test_diagnostic_timing" name="test_lazy_jit_cannot_silently_compile_inside_measurement[queued]" time="0.004" /><testcase classname="tests.test_diagnostic_timing" name="test_lazy_jit_cannot_silently_compile_inside_measurement[profile]" time="0.004" /><testcase classname="tests.test_diagnostic_timing" name="test_empty_paired_cases_are_rejected" time="0.001" /><testcase classname="tests.test_diagnostic_timing" name="test_paired_requires_tuple_arguments" time="0.035" /><testcase classname="tests.test_diagnostic_timing" name="test_executable_argument_errors_are_not_dropped" time="0.059" /><testcase classname="tests.test_diagnostic_timing" name="test_profile_runs_existing_executable_inside_diagnostic_scope" time="0.039" /><testcase classname="tests.test_diagnostic_timing" name="test_profile_failure_is_left_to_caller" time="0.028" /><testcase classname="tests.test_embedding_experimental" name="test_position_major_lookup_and_runtime_table[jax_flat]" time="0.093" /><testcase classname="tests.test_embedding_experimental" name="test_position_major_lookup_and_runtime_table[jax_tiled]" time="0.058" /><testcase classname="tests.test_embedding_experimental" name="test_position_major_lookup_and_runtime_table[pallas_banked]" time="0.180" /><testcase classname="tests.test_embedding_experimental" name="test_prepacked_banks_preserve_bf16_conversion_order_and_hand_layout[bfloat16]" time="0.724" /><testcase classname="tests.test_embedding_experimental" name="test_prepacked_banks_preserve_bf16_conversion_order_and_hand_layout[float32]" time="0.254" /><testcase classname="tests.test_embedding_experimental" name="test_prepacked_lookup_is_exact_and_does_not_receive_runtime_embedding[bfloat16]" time="0.356" /><testcase classname="tests.test_embedding_experimental" name="test_prepacked_lookup_is_exact_and_does_not_receive_runtime_embedding[float32]" time="0.253" /><testcase classname="tests.test_embedding_experimental" name="test_runtime_and_prepacked_banked_paths_are_exactly_equivalent" time="0.763" /><testcase classname="tests.test_embedding_experimental" name="test_banked_lut_index_map_stays_int32_when_x64_is_enabled" time="0.002" /><testcase classname="tests.test_embedding_experimental" name="test_invalid_prepacked_contract_is_rejected[dtype]" time="0.120" /><testcase classname="tests.test_embedding_experimental" name="test_invalid_prepacked_contract_is_rejected[shape]" time="0.042" /><testcase classname="tests.test_embedding_experimental" name="test_invalid_prepacked_contract_is_rejected[phases]" time="0.042" /><testcase classname="tests.test_embedding_experimental" name="test_invalid_prepacked_contract_is_rejected[embed_dim]" time="0.005" /><testcase classname="tests.test_embedding_experimental" name="test_invalid_prepacked_contract_is_rejected[bank_type]" time="0.004" /><testcase classname="tests.test_embedding_experimental" name="test_checkpoint_shape_class149_state_bank_and_tail[jax_flat]" time="0.714" /><testcase classname="tests.test_embedding_experimental" name="test_checkpoint_shape_class149_state_bank_and_tail[jax_tiled]" time="0.279" /><testcase classname="tests.test_embedding_experimental" name="test_checkpoint_shape_class149_state_bank_and_tail[pallas_banked]" time="0.602" /><testcase classname="tests.test_embedding_experimental" name="test_invalid_static_contract_is_rejected[signed]" time="0.046" /><testcase classname="tests.test_embedding_experimental" name="test_invalid_static_contract_is_rejected[empty]" time="0.020" /><testcase classname="tests.test_embedding_experimental" name="test_invalid_static_contract_is_rejected[unknown]" time="0.002" /><testcase classname="tests.test_embedding_experimental" name="test_invalid_static_contract_is_rejected[zero_tile]" time="0.002" /><testcase classname="tests.test_embedding_experimental" name="test_invalid_static_contract_is_rejected[rank]" time="0.030" /><testcase classname="tests.test_embedding_experimental" name="test_invalid_static_contract_is_rejected[integer_table]" time="0.120" /><testcase classname="tests.test_embedding_experimental" name="test_kernel_gathers_use_supported_mosaic_contract_not_general_take" time="0.077" /><testcase classname="tests.test_exact_inference_frontier" name="test_frontier_matrix_keeps_the_accepted_winner_and_bounds_the_sweep" time="0.002" /><testcase classname="tests.test_exact_inference_frontier" name="test_head_promotion_requires_both_corpora_exact_and_ranks_by_speed" time="0.002" /><testcase classname="tests.test_exact_inference_frontier" name="test_frontier_improvement_must_beat_the_accepted_exact_path_everywhere" time="0.001" /><testcase classname="tests.test_exact_inference_frontier" name="test_materialization_is_exact_while_pallas_head_remains_an_experimental_arm" time="0.415" /><testcase classname="tests.test_exact_inference_frontier" name="test_tiny_frontier_bundle_preserves_the_accepted_exact_fallback" time="2.566" /><testcase classname="tests.test_exact_inference_frontier" name="test_cli_paths_are_explicit_and_do_not_depend_on_the_working_directory" time="0.009" /><testcase classname="tests.test_exact_inference_frontier" name="test_profile_plan_includes_both_accepted_and_new_selected_split_stages" time="0.001" /><testcase classname="tests.test_exact_inference_frontier_launcher" name="test_exact_frontier_launcher_contract" time="0.004" /><testcase classname="tests.test_execution_boundary_analysis" name="test_gate_requires_each_corpus_at_the_same_batch_and_excludes_controls" time="0.001" /><testcase classname="tests.test_execution_boundary_analysis" name="test_gate_rejects_one_bad_corpus_even_with_eligible_flag[inexact]" time="0.001" /><testcase classname="tests.test_execution_boundary_analysis" name="test_gate_rejects_one_bad_corpus_even_with_eligible_flag[nonfinite]" time="0.001" /><testcase classname="tests.test_execution_boundary_analysis" name="test_gate_rejects_one_bad_corpus_even_with_eligible_flag[unpaired]" time="0.001" /><testcase classname="tests.test_execution_boundary_analysis" name="test_gate_rejects_one_bad_corpus_even_with_eligible_flag[failed]" time="0.002" /><testcase classname="tests.test_execution_boundary_analysis" name="test_duplicate_corpus_is_not_two_corpus_confirmation" time="0.001" /><testcase classname="tests.test_execution_boundary_analysis" name="test_paired_summary_uses_matched_samples_not_ratio_of_averages" time="0.001" /><testcase classname="tests.test_execution_boundary_analysis" name="test_invalid_timing_samples_cannot_generate_speedup[reference0-candidate0]" time="0.001" /><testcase classname="tests.test_execution_boundary_analysis" name="test_invalid_timing_samples_cannot_generate_speedup[reference1-candidate1]" time="0.001" /><testcase classname="tests.test_execution_boundary_analysis" name="test_invalid_timing_samples_cannot_generate_speedup[reference2-candidate2]" time="0.001" /><testcase classname="tests.test_execution_boundary_analysis" name="test_invalid_timing_samples_cannot_generate_speedup[reference3-candidate3]" time="0.001" /><testcase classname="tests.test_execution_boundary_analysis" name="test_inconsistent_profile_is_reported_not_silently_rescaled" time="0.002" /><testcase classname="tests.test_execution_boundary_analysis" name="test_loop_container_and_its_children_are_not_counted_twice" time="0.001" /><testcase classname="tests.test_execution_b
[...]
ernorm_quality" name="test_load_puzzle_rejects_invalid_group_data[&lt;lambda&gt;6]" time="0.004" /><testcase classname="tests.test_layernorm_quality" name="test_load_puzzle_rejects_invalid_group_data[&lt;lambda&gt;7]" time="0.008" /><testcase classname="tests.test_layernorm_quality" name="test_load_puzzle_rejects_invalid_group_data[&lt;lambda&gt;8]" time="0.004" /><testcase classname="tests.test_layernorm_quality" name="test_load_puzzle_requires_real_file_and_requested_shape" time="0.004" /><testcase classname="tests.test_layernorm_quality" name="test_legal_scrambles_replay_and_reverse_with_independent_moves" time="0.006" /><testcase classname="tests.test_layernorm_quality" name="test_legal_scrambles_are_deterministic_and_batch_prefix_stable" time="0.005" /><testcase classname="tests.test_layernorm_quality" name="test_legal_scrambles_keep_high_uint8_labels_and_zero_depth" time="0.004" /><testcase classname="tests.test_layernorm_quality" name="test_legal_scrambles_reject_invalid_sizes[kwargs0]" time="0.005" /><testcase classname="tests.test_layernorm_quality" name="test_legal_scrambles_reject_invalid_sizes[kwargs1]" time="0.005" /><testcase classname="tests.test_layernorm_quality" name="test_legal_scrambles_reject_invalid_sizes[kwargs2]" time="0.008" /><testcase classname="tests.test_layernorm_quality" name="test_legal_scrambles_reject_invalid_sizes[kwargs3]" time="0.007" /><testcase classname="tests.test_layernorm_quality" name="test_legal_scrambles_reject_invalid_sizes[kwargs4]" time="0.007" /><testcase classname="tests.test_layernorm_quality" name="test_legal_scrambles_reject_invalid_sizes[kwargs5]" time="0.008" /><testcase classname="tests.test_layernorm_quality" name="test_inverse_valid_mask_uses_incoming_moves_and_seed_sentinel" time="0.002" /><testcase classname="tests.test_layernorm_quality" name="test_inverse_valid_mask_rejects_invalid_indices[last0-inverse0]" time="0.001" /><testcase classname="tests.test_layernorm_quality" name="test_inverse_valid_mask_rejects_invalid_indices[last1-inverse1]" time="0.001" /><testcase classname="tests.test_layernorm_quality" name="test_inverse_valid_mask_rejects_invalid_indices[last2-inverse2]" time="0.001" /><testcase classname="tests.test_layernorm_quality" name="test_inverse_valid_mask_rejects_invalid_indices[last3-inverse3]" time="0.001" /><testcase classname="tests.test_layernorm_quality" name="test_inverse_valid_mask_rejects_invalid_indices[last4-inverse4]" time="0.001" /><testcase classname="tests.test_layernorm_quality" name="test_tensor_metrics_measure_pairwise_values_without_threshold" time="0.001" /><testcase classname="tests.test_layernorm_quality" name="test_tensor_metrics_define_zero_norm_cosine[ref0-candidate0-1.0]" time="0.001" /><testcase classname="tests.test_layernorm_quality" name="test_tensor_metrics_define_zero_norm_cosine[ref1-candidate1-0.0]" time="0.001" /><testcase classname="tests.test_layernorm_quality" name="test_tensor_metrics_reject_incompatible_empty_or_complex_tensors[ref0-candidate0]" time="0.001" /><testcase classname="tests.test_layernorm_quality" name="test_tensor_metrics_reject_incompatible_empty_or_complex_tensors[ref1-candidate1]" time="0.001" /><testcase classname="tests.test_layernorm_quality" name="test_tensor_metrics_reject_incompatible_empty_or_complex_tensors[ref2-candidate2]" time="0.001" /><testcase classname="tests.test_layernorm_quality" name="test_minimizing_global_topk_catches_rowwise_agreement_blindspot" time="0.001" /><testcase classname="tests.test_layernorm_quality" name="test_minimizing_metrics_respect_mask_and_report_all_masked_rows" time="0.001" /><testcase classname="tests.test_layernorm_quality" name="test_minimizing_metrics_handle_single_legal_move_and_ties" time="0.001" /><testcase classname="tests.test_layernorm_quality" name="test_minimizing_metrics_distinguish_same_set_from_different_order" time="0.001" /><testcase classname="tests.test_layernorm_quality" name="test_nonfinite_scores_are_ineligible_and_json_safe_even_when_masked[False-nan]" time="0.001" /><testcase classname="tests.test_layernorm_quality" name="test_nonfinite_scores_are_ineligible_and_json_safe_even_when_masked[False-inf]" time="0.001" /><testcase classname="tests.test_layernorm_quality" name="test_nonfinite_scores_are_ineligible_and_json_safe_even_when_masked[False--inf]" time="0.001" /><testcase classname="tests.test_layernorm_quality" name="test_nonfinite_scores_are_ineligible_and_json_safe_even_when_masked[True-nan]" time="0.001" /><testcase classname="tests.test_layernorm_quality" name="test_nonfinite_scores_are_ineligible_and_json_safe_even_when_masked[True-inf]" time="0.001" /><testcase classname="tests.test_layernorm_quality" name="test_nonfinite_scores_are_ineligible_and_json_safe_even_when_masked[True--inf]" time="0.001" /><testcase classname="tests.test_layernorm_quality" name="test_minimizing_metrics_reject_invalid_k_and_masks[kwargs0]" time="0.001" /><testcase classname="tests.test_layernorm_quality" name="test_minimizing_metrics_reject_invalid_k_and_masks[kwargs1]" time="0.001" /><testcase classname="tests.test_layernorm_quality" name="test_minimizing_metrics_reject_invalid_k_and_masks[kwargs2]" time="0.001" /><testcase classname="tests.test_layernorm_quality" name="test_minimizing_metrics_reject_invalid_k_and_masks[kwargs3]" time="0.001" /><testcase classname="tests.test_layernorm_quality" name="test_minimizing_metrics_reject_invalid_k_and_masks[kwargs4]" time="0.001" /><testcase classname="tests.test_layernorm_quality" name="test_minimizing_metrics_reject_invalid_k_and_masks[kwargs5]" time="0.001" /><testcase classname="tests.test_layernorm_quality" name="test_minimizing_metrics_require_a_matrix" time="0.001" /><testcase classname="tests.test_sharding" name="test_sharded_inference_accepts_outputs_without_manual_vma_metadata" time="0.059" /><testcase classname="tests.test_stream1_architecture" name="test_existing_bn_constructor_remains_source_compatible" time="0.001" /><testcase classname="tests.test_stream1_architecture" name="test_artgor_architecture_is_derived_from_parameter_shapes" time="0.181" /><testcase classname="tests.test_stream1_architecture" name="test_artgor_architecture_rejects_inconsistent_shapes[&lt;lambda&gt;-embedding]" time="0.018" /><testcase classname="tests.test_stream1_architecture" name="test_artgor_architecture_rejects_inconsistent_shapes[&lt;lambda&gt;-input_stack]" time="0.004" /><testcase classname="tests.test_stream1_architecture" name="test_artgor_architecture_rejects_inconsistent_shapes[&lt;lambda&gt;-residual]" time="0.036" /><testcase classname="tests.test_stream1_architecture" name="test_artgor_architecture_rejects_inconsistent_shapes[&lt;lambda&gt;-head]" time="0.035" /><testcase classname="tests.test_stream1_contract" name="test_config_derives_move_and_state_sizes_from_generators" time="0.007" /><testcase classname="tests.test_stream1_contract" name="test_apply_all_moves_uses_candidate_order_parent_then_move" time="0.100" /><testcase classname="tests.test_stream1_contract" name="test_folded_input_linear_matches_literal_one_hot_result" time="0.282" /><testcase classname="tests.test_stream1_contract" name="test_quantize_score_matches_cuda_clamp_and_round_to_nearest_even" time="0.149" /><testcase classname="tests.test_stream1_contract" name="test_tpu_padding_never_truncates_logical_shape" time="0.001" /><testcase classname="tests.test_stream1_contract" name="test_production_matrix_tiles_reject_unaligned_dimensions" time="0.001" /><testcase classname="tests.test_stream1_inference" name="test_reference_inference_runs_complete_residual_graph_and_ignores_storage_padding" time="0.599" /><testcase classname="tests.test_stream1_inference" name="test_inference_rejects_weights_that_do_not_match_the_static_architecture" time="0.003" /><testcase classname="tests.test_stream1_inference" name="test_pallas_inference_matches_reference_for_complete_graph_in_interpret_mode" time="0.684" /><testcase classname="tests.test_stream1_inference" name="test_jitted_inference_keeps_weights_dynamic_and_architecture_static" time="0.118" /><testcase classname="tests.test_stream1_inference" name="test_jitted_pallas_inference_executes_the_complete_graph" time="0.361" /><testcase classname="tests.test_stream1_inference" name="test_pallas_inference_residual_fusion_modes_preserve_complete_graph[per_block]" time="0.629" /><testcase classname="tests.test_stream1_inference" name="test_pallas_inference_residual_fusion_modes_preserve_complete_graph[pairs]" time="0.756" /><testcase classname="tests.test_stream1_inference" name="test_architecture_rejects_storage_shorter_than_logical_state" time="0.001" /><testcase classname="tests.test_stream1_inference" name="test_checkpoint_import_folds_every_batch_norm_and_transposes_linear_weights" time="0.003" /><testcase classname="tests.test_stream1_inference" name="test_architecture_is_derived_from_checkpoint_shapes_not_model_name" time="0.001" /><testcase classname="tests.test_stream1_layernorm_block_diagnostic" name="test_block_diagnostic_is_incremental_and_uses_same_input" time="0.001" /><testcase classname="tests.test_stream1_layernorm_block_diagnostic" name="test_residual_block_ab_includes_real_one_kernel_candidate" time="0.001" /><testcase classname="tests.test_stream1_layernorm_comprehensive" name="test_screening_matrix_covers_tiling_statistics_and_kernel_boundaries" time="0.001" /><testcase classname="tests.test_stream1_layernorm_comprehensive" name="test_promotion_keeps_only_fastest_correct_candidates" time="0.001" /><testcase classname="tests.test_stream1_layernorm_depth_diagnostic" name="test_depth_diagnostic_covers_all_residual_depths" time="0.001" /><testcase classname="tests.test_stream1_layernorm_depth_diagnostic" name="test_depth_diagnostic_separates_boundary_and_statistics" time="0.001" /><testcase classname="tests.test_stream1_layernorm_depth_diagnostic" name="test_active_config_is_visible_to_incremental_checkpoints" time="0.001" /><testcase classname="tests.test_stream1_layernorm_exact" name="test_exact_prefix_and_head_recompose_reference_inference_on_cpu" time="0.168" /><testcase classname="tests.test_stream1_layernorm_exact" name="test_production_stages_match_the_benchmarked_winner_formulas" time="0.301" /><testcase classname="tests.test_stream1_layernorm_exact" name="test_exact_head_keeps_output_weights_dynamic" time="0.208" /><testcase classname="tests.test_stream1_layernorm_exact" name="test_sharded_exact_runner_preserves_a_real_dispatch_boundary" time="0.320" /><testcase classname="tests.test_stream1_layernorm_full_mlp" name="test_full_layernorm_mlp_compares_separate_and_selected_fusion" time="0.001" /><testcase classname="tests.test_stream1_layernorm_full_mlp" name="test_full_layernorm_benchmark_states_are_diverse_and_in_domain" time="0.383" /><testcase classname="tests.test_stream1_layernorm_fusion_ab" name="test_layernorm_fusion_ab_pairs_each_tile_plan" time="0.001" /><testcase classname="tests.test_stream1_layernorm_input_ab" name="test_input_ab_covers_each_encoding_with_aligned_unique_configs" time="0.001" /><testcase classname="tests.test_stream1_layernorm_input_ab" name="test_input_ab_records_compile_rejection_instead_of_aborting_sweep" time="0.001" /><testcase classname="tests.test_stream1_layernorm_pallas" name="test_pallas_layer_norm_matches_fp32_reference_with_alignment[8]" time="0.656" /><testcase classname="tests.test_stream1_layernorm_pallas" name="test_pallas_layer_norm_matches_fp32_reference_with_alignment[130]" time="0.314" /><testcase classname="tests.test_stream1_layernorm_pallas" name="test_pallas_layer_norm_constant_rows_are_finite_and_equal_bias" time="0.294" /><testcase classname="tests.test_stream1_layernorm_pallas" name="test_pallas_layer_norm_can_match_artgor_bf16_statistics" time="0.363" /><testcase classname="tests.test_stream1_layernorm_pallas" name="test_pallas_layer_norm_rejects_non_vector_affine_weights" time="0.001" /><testcase classname="tests.test_stream1_layernorm_pallas" name="test_pallas_input_candidates_match_fp32_prefix_reference[embedding_gather]" time="1.367" /><testcase classname="tests.test_stream1_layernorm_pallas" name="test_pallas_input_candidates_match_fp32_prefix_reference[virtual_one_hot_mxu]" time="0.574" /><testcase classname="tests.test_stream1_layernorm_pallas" name="test_pallas_input_candidates_match_fp32_prefix_reference[fused_virtual_one_hot]" time="0.405" /><testcase classname="tests.test_stream1_layernorm_pallas" name="test_complete_pallas_layernorm_resmlp_matches_reference" time="0.828" /><testcase classname="tests.test_stream1_layernorm_pallas" name="test_complete_fused_layernorm_resmlp_matches_separate_kernels" time="1.469" /><testcase classname="tests.test_stream1_layernorm_pallas" name="test_complete_bf16_statistics_fusion_matches_separate_kernels" time="1.446" /><testcase classname="tests.test_stream1_layernorm_pallas" name="test_one_kernel_residual_block_matches_two_fused_layers" time="1.201" /><testcase classname="tests.test_stream1_layernorm_pallas" name="test_complete_per_block_fusion_matches_per_layer_fusion" time="1.294" /><testcase classname="tests.test_stream1_layernorm_pallas" name="test_fused_dense_layer_norm_matches_fp32_reference[False-True]" time="0.411" /><testcase classname="tests.test_stream1_layernorm_pallas" name="test_fused_dense_layer_norm_matches_fp32_reference[True-True]" time="0.324" /><testcase classname="tests.test_stream1_layernorm_pallas" name="test_fused_dense_layer_norm_matches_fp32_reference[False-False]" time="0.235" /><testcase classname="tests.test_stream1_layernorm_pallas_exact" name="test_config_rejects_nonpositive_tiles" time="0.001" /><testcase classname="tests.test_stream1_layernorm_pallas_exact" name="test_skip_arithmetic_override_does_not_change_non_skip_layers" time="1.249" /><testcase classname="tests.test_stream1_layernorm_pallas_exact" name="test_call_count_respects_separate_skip_mode" time="0.004" /><testcase classname="tests.test_stream1_layernorm_pallas_exact" name="test_preactivation_ln_uses_raw_mean_but_bf16_centering[fp32-0.5]" time="0.210" /><testcase classname="tests.test_stream1_layernorm_pallas_exact" name="test_preactivation_ln_uses_raw_mean_but_bf16_centering[bf16-1.0]" time="0.159" /><testcase classname="tests.test_stream1_layernorm_pallas_exact" name="test_late_skip_keeps_half_bf16_ulp_until_after_residual_add[hlo_mixed_late_skip]" time="0.387" /><testcase classname="tests.test_stream1_layernorm_pallas_exact" name="test_late_skip_keeps_half_bf16_ulp_until_after_residual_add[monolithic_fp32_variance_late_skip]" time="0.150" /><testcase classname="tests.test_stream1_layernorm_pallas_exact" name="test_production_defaults_use_tpu_legal_bias_vector_tiles" time="0.001" /><testcase classname="tests.test_stream1_layernorm_pallas_exact" name="test_layernorm_block_indices_remain_int32_when_x64_is_enabled" time="0.002" /><testcase classname="tests.test_stream1_layernorm_pallas_exact" name="test_prepared_weights_quantize_embedding_once_into_runtime_banks" time="0.006" /><testcase classname="tests.test_stream1_layernorm_pallas_exact" name="test_layer_norm_activation_executes_normalization_skip_and_relu_in_pallas" time="0.416" /><testcase classname="tests.test_stream1_layernorm_pallas_exact" name="test_split_mean_layernorm_matches_hlo_mixed_interpret[False]" time="0.435" /><testcase classname="tests.test_stream1_layernorm_pallas_exact" name="test_split_mean_layernorm_matches_hlo_mixed_interpret[True]" time="0.430" /><testcase classname="tests.test_stream1_layernorm_pallas_exact" name="test_split_mean_custom_call_contract_adds_one_dispatch_per_layernorm" time="0.004" /><testcase classname="tests.test_stream1_layernorm_pallas_exact" name="test_fully_materialized_layernorm_matches_hlo_mixed_interpret[False]" time="0.649" /><testcase classname="tests.test_stream1_layernorm_pallas_exact" name="test_fully_materialized_layernorm_matches_hlo_mixed_interpret[True]" time="0.636" /><testcase classname="tests.test_stream1_layernorm_pallas_exact" name="test_fully_materialized_contract_uses_five_calls_per_layernorm" time="0.004" /><testcase classname="tests.test_stream1_layernorm_pallas_exact" name="test_monolithic_fp32_variance_matches_attribution_winner_in_interpret" time="0.323" /><testcase classname="tests.test_stream1_layernorm_pallas_exact" name="test_monolithic_fp32_variance_keeps_one_call_per_semantic_stage" time="0.008" /><testcase classname="tests.test_stream1_layernorm_pallas_exact" name="test_aligned_monolithic_math_has_no_predicate_or_select_in_jaxpr" time="0.018" /><testcase classname="tests.test_stream1_layernorm_pallas_exact" name="test_no_skip_monolithic_mode_reuses_the_tpu_proven_exact_probe" time="0.003" /><testcase classname="tests.test_stream1_layernorm_pallas_exact" name="test_fully_materialized_checkpoints_expose_the_executed_boundaries" time="1.497" /><testcase classname="tests.test_stream1_layernorm_pallas_exact" name="test_stage_trace_has_one_pallas_boundary_per_model_operator" time="1.322" /><testcase classname="tests.test_stream1_layernorm_pallas_exact" name="test_isolated_input_and_residual_blocks_match_the_stage_trace" time="2.022" /><testcase classname="tests.test_stream1_layernorm_pallas_exact" name="test_sharded_runner_returns_the_last_diagnostic_stage" time="1.462" /><testcase classname="tests.test_stream1_layernorm_reference" name="test_layernorm_reference_encodings_match_artgor_oracle[embedding_gather]" time="0.118" /><testcase classname="tests.test_stream1_layernorm_reference" name="test_layernorm_reference_encodings_match_artgor_oracle[virtual_one_hot_mxu]" time="0.009" /><testcase classname="tests.test_stream1_layernorm_reference" name="test_layernorm_reference_encodings_match_artgor_oracle[fused_virtual_one_hot]" time="0.010" /><testcase classname="tests.test_stream1_layernorm_reference" name="test_layernorm_reference_validates_weight_shapes" time="0.033" /><testcase classname="tests.test_stream1_layernorm_reference" name="test_universal_jitted_reference_dispatches_layernorm_statically" time="0.352" /><testcase classname="tests.test_stream1_layernorm_scaling" name="test_scaling_state_tile_is_valid_and_diverse" time="0.003" /><testcase classname="tests.test_stream1_layernorm_tiling" name="test_layernorm_tiling_candidates_are_unique_and_aligned" time="0.001" /><testcase classname="tests.test_stream1_pallas" name="test_pallas_apply_moves_preserves_parent_move_candidate_order_in_interpret_mode" time="0.134" /><testcase classname="tests.test_stream1_pallas" name="test_pallas_folded_input_builds_one_hot_tiles_inside_kernel" time="0.225" /><testcase classname="tests.test_stream1_pallas" name="test_pallas_embedding_sum_reads_only_selected_weight_rows" time="0.379" /><testcase classname="tests.test_stream1_pallas" name="test_pallas_dense_linear_fuses_bias_and_relu_with_bf16_output" time="0.167" /><testcase classname="tests.test_stream1_pallas" name="test_pallas_fused_folded_hidden_keeps_relu_hidden_between_matmuls" time="0.003" /><testcase classname="tests.test_stream1_pallas" name="test_pallas_fused_folded_hidden_accepts_pipeline_controls_in_interpret_mode" time="0.424" /><testcase classname="tests.test_stream1_pallas" name="test_pallas_fused_mlp_returns_only_logical_move_logits" time="0.004" /><testcase classname="tests.test_stream1_pallas" name="test_pallas_fused_residual_block_keeps_skip_until_second_matmul_finishes" time="0.528" /><testcase classname="tests.test_stream1_pallas" name="test_pallas_fused_two_residual_blocks_keeps_inter_block_value_in_vmem" time="0.453" /><testcase classname="tests.test_stream1_prefix_optimization" name="test_prefix_optimization_candidates_include_baseline_and_pipeline_controls" time="0.001" /><testcase classname="tests.test_stream1_prefix_optimization" name="test_prefix_benchmark_jit_keeps_weights_as_runtime_argument" time="0.001" /><testcase classname="tests.test_stream3_collector_fixture_replay" name="test_source_fixture_replays_all_ranks_through_simulated_exchange" time="363.326" /></testsuite></testsuites>