<?xml version="1.0" encoding="utf-8"?><testsuites name="pytest tests"><testsuite name="pytest" errors="0" failures="0" skipped="0" tests="14" time="20.978" timestamp="2026-09-06T06:07:17.127702+03:00" hostname="DESKTOP-KNUV1IO"><testcase classname="tests.test_beam_final_exchange_probe" name="test_fixture_routes_source_to_destination_and_global_error" time="0.118" /><testcase classname="tests.test_beam_final_exchange" name="test_single_rank_exchange_and_collective_error_gate" time="1.085" /><testcase classname="tests.test_beam_final_exchange" name="test_eight_rank_final_exchange_traces_typed_hbm_outputs" time="0.088" /><testcase classname="tests.test_beam_final_chunk" name="test_chunk_preserves_unaligned_ranges_and_zero_tail[0]" time="0.391" /><testcase classname="tests.test_beam_final_chunk" name="test_chunk_preserves_unaligned_ranges_and_zero_tail[1]" time="0.363" /><testcase classname="tests.test_beam_final_chunk" name="test_chunk_preserves_unaligned_ranges_and_zero_tail[2]" time="0.377" /><testcase classname="tests.test_beam_final_chunk" name="test_chunk_preserves_unaligned_ranges_and_zero_tail[4294967295]" time="0.376" /><testcase classname="tests.test_beam_final_chunk" name="test_bad_interval_blocks_all_payload_reads[bounds]" time="0.385" /><testcase classname="tests.test_beam_final_chunk" name="test_bad_interval_blocks_all_payload_reads[rank]" time="0.383" /><testcase classname="tests.test_beam_final_chunk" name="test_group_intervals_and_chunks_preserve_every_valid_record" time="8.193" /><testcase classname="tests.test_beam_final_chunk" name="test_cross_tile_dma_with_interpreter_race_detection" time="0.350" /><testcase classname="tests.test_beam_final_intervals" name="test_sorted_intervals_cross_tiles_and_empty_ranks" time="0.382" /><testcase classname="tests.test_beam_final_intervals" name="test_empty_and_live_invalid_rank_are_distinguished" time="0.922" /><testcase classname="tests.test_beam_final_intervals" name="test_intervals_index_actual_grouped_payload_without_losing_identity" time="5.840" /></testsuite></testsuites>