<?xml version="1.0" encoding="utf-8"?><testsuites name="pytest tests"><testsuite name="pytest" errors="0" failures="0" skipped="0" tests="6" time="4.151" timestamp="2026-09-06T01:46:59.489398+03:00" hostname="DESKTOP-KNUV1IO"><testcase classname="tests.test_beam_s5_epoch_state" name="test_request_uses_completed_jobs_or_force[0-0-0]" time="0.864" /><testcase classname="tests.test_beam_s5_epoch_state" name="test_request_uses_completed_jobs_or_force[2-0-0]" time="0.080" /><testcase classname="tests.test_beam_s5_epoch_state" name="test_request_uses_completed_jobs_or_force[3-0-1]" time="0.085" /><testcase classname="tests.test_beam_s5_epoch_state" name="test_request_uses_completed_jobs_or_force[0-1-1]" time="0.076" /><testcase classname="tests.test_beam_s5_epoch_state" name="test_epoch_only_resets_after_publication[0]" time="0.103" /><testcase classname="tests.test_beam_s5_epoch_state" name="test_epoch_only_resets_after_publication[1]" time="0.087" /></testsuite></testsuites>