<?xml version="1.0" encoding="utf-8"?><testsuites name="pytest tests"><testsuite name="pytest" errors="0" failures="0" skipped="0" tests="29" time="29.815" timestamp="2026-09-16T17:35:17.128683+03:00" hostname="DESKTOP-KNUV1IO"><testcase classname="tests.test_beam_packing_control_probe" name="test_packing_probe_keeps_runtime_selection_and_error_observable[False-packing_control]" time="1.525" /><testcase classname="tests.test_beam_packing_control_probe" name="test_packing_probe_keeps_runtime_selection_and_error_observable[False-packing_selection]" time="0.377" /><testcase classname="tests.test_beam_packing_control_probe" name="test_packing_probe_keeps_runtime_selection_and_error_observable[True-packing_control]" time="0.312" /><testcase classname="tests.test_beam_packing_control_probe" name="test_packing_probe_keeps_runtime_selection_and_error_observable[True-packing_selection]" time="0.377" /><testcase classname="tests.test_beam_packing_control_probe" name="test_guard_probe_exposes_only_live_interval_geometry[False]" time="0.424" /><testcase classname="tests.test_beam_packing_control_probe" name="test_guard_probe_exposes_only_live_interval_geometry[True]" time="0.546" /><testcase classname="tests.test_beam_packing_control_probe" name="test_selection_probe_preserves_invalid_unsigned_values[2048-0-0]" time="0.491" /><testcase classname="tests.test_beam_packing_control_probe" name="test_selection_probe_preserves_invalid_unsigned_values[2048-1-1]" time="0.427" /><testcase classname="tests.test_beam_packing_control_probe" name="test_selection_probe_preserves_invalid_unsigned_values[0-2049-1]" time="0.503" /><testcase classname="tests.test_beam_packing_control_probe" name="test_selection_probe_preserves_invalid_unsigned_values[4294967295-1-1]" time="0.596" /><testcase classname="tests.test_beam_packing_control_probe" name="test_selection_probe_preserves_invalid_unsigned_values[0-4294967295-1]" time="0.488" /><testcase classname="tests.test_beam_packing_control_probe" name="test_transfer_prefix_observes_aligned_tiles_and_gather[False-first]" time="0.457" /><testcase classname="tests.test_beam_packing_control_probe" name="test_transfer_prefix_observes_aligned_tiles_and_gather[False-second]" time="0.346" /><testcase classname="tests.test_beam_packing_control_probe" name="test_transfer_prefix_observes_aligned_tiles_and_gather[False-row_copy]" time="1.221" /><testcase classname="tests.test_beam_packing_control_probe" name="test_transfer_prefix_observes_aligned_tiles_and_gather[False-positions]" time="1.089" /><testcase classname="tests.test_beam_packing_control_probe" name="test_transfer_prefix_observes_aligned_tiles_and_gather[False-clipped_positions]" time="0.954" /><testcase classname="tests.test_beam_packing_control_probe" name="test_transfer_prefix_observes_aligned_tiles_and_gather[False-unmasked_gather]" time="1.169" /><testcase classname="tests.test_beam_packing_control_probe" name="test_transfer_prefix_observes_aligned_tiles_and_gather[False-gather]" time="2.329" /><testcase classname="tests.test_beam_packing_control_probe" name="test_transfer_prefix_observes_aligned_tiles_and_gather[False-bounded_gather]" time="1.089" /><testcase classname="tests.test_beam_packing_control_probe" name="test_transfer_prefix_observes_aligned_tiles_and_gather[False-rank2_gather]" time="0.536" /><testcase classname="tests.test_beam_packing_control_probe" name="test_transfer_prefix_observes_aligned_tiles_and_gather[True-first]" time="0.679" /><testcase classname="tests.test_beam_packing_control_probe" name="test_transfer_prefix_observes_aligned_tiles_and_gather[True-second]" time="0.610" /><testcase classname="tests.test_beam_packing_control_probe" name="test_transfer_prefix_observes_aligned_tiles_and_gather[True-row_copy]" time="1.270" /><testcase classname="tests.test_beam_packing_control_probe" name="test_transfer_prefix_observes_aligned_tiles_and_gather[True-positions]" time="1.302" /><testcase classname="tests.test_beam_packing_control_probe" name="test_transfer_prefix_observes_aligned_tiles_and_gather[True-clipped_positions]" time="1.577" /><testcase classname="tests.test_beam_packing_control_probe" name="test_transfer_prefix_observes_aligned_tiles_and_gather[True-unmasked_gather]" time="1.431" /><testcase classname="tests.test_beam_packing_control_probe" name="test_transfer_prefix_observes_aligned_tiles_and_gather[True-gather]" time="1.446" /><testcase classname="tests.test_beam_packing_control_probe" name="test_transfer_prefix_observes_aligned_tiles_and_gather[True-bounded_gather]" time="1.476" /><testcase classname="tests.test_beam_packing_control_probe" name="test_transfer_prefix_observes_aligned_tiles_and_gather[True-rank2_gather]" time="0.813" /></testsuite></testsuites>