<?xml version="1.0" encoding="utf-8"?><testsuites name="pytest tests"><testsuite name="pytest" errors="0" failures="0" skipped="0" tests="3" time="7.965" timestamp="2026-09-06T01:52:34.439132+03:00" hostname="DESKTOP-KNUV1IO"><testcase classname="tests.test_beam_s5_epoch_probe" name="test_epoch_probe_covers_every_requester_and_carries_expected_state" time="0.028" /><testcase classname="tests.test_beam_s5_epoch" name="test_serialized_epoch_no_request_then_forced_publication" time="5.025" /><testcase classname="tests.test_beam_s5_epoch" name="test_eight_rank_epoch_traces_one_conditional_and_expected_outputs" time="0.157" /></testsuite></testsuites>