<?xml version="1.0" encoding="utf-8"?><testsuites name="pytest tests"><testsuite name="pytest" errors="0" failures="0" skipped="0" tests="7" time="6.349" timestamp="2026-09-06T03:27:04.532008+03:00" hostname="DESKTOP-KNUV1IO"><testcase classname="tests.test_beam_final_indices" name="test_indices_carry_cap_sentinel_and_error_gate" time="1.380" /><testcase classname="tests.test_beam_final_cap" name="test_exact_cap_and_invalid_threshold_gate[0-0-0]" time="0.206" /><testcase classname="tests.test_beam_final_cap" name="test_exact_cap_and_invalid_threshold_gate[3-9-7]" time="0.210" /><testcase classname="tests.test_beam_final_cap" name="test_exact_cap_and_invalid_threshold_gate[3-9-100]" time="0.184" /><testcase classname="tests.test_beam_final_cap" name="test_exact_cap_and_invalid_threshold_gate[9-3-7]" time="0.208" /><testcase classname="tests.test_beam_final_cap" name="test_exact_cap_and_invalid_threshold_gate[4294967295-9-4294967296]" time="0.191" /><testcase classname="tests.test_beam_final_prefix" name="test_rank_prefixes_preserve_carry_and_ignore_padding" time="0.892" /></testsuite></testsuites>