<?xml version="1.0" encoding="utf-8"?><testsuites name="pytest tests"><testsuite name="pytest" errors="0" failures="0" skipped="0" tests="11" time="20.403" timestamp="2026-09-06T00:47:25.420266+03:00" hostname="DESKTOP-KNUV1IO"><testcase classname="tests.test_beam_k1_table" name="test_fixed_k1_table_packs_four_slots_in_input_order_and_rejects_overflow" time="0.007" /><testcase classname="tests.test_beam_k1_table" name="test_fixed_k1_table_placement_matches_first_free_order_with_pallas_keys" time="0.985" /><testcase classname="tests.test_beam_k1_table" name="test_fixed_arena_rejects_bucket_collision_even_with_unused_global_slots" time="0.578" /><testcase classname="tests.test_beam_k1_table" name="test_prepared_table_round_trips_through_hbm_lookup_and_empty_table_misses" time="2.887" /><testcase classname="tests.test_beam_k1_lookup" name="test_k1_lookup_checks_full_hash_not_only_fingerprint_and_masks_padding" time="1.752" /><testcase classname="tests.test_beam_k1_lookup" name="test_k1_lookup_uses_exactly_four_slots_even_when_dma_contains_padding[0]" time="1.496" /><testcase classname="tests.test_beam_k1_lookup" name="test_k1_lookup_uses_exactly_four_slots_even_when_dma_contains_padding[1]" time="1.503" /><testcase classname="tests.test_beam_k1_lookup" name="test_k1_lookup_uses_exactly_four_slots_even_when_dma_contains_padding[2]" time="1.733" /><testcase classname="tests.test_beam_k1_lookup" name="test_k1_lookup_uses_exactly_four_slots_even_when_dma_contains_padding[3]" time="1.456" /><testcase classname="tests.test_beam_k1_lookup" name="test_k1_lookup_uses_exactly_four_slots_even_when_dma_contains_padding[4]" time="1.421" /><testcase classname="tests.test_beam_k1_lookup" name="test_k1_lookup_uses_exactly_four_slots_even_when_dma_contains_padding[127]" time="1.346" /></testsuite></testsuites>