<?xml version="1.0" encoding="utf-8"?><testsuites name="pytest tests"><testsuite name="pytest" errors="0" failures="0" skipped="0" tests="21" time="17.809" timestamp="2026-09-16T10:47:52.272705+03:00" hostname="DESKTOP-KNUV1IO"><testcase classname="tests.test_beam_packing_control_probe" name="test_packing_probe_keeps_runtime_selection_and_error_observable[False-packing_control]" time="1.234" /><testcase classname="tests.test_beam_packing_control_probe" name="test_packing_probe_keeps_runtime_selection_and_error_observable[False-packing_selection]" time="0.966" /><testcase classname="tests.test_beam_packing_control_probe" name="test_packing_probe_keeps_runtime_selection_and_error_observable[True-packing_control]" time="0.275" /><testcase classname="tests.test_beam_packing_control_probe" name="test_packing_probe_keeps_runtime_selection_and_error_observable[True-packing_selection]" time="0.445" /><testcase classname="tests.test_beam_packing_control_probe" name="test_guard_probe_exposes_only_live_interval_geometry[False]" time="0.485" /><testcase classname="tests.test_beam_packing_control_probe" name="test_guard_probe_exposes_only_live_interval_geometry[True]" time="0.427" /><testcase classname="tests.test_beam_packing_control_probe" name="test_selection_probe_preserves_invalid_unsigned_values[2048-0-0]" time="0.445" /><testcase classname="tests.test_beam_packing_control_probe" name="test_selection_probe_preserves_invalid_unsigned_values[2048-1-1]" time="0.382" /><testcase classname="tests.test_beam_packing_control_probe" name="test_selection_probe_preserves_invalid_unsigned_values[0-2049-1]" time="0.414" /><testcase classname="tests.test_beam_packing_control_probe" name="test_selection_probe_preserves_invalid_unsigned_values[4294967295-1-1]" time="0.367" /><testcase classname="tests.test_beam_packing_control_probe" name="test_selection_probe_preserves_invalid_unsigned_values[0-4294967295-1]" time="0.349" /><testcase classname="tests.test_beam_packing_control_probe" name="test_transfer_prefix_observes_aligned_tiles_and_gather[False-first]" time="0.440" /><testcase classname="tests.test_beam_packing_control_probe" name="test_transfer_prefix_observes_aligned_tiles_and_gather[False-second]" time="0.474" /><testcase classname="tests.test_beam_packing_control_probe" name="test_transfer_prefix_observes_aligned_tiles_and_gather[False-row_copy]" time="1.099" /><testcase classname="tests.test_beam_packing_control_probe" name="test_transfer_prefix_observes_aligned_tiles_and_gather[False-unmasked_gather]" time="1.110" /><testcase classname="tests.test_beam_packing_control_probe" name="test_transfer_prefix_observes_aligned_tiles_and_gather[False-gather]" time="1.387" /><testcase classname="tests.test_beam_packing_control_probe" name="test_transfer_prefix_observes_aligned_tiles_and_gather[True-first]" time="0.514" /><testcase classname="tests.test_beam_packing_control_probe" name="test_transfer_prefix_observes_aligned_tiles_and_gather[True-second]" time="0.531" /><testcase classname="tests.test_beam_packing_control_probe" name="test_transfer_prefix_observes_aligned_tiles_and_gather[True-row_copy]" time="1.003" /><testcase classname="tests.test_beam_packing_control_probe" name="test_transfer_prefix_observes_aligned_tiles_and_gather[True-unmasked_gather]" time="1.025" /><testcase classname="tests.test_beam_packing_control_probe" name="test_transfer_prefix_observes_aligned_tiles_and_gather[True-gather]" time="1.354" /></testsuite></testsuites>