<?xml version="1.0" encoding="utf-8"?><testsuites name="pytest tests"><testsuite name="pytest" errors="0" failures="0" skipped="0" tests="7" time="12.396" timestamp="2026-09-06T00:36:07.839649+03:00" hostname="DESKTOP-KNUV1IO"><testcase classname="tests.test_beam_k1_lookup" name="test_k1_lookup_checks_full_hash_not_only_fingerprint_and_masks_padding" time="2.000" /><testcase classname="tests.test_beam_k1_lookup" name="test_k1_lookup_uses_exactly_four_slots_even_when_dma_contains_padding[0]" time="1.287" /><testcase classname="tests.test_beam_k1_lookup" name="test_k1_lookup_uses_exactly_four_slots_even_when_dma_contains_padding[1]" time="1.245" /><testcase classname="tests.test_beam_k1_lookup" name="test_k1_lookup_uses_exactly_four_slots_even_when_dma_contains_padding[2]" time="1.236" /><testcase classname="tests.test_beam_k1_lookup" name="test_k1_lookup_uses_exactly_four_slots_even_when_dma_contains_padding[3]" time="1.201" /><testcase classname="tests.test_beam_k1_lookup" name="test_k1_lookup_uses_exactly_four_slots_even_when_dma_contains_padding[4]" time="1.296" /><testcase classname="tests.test_beam_k1_lookup" name="test_k1_lookup_uses_exactly_four_slots_even_when_dma_contains_padding[127]" time="1.492" /></testsuite></testsuites>