<?xml version="1.0" encoding="utf-8"?><testsuites name="pytest tests"><testsuite name="pytest" errors="0" failures="0" skipped="0" tests="31" time="28.745" timestamp="2026-09-16T22:55:19.140013+03:00" hostname="DESKTOP-KNUV1IO"><testcase classname="tests.test_beam_packing_control_probe" name="test_packing_probe_keeps_runtime_selection_and_error_observable[False-packing_control]" time="1.681" /><testcase classname="tests.test_beam_packing_control_probe" name="test_packing_probe_keeps_runtime_selection_and_error_observable[False-packing_selection]" time="0.454" /><testcase classname="tests.test_beam_packing_control_probe" name="test_packing_probe_keeps_runtime_selection_and_error_observable[True-packing_control]" time="0.297" /><testcase classname="tests.test_beam_packing_control_probe" name="test_packing_probe_keeps_runtime_selection_and_error_observable[True-packing_selection]" time="0.414" /><testcase classname="tests.test_beam_packing_control_probe" name="test_guard_probe_exposes_only_live_interval_geometry[False]" time="0.479" /><testcase classname="tests.test_beam_packing_control_probe" name="test_guard_probe_exposes_only_live_interval_geometry[True]" time="0.521" /><testcase classname="tests.test_beam_packing_control_probe" name="test_selection_probe_preserves_invalid_unsigned_values[2048-0-0]" time="0.589" /><testcase classname="tests.test_beam_packing_control_probe" name="test_selection_probe_preserves_invalid_unsigned_values[2048-1-1]" time="0.451" /><testcase classname="tests.test_beam_packing_control_probe" name="test_selection_probe_preserves_invalid_unsigned_values[0-2049-1]" time="0.399" /><testcase classname="tests.test_beam_packing_control_probe" name="test_selection_probe_preserves_invalid_unsigned_values[4294967295-1-1]" time="0.439" /><testcase classname="tests.test_beam_packing_control_probe" name="test_selection_probe_preserves_invalid_unsigned_values[0-4294967295-1]" time="0.602" /><testcase classname="tests.test_beam_packing_control_probe" name="test_transfer_prefix_observes_aligned_tiles_and_gather[False-first]" time="0.679" /><testcase classname="tests.test_beam_packing_control_probe" name="test_transfer_prefix_observes_aligned_tiles_and_gather[False-second]" time="0.522" /><testcase classname="tests.test_beam_packing_control_probe" name="test_transfer_prefix_observes_aligned_tiles_and_gather[False-row_copy]" time="1.195" /><testcase classname="tests.test_beam_packing_control_probe" name="test_transfer_prefix_observes_aligned_tiles_and_gather[False-positions]" time="1.095" /><testcase classname="tests.test_beam_packing_control_probe" name="test_transfer_prefix_observes_aligned_tiles_and_gather[False-clipped_positions]" time="0.965" /><testcase classname="tests.test_beam_packing_control_probe" name="test_transfer_prefix_observes_aligned_tiles_and_gather[False-unmasked_gather]" time="1.242" /><testcase classname="tests.test_beam_packing_control_probe" name="test_transfer_prefix_observes_aligned_tiles_and_gather[False-gather]" time="1.475" /><testcase classname="tests.test_beam_packing_control_probe" name="test_transfer_prefix_observes_aligned_tiles_and_gather[False-bounded_gather]" time="1.104" /><testcase classname="tests.test_beam_packing_control_probe" name="test_transfer_prefix_observes_aligned_tiles_and_gather[False-rank2_gather]" time="0.509" /><testcase classname="tests.test_beam_packing_control_probe" name="test_transfer_prefix_observes_aligned_tiles_and_gather[False-split_gather]" time="0.541" /><testcase classname="tests.test_beam_packing_control_probe" name="test_transfer_prefix_observes_aligned_tiles_and_gather[True-first]" time="0.555" /><testcase classname="tests.test_beam_packing_control_probe" name="test_transfer_prefix_observes_aligned_tiles_and_gather[True-second]" time="0.593" /><testcase classname="tests.test_beam_packing_control_probe" name="test_transfer_prefix_observes_aligned_tiles_and_gather[True-row_copy]" time="1.239" /><testcase classname="tests.test_beam_packing_control_probe" name="test_transfer_prefix_observes_aligned_tiles_and_gather[True-positions]" time="1.048" /><testcase classname="tests.test_beam_packing_control_probe" name="test_transfer_prefix_observes_aligned_tiles_and_gather[True-clipped_positions]" time="0.958" /><testcase classname="tests.test_beam_packing_control_probe" name="test_transfer_prefix_observes_aligned_tiles_and_gather[True-unmasked_gather]" time="1.330" /><testcase classname="tests.test_beam_packing_control_probe" name="test_transfer_prefix_observes_aligned_tiles_and_gather[True-gather]" time="1.403" /><testcase classname="tests.test_beam_packing_control_probe" name="test_transfer_prefix_observes_aligned_tiles_and_gather[True-bounded_gather]" time="1.094" /><testcase classname="tests.test_beam_packing_control_probe" name="test_transfer_prefix_observes_aligned_tiles_and_gather[True-rank2_gather]" time="0.629" /><testcase classname="tests.test_beam_packing_control_probe" name="test_transfer_prefix_observes_aligned_tiles_and_gather[True-split_gather]" time="0.541" /></testsuite></testsuites>