<?xml version="1.0" encoding="utf-8"?><testsuites name="pytest tests"><testsuite name="pytest" errors="0" failures="0" skipped="0" tests="10" time="3.571" timestamp="2026-09-06T00:25:57.100421+03:00" hostname="DESKTOP-KNUV1IO"><testcase classname="tests.test_beam_suffix_projection" name="test_pallas_suffix_projection_preserves_noncommuting_move_order_and_padding" time="0.488" /><testcase classname="tests.test_beam_suffix_projection" name="test_suffix_projection_crosses_suffix_tiles_at_radius_three" time="0.341" /><testcase classname="tests.test_beam_suffix_table" name="test_suffix_table_preserves_bfs_chain_ids_and_low_first_move_encoding" time="0.001" /><testcase classname="tests.test_beam_suffix_table" name="test_suffix_table_actual_move_counts_and_padding[24-14425]" time="0.010" /><testcase classname="tests.test_beam_suffix_table" name="test_suffix_table_actual_move_counts_and_padding[30-27931]" time="0.017" /><testcase classname="tests.test_beam_suffix_table" name="test_suffix_table_rejects_unrepresentable_or_unbounded_geometry[kwargs0]" time="0.001" /><testcase classname="tests.test_beam_suffix_table" name="test_suffix_table_rejects_unrepresentable_or_unbounded_geometry[kwargs1]" time="0.001" /><testcase classname="tests.test_beam_suffix_table" name="test_suffix_table_rejects_unrepresentable_or_unbounded_geometry[kwargs2]" time="0.001" /><testcase classname="tests.test_beam_suffix_table" name="test_suffix_table_rejects_unrepresentable_or_unbounded_geometry[kwargs3]" time="0.001" /><testcase classname="tests.test_beam_suffix_table" name="test_suffix_table_rejects_unrepresentable_or_unbounded_geometry[kwargs4]" time="0.001" /></testsuite></testsuites>