<?xml version="1.0" encoding="utf-8"?><testsuites name="pytest tests"><testsuite name="pytest" errors="0" failures="0" skipped="0" tests="4" time="3.300" timestamp="2026-09-06T11:48:27.881069+03:00" hostname="DESKTOP-KNUV1IO"><testcase classname="tests.test_beam_final_bundle" name="test_isolated_groups_and_complete_case_gate[None]" time="0.059" /><testcase classname="tests.test_beam_final_bundle" name="test_isolated_groups_and_complete_case_gate[abort]" time="0.036" /><testcase classname="tests.test_beam_final_bundle" name="test_isolated_groups_and_complete_case_gate[partial]" time="0.031" /><testcase classname="tests.test_beam_final_coverage_probe" name="test_probe_expected_errors_match_independent_target_sets" time="2.804" /></testsuite></testsuites>