<?xml version="1.0" encoding="utf-8"?><testsuites name="pytest tests"><testsuite name="pytest" errors="0" failures="0" skipped="0" tests="5" time="11.426" timestamp="2026-09-06T01:08:38.372513+03:00" hostname="DESKTOP-KNUV1IO"><testcase classname="tests.test_beam_suffix_hit" name="test_first_suffix_hit_preserves_immediate_hash_and_earliest_solution" time="0.727" /><testcase classname="tests.test_beam_stream2_k1" name="test_stream2_k1_retains_immediate_hashes_and_recognizes_neighborhood_hits[0]" time="1.666" /><testcase classname="tests.test_beam_stream2_k1" name="test_stream2_k1_retains_immediate_hashes_and_recognizes_neighborhood_hits[1]" time="1.795" /><testcase classname="tests.test_beam_stream2_k1" name="test_stream2_k1_retains_immediate_hashes_and_recognizes_neighborhood_hits[3]" time="1.739" /><testcase classname="tests.test_beam_stream2_k1" name="test_stream2_k1_retains_immediate_hashes_and_recognizes_neighborhood_hits[4]" time="1.524" /></testsuite></testsuites>