<?xml version="1.0" encoding="utf-8"?><testsuites name="pytest tests"><testsuite name="pytest" errors="0" failures="0" skipped="0" tests="5" time="3.413" timestamp="2026-09-06T03:34:27.149214+03:00" hostname="DESKTOP-KNUV1IO"><testcase classname="tests.test_beam_s5_histogram_exchange" name="test_single_rank_histogram_exchange_retains_both_planes_and_tiles" time="0.831" /><testcase classname="tests.test_beam_s5_histogram_exchange" name="test_eight_rank_histogram_exchange_traces_full_pair_width" time="0.036" /><testcase classname="tests.test_beam_s5_histogram_exchange" name="test_raw_wire_diagnostic_preserves_single_rank_payload" time="0.126" /><testcase classname="tests.test_beam_s5_histogram_exchange" name="test_own_only_diagnostic_has_no_remote_axis_requirement" time="0.127" /><testcase classname="tests.test_beam_s5_histogram_exchange" name="test_full_shape_local_replication_initializes_every_pair_without_remote" time="0.123" /></testsuite></testsuites>