<?xml version="1.0" encoding="utf-8"?><testsuites name="pytest tests"><testsuite name="pytest" errors="0" failures="0" skipped="0" tests="2" time="32.905" timestamp="2026-09-16T12:35:34.295522+03:00" hostname="DESKTOP-KNUV1IO"><testcase classname="tests.test_beam_final_history_transport" name="test_history_transport_preserves_parent64_route_and_target_across_sources[False]" time="16.020" /><testcase classname="tests.test_beam_final_history_transport" name="test_history_transport_preserves_parent64_route_and_target_across_sources[True]" time="15.240" /></testsuite></testsuites>