<?xml version="1.0" encoding="utf-8"?><testsuites name="pytest tests"><testsuite name="pytest" errors="0" failures="0" skipped="0" tests="3" time="9.349" timestamp="2026-09-16T12:41:15.734098+03:00" hostname="DESKTOP-KNUV1IO"><testcase classname="tests.test_beam_publication_fixture" name="test_destination_targets_cover_across_sources_and_epochs" time="0.446" /><testcase classname="tests.test_beam_publication_fixture" name="test_routed_fixture_feeds_pallas_whole_depth_coverage[False]" time="5.223" /><testcase classname="tests.test_beam_publication_fixture" name="test_routed_fixture_feeds_pallas_whole_depth_coverage[True]" time="3.559" /></testsuite></testsuites>