<?xml version="1.0" encoding="utf-8"?><testsuites name="pytest tests"><testsuite name="pytest" errors="0" failures="0" skipped="0" tests="8" time="3.040" timestamp="2026-09-06T00:21:23.444874+03:00" hostname="DESKTOP-KNUV1IO"><testcase classname="tests.test_beam_suffix_table" name="test_suffix_table_preserves_bfs_chain_ids_and_low_first_move_encoding" time="2.783" /><testcase classname="tests.test_beam_suffix_table" name="test_suffix_table_actual_move_counts_and_padding[24-14425]" time="0.009" /><testcase classname="tests.test_beam_suffix_table" name="test_suffix_table_actual_move_counts_and_padding[30-27931]" time="0.017" /><testcase classname="tests.test_beam_suffix_table" name="test_suffix_table_rejects_unrepresentable_or_unbounded_geometry[kwargs0]" time="0.001" /><testcase classname="tests.test_beam_suffix_table" name="test_suffix_table_rejects_unrepresentable_or_unbounded_geometry[kwargs1]" time="0.001" /><testcase classname="tests.test_beam_suffix_table" name="test_suffix_table_rejects_unrepresentable_or_unbounded_geometry[kwargs2]" time="0.001" /><testcase classname="tests.test_beam_suffix_table" name="test_suffix_table_rejects_unrepresentable_or_unbounded_geometry[kwargs3]" time="0.001" /><testcase classname="tests.test_beam_suffix_table" name="test_suffix_table_rejects_unrepresentable_or_unbounded_geometry[kwargs4]" time="0.001" /></testsuite></testsuites>