<?xml version="1.0" encoding="utf-8"?><testsuites name="pytest tests"><testsuite name="pytest" errors="0" failures="0" skipped="0" tests="16" time="65.398" timestamp="2026-09-15T13:44:22.192289+03:00" hostname="DESKTOP-KNUV1IO"><testcase classname="tests.test_beam_final_transport" name="test_byte_output_stores_are_full_rectangles_not_rank_one_columns" time="0.622" /><testcase classname="tests.test_beam_final_transport" name="test_response_transport_preserves_every_byte[128]" time="1.813" /><testcase classname="tests.test_beam_final_transport" name="test_response_transport_preserves_every_byte[256]" time="3.118" /><testcase classname="tests.test_beam_final_transport" name="test_response_target_survives_transport" time="2.326" /><testcase classname="tests.test_beam_final_transport" name="test_planes_to_bytes_preserves_word_lane_and_tile_identity[32]" time="0.723" /><testcase classname="tests.test_beam_final_transport" name="test_planes_to_bytes_preserves_word_lane_and_tile_identity[64]" time="0.583" /><testcase classname="tests.test_beam_final_transport" name="test_planes_to_bytes_preserves_word_lane_and_tile_identity[96]" time="0.582" /><testcase classname="tests.test_beam_final_response_chunk" name="test_response_chunk_transports_bytes_or_preserves_preparation_failure[False]" time="23.897" /><testcase classname="tests.test_beam_final_response_chunk" name="test_response_chunk_transports_bytes_or_preserves_preparation_failure[True]" time="26.326" /><testcase classname="tests.test_beam_final_response_chunk" name="test_response_epoch_eight_rank_abi_traces_without_host_readback" time="0.436" /><testcase classname="tests.test_beam_response_isolation_probe" name="test_isolated_stage_traces_real_production_output_abi[packing-want0]" time="0.036" /><testcase classname="tests.test_beam_response_isolation_probe" name="test_isolated_stage_traces_real_production_output_abi[receive-want1]" time="0.226" /><testcase classname="tests.test_beam_response_isolation_probe" name="test_isolated_stage_traces_real_production_output_abi[planes_to_wire-want2]" time="0.019" /><testcase classname="tests.test_beam_response_isolation_probe" name="test_compile_runner_preserves_mlir_and_pending_state_on_compile_error" time="0.012" /><testcase classname="tests.test_beam_response_isolation_probe" name="test_compile_evidence_writer_records_real_completed_compilation" time="0.028" /><testcase classname="tests.test_beam_response_isolation_probe" name="test_cli_refuses_cpu_instead_of_reporting_tpu_success" time="1.624" /></testsuite></testsuites>