<?xml version="1.0" encoding="utf-8"?><testsuites name="pytest tests"><testsuite name="pytest" errors="0" failures="0" skipped="0" tests="4" time="6.775" timestamp="2026-09-06T01:16:08.386982+03:00" hostname="DESKTOP-KNUV1IO"><testcase classname="tests.test_beam_solved_collect" name="test_bounded_solved_collection_counts_attempts_and_preserves_existing[0-False]" time="1.320" /><testcase classname="tests.test_beam_solved_collect" name="test_bounded_solved_collection_counts_attempts_and_preserves_existing[126-True]" time="0.657" /><testcase classname="tests.test_beam_solved_collect" name="test_bounded_solved_collection_counts_attempts_and_preserves_existing[130-True]" time="0.854" /><testcase classname="tests.test_beam_solved_collect" name="test_empty_and_previously_found_do_not_republish_stop" time="1.326" /></testsuite></testsuites>