<?xml version="1.0" encoding="utf-8"?><testsuites name="pytest tests"><testsuite name="pytest" errors="0" failures="0" skipped="0" tests="6" time="33.588" timestamp="2026-09-18T08:16:49.542062+03:00" hostname="DESKTOP-KNUV1IO"><testcase classname="tests.test_beam_publication_fixture" name="test_destination_targets_cover_across_sources_and_epochs" time="0.682" /><testcase classname="tests.test_beam_publication_fixture" name="test_routed_fixture_feeds_pallas_whole_depth_coverage[none]" time="9.461" /><testcase classname="tests.test_beam_publication_fixture" name="test_routed_fixture_feeds_pallas_whole_depth_coverage[duplicate]" time="5.875" /><testcase classname="tests.test_beam_publication_fixture" name="test_routed_fixture_feeds_pallas_whole_depth_coverage[missing]" time="5.790" /><testcase classname="tests.test_beam_publication_fixture" name="test_routed_fixture_feeds_pallas_whole_depth_coverage[out_of_range]" time="5.926" /><testcase classname="tests.test_beam_publication_fixture" name="test_routed_fixture_feeds_pallas_whole_depth_coverage[late_error]" time="5.672" /></testsuite></testsuites>