<?xml version="1.0" encoding="utf-8"?><testsuites name="pytest tests"><testsuite name="pytest" errors="0" failures="0" skipped="0" tests="664" time="435.223" timestamp="2026-09-05T21:53:39.973278+03:00" hostname="DESKTOP-KNUV1IO"><testcase classname="tests.test_artgor_exact_code_package" name="test_code_release_is_allowlisted_hashed_and_commit_pinned" time="0.504" /><testcase classname="tests.test_artgor_exact_code_package" name="test_release_uses_bytes_from_the_named_commit_not_the_worktree" time="0.522" /><testcase classname="tests.test_artgor_exact_code_package" name="test_release_rejects_stale_output_and_non_commit_sha" time="0.053" /><testcase classname="tests.test_artgor_exact_code_package" name="test_dataset_metadata_names_only_tpu_beam_search_code" time="0.364" /><testcase classname="tests.test_artgor_exact_code_package" name="test_release_is_flat_and_runtime_zip_matches_manifest" time="0.375" /><testcase classname="tests.test_artgor_exact_inference" name="test_selected_config_is_frozen_and_invalid_overrides_fail" time="0.000" /><testcase classname="tests.test_artgor_exact_inference" name="test_all_pallas_engine_is_exported_from_the_package_api" time="0.000" /><testcase classname="tests.test_artgor_exact_inference" name="test_unsupported_modes_choose_explicit_jax_fallback" time="0.000" /><testcase classname="tests.test_artgor_exact_inference" name="test_interpreted_engine_matches_selected_prefix_and_head_formulas" time="1.965" /><testcase classname="tests.test_artgor_exact_inference" name="test_interpreted_artgor_pallas_exact_engine_matches_direct_all_pallas_call" time="2.069" /><testcase classname="tests.test_artgor_exact_notebook" name="test_generated_notebook_preserves_six_cell_flow_and_exact_engine" time="0.008" /><testcase classname="tests.test_artgor_exact_notebook" name="test_generated_notebook_bootstraps_the_validated_tpu_runtime_before_jax" time="0.001" /><testcase classname="tests.test_artgor_exact_notebook" name="test_generated_notebook_fails_closed_when_every_frame_errors" time="0.002" /><testcase classname="tests.test_artgor_exact_notebook" name="test_generated_notebook_records_its_frozen_source_and_builder_hash" time="0.001" /><testcase classname="tests.test_artgor_exact_notebook" name="test_kaggle_metadata_is_private_tpu_only_and_attaches_both_sources" time="0.001" /><testcase classname="tests.test_artgor_exact_notebook" name="test_kaggle_title_resolves_to_declared_kernel_slug" time="0.001" /><testcase classname="tests.test_artgor_exact_notebook" name="test_generated_notebook_mounts_verified_flat_runtime_zip" time="0.363" /><testcase classname="tests.test_artgor_exact_notebook" name="test_generated_notebook_rejects_tampered_runtime_zip" time="0.404" /><testcase classname="tests.test_artgor_exact_notebook" name="test_generated_notebook_mounts_kaggle_extracted_runtime" time="0.547" /><testcase classname="tests.test_artgor_exact_notebook_validation" name="test_publication_requires_every_exact_and_replay_gate" time="0.001" /><testcase classname="tests.test_artgor_exact_notebook_validation" name="test_publication_rejects_missing_or_nonfinite_speedup" time="0.001" /><testcase classname="tests.test_artgor_exact_speed_proof" name="test_constant_paired_speedup_has_exact_statistics_and_passes" time="0.010" /><testcase classname="tests.test_artgor_exact_speed_proof" name="test_one_subthreshold_pair_rejects_even_when_median_is_fast" time="0.011" /><testcase classname="tests.test_artgor_exact_speed_proof" name="test_final_decision_requires_eight_tpus_exactness_and_every_case_gate" time="0.001" /><testcase classname="tests.test_artgor_exact_speed_proof" name="test_final_decision_rejects_missing_case_instead_of_inferring_it" time="0.001" /><testcase classname="tests.test_artgor_exact_speed_proof_launcher" name="test_speed_proof_launcher_is_pinned_and_writes_a_persistent_log" time="0.058" /><testcase classname="tests.test_artgor_exact_speed_proof_launcher" name="test_speed_proof_metadata_uses_one_private_tpu_session_without_competition" time="0.001" /><testcase classname="tests.test_artgor_exact_validation_launcher" name="test_launcher_is_source_pinned_and_streams_a_persistent_log" time="0.001" /><testcase classname="tests.test_artgor_exact_validation_launcher" name="test_launcher_metadata_is_private_single_tpu_job_with_assets" time="0.001" /><testcase classname="tests.test_artgor_input_trace" name="test_reduction_order_preserves_specified_cancellation[lanes_serial-0.00390625]" time="0.071" /><testcase classname="tests.test_artgor_input_trace" name="test_reduction_order_preserves_specified_cancellation[lanes_tree-0.00390625]" time="0.083" /><testcase classname="tests.test_artgor_input_trace" name="test_reduction_order_preserves_specified_cancellation[tiles_serial-0.0]" time="0.098" /><testcase classname="tests.test_artgor_input_trace" name="test_reduction_order_preserves_specified_cancellation[tiles_tree-0.0]" time="0.149" /><testcase classname="tests.test_artgor_input_trace" name="test_unknown_reduction_order_is_rejected" time="0.069" /><testcase classname="tests.test_artgor_input_trace" name="test_serial_and_tree_have_distinct_four_part_rounding[lanes]" time="0.278" /><testcase classname="tests.test_artgor_input_trace" name="test_serial_and_tree_have_distinct_four_part_rounding[tiles]" time="0.282" /><testcase classname="tests.test_artgor_input_trace" name="test_materialized_mean_and_remainder_honor_external_bf16_mean" time="0.932" /><testcase classname="tests.test_artgor_input_trace" name="test_trace_preserves_raw_mean_but_centers_rounded_values" time="0.734" /><testcase classname="tests.test_artgor_input_trace" name="test_mismatch_capture_keeps_all_coordinates_and_only_affected_rows" time="0.010" /><testcase classname="tests.test_artgor_input_trace" name="test_mismatch_capture_includes_signed_zero_bit_difference" time="0.007" /><testcase classname="tests.test_artgor_layernorm_attribution" name="test_attribution_variants_are_ordered_one_factor_changes" time="0.001" /><testcase classname="tests.test_artgor_layernorm_attribution" name="test_attribution_protocol_covers_six_frozen_corpora" time="0.001" /><testcase classname="tests.test_artgor_layernorm_attribution" name="test_jax_checkpoint_contract_has_every_observable_boundary" time="0.460" /><testcase classname="tests.test_artgor_layernorm_attribution" name="test_comparison_reports_first_mismatching_boundary" time="0.001" /><testcase classname="tests.test_artgor_layernorm_attribution" name="test_decision_requires_all_corpora_and_production_shape_exact" time="0.001" /><testcase classname="tests.test_artgor_layernorm_attribution" name="test_interpreted_pallas_probe_exposes_each_checkpoint" time="1.862" /><testcase classname="tests.test_artgor_layernorm_attribution" name="test_interpreted_pallas_probe_matches_each_one_factor_jax_arm" time="2.981" /><testcase classname="tests.test_artgor_layernorm_attribution" name="test_interpreted_one_factor_probes_match_all_checkpoint_dtypes" time="6.630" /><testcase classname="tests.test_artgor_layernorm_attribution" name="test_aligned_production_width_elides_compiler_sensitive_predicate" time="0.001" /><testcase classname="tests.test_artgor_layernorm_attribution" name="test_aligned_scalar_checkpoint_is_broadcast_to_output_tile" time="0.137" /><testcase classname="tests.test_artgor_layernorm_attribution_launcher" name="test_launcher_is_private_tpu_and_pinned_to_full_sha" time="0.002" /><testcase classname="tests.test_artgor_layernorm_boundary_replay" name="test_boundary_replay_contract_tracks_the_five_real_pallas_calls" time="0.001" /><testcase classname="tests.test_artgor_layernorm_boundary_replay" name="test_boundary_replay_compares_pallas_to_both_jax_controls" time="0.001" /><testcase classname="tests.test_artgor_layernorm_boundary_replay_launcher" name="test_boundary_replay_launcher_is_private_and_pinned_to_public_source" time="0.001" /><testcase classname="tests.test_artgor_layernorm_invstd" name="test_invstd_result_name_is_stable_for_kaggle_artifacts" time="0.001" /><testcase classname="tests.test_artgor_layernorm_invstd" name="test_interpreted_invstd_exposes_fp32_and_bf16_boundaries" time="0.271" /><testcase classname="tests.test_artgor_layernorm_invstd" name="test_interpreted_invstd_affine_matches_explicit_expression" time="0.490" /><testcase classname="tests.test_artgor_layernorm_invstd" name="test_interpreted_variance_from_centered_is_bf16_exact" time="0.173" /><testcase classname="tests.test_artgor_layernorm_invstd" name="test_interpreted_affine_can_apply_skip_and_relu_inside_pallas" time="0.232" /><testcase classname="tests.test_artgor_layernorm_invstd" name="test_invstd_metrics_keep_hash_rmse_and_witness" time="0.001" /><testcase classname="tests.test_artgor_layernorm_invstd_launcher" name="test_launcher_is_private_tpu_and_pinned" time="0.001" /><testcase classname="tests.test_artgor_layernorm_monolithic_match" name="test_monolithic_match_uses_the_frozen_one_factor_ladder" time="0.001" /><testcase classname="tests.test_artgor_layernorm_monolithic_match" name="test_monolithic_match_promotes_only_hash_exact_jax_and_pallas_variant" time="0.001" /><testcase classname="tests.test_artgor_layernorm_monolithic_match_launcher" name="test_monolithic_match_launcher_is_private_and_pinned" time="0.001" /><testcase classname="tests.test_artgor_layernorm_subtraction" name="test_subtraction_protocol_uses_frozen_six_corpora" time="0.001" /><testcase classname="tests.test_artgor_layernorm_subtraction" name="test_interpreted_centered_subtraction_matches_explicit_jax" time="0.078" /><testcase classname="tests.test_artgor_layernorm_subtraction" name="test_interpreted_fused_variance_matches_explicit_jax" time="0.128" /><testcase classname="tests.test_artgor_layernorm_subtraction" name="test_tensor_metrics_include_hash_rmse_and_deterministic_witnesses" time="0.001" /><testcase classname="tests.test_artgor_layernorm_subtraction_launcher" name="test_launcher_is_private_tpu_and_pinned" time="0.001" /><testcase classname="tests.test_artgor_pallas_exact_diagnostic" name="test_first_stage_mismatch_reports_the_actual_operator_boundary" time="0.001" /><testcase classname="tests.test_artgor_pallas_exact_diagnostic" name="test_stage_comparison_rejects_name_or_shape_drift" time="0.001" /><testcase classname="tests.test_artgor_pallas_exact_diagnostic" name="test_reference_stage_sequence_ends_at_the_unchanged_semantic_model" time="0.738" /><testcase classname="tests.test_artgor_pallas_exact_diagnostic" name="test_next_diagnostic_freezes_only_monolithic_exact_bk128_candidate" time="0.001" /><testcase classname="tests.test_artgor_pallas_exact_diagnostic" name="test_instrumented_stage_drift_does_not_suppress_full_model_oracle" time="0.001" /><testcase classname="tests.test_artgor_pallas_exact_diagnostic" name="test_stage_count_contract_maps_only_four_n_plus_four_models" time="0.001" /><testcase classname="tests.test_artgor_pallas_exact_diagnostic" name="test_hlo_audit_accepts_explicit_expected_custom_call_count" time="0.001" /><testcase classname="tests.test_artgor_pallas_exact_diagnostic" name="test_final_gate_requires_exact_stages_clean_hlo_and_speed_vs_hybrid" time="0.001" /><testcase classname="tests.test_artgor_pallas_exact_launcher" name="test_launcher_is_pinned_and_persists_json_hlo_and_log" time="0.056" /><testcase classname="tests.test_artgor_pallas_exact_launcher" name="test_metadata_uses_one_private_tpu_session_without_competition_data" time="0.001" /><testcase classname="tests.test_artgor_pallas_same_suffix" name="test_boundary_plus_same_suffix_reconstructs_typed_reference" time="0.009" /><testcase classname="tests.test_artgor_pallas_same_suffix" name="test_depth_contract_rejects_invalid_boundaries" time="0.028" /><testcase classname="tests.test_artgor_pallas_same_suffix" name="test_main_passes_optional_dataset_through_shared_resolver" time="0.006" /><testcase classname="tests.test_artgor_pallas_same_suffix" name="test_isolated_control_does_not_attribute_prefix_drift_to_exact_operator" time="0.064" /><testcase classname="tests.test_artgor_pallas_same_suffix" name="test_residual_operator_factorization_preserves_jax_block_and_skip" time="0.007" /><testcase classname="tests.test_artgor_pallas_same_suffix" name="test_operator_ab_chains_reference_inputs_and_keeps_skip_fixed" time="0.377" /><testcase classname="tests.test_artgor_pallas_same_suffix" name="test_dense_preactivation_retains_sub_bf16_bias" time="0.173" /><testcase classname="tests.test_artgor_prefix_capture" name="test_capture_returns_dense_mean_and_output_in_bf16" time="0.167" /><testcase classname="tests.test_artgor_prefix_capture" name="test_capture_invstd_slot_has_unit_variance_value" time="0.162" /><testcase classname="tests.test_artgor_prefix_capture" name="test_external_invstd_affine_uses_supplied_value_and_relu" time="0.357" /><testcase classname="tests.test_artgor_prefix_capture" name="test_capture_variance_preserves_bf16_slots" time="0.119" /><testcase classname="tests.test_artgor_prefix_capture" name="test_variance_pair_and_replay_preserve_separate_dtypes" time="0.410" /><testcase classname="tests.test_artgor_prefix_capture" name="test_pair_chunks_preserve_device_major_order_and_dtypes" time="0.001" /><testcase classname="tests.test_artgor_prefix_capture" name="test_bounded_capture_keeps_late_bitwise_rows_without_expansion" time="0.011" /><testcase classname="tests.test_artgor_prefix_capture" name="test_fixed_inputs_ignore_perturbed_variance_capture" time="0.001" /><testcase classname="tests.test_artgor_prefix_gate" name="test_bounded_gate_counts_bitwise_mismatches_and_hashes_across_chunks" time="0.001" /><testcase classname="tests.test_artgor_prefix_gate" name="test_gate_rejects_equal_nonfinite_tensors" time="0.001" /><testcase classname="tests.test_artgor_prefix_gate" name="test_composed_prefix_uses_state_embedding_and_projects_correct_channels" time="2.439" /><testcase classname="tests.test_artgor_prefix_shape" name="test_chunking_preserves_device_partition_and_reconstructs_global_row_order" time="0.001" /><testcase classname="tests.test_artgor_prefix_shape" name="test_chunking_rejects_incomplete_device_or_chunk_partitions" time="0.001" /><testcase classname="tests.test_artgor_reference" name="test_artgor_reference_matches_literal_operation_order" time="1.589" /><testcase classname="tests.test_artgor_reference" name="test_artgor_reference_is_finite_and_deterministic_on_edge_states" time="0.295" /><testcase classname="tests.test_artgor_rsqrt_consumers" name="test_scalar_bf16_output_block_obeys_tpu_tiling[128]" time="0.005" /><testcase classname="tests.test_artgor_rsqrt_consumers" name="test_scalar_bf16_output_block_obeys_tpu_tiling[256]" time="0.004" /><testcase classname="tests.test_artgor_rsqrt_consumers" name="test_scalar_bf16_output_block_obeys_tpu_tiling[16384]" time="0.003" /><testcase classname="tests.test_artgor_rsqrt_consumers" name="test_consumer_collector_preserves_device_order_before_host_broadcast" time="0.001" /><testcase classname="tests.test_artgor_rsqrt_consumers" name="test_consumer_collector_keeps_matrix_columns" time="0.001" /><testcase classname="tests.test_artgor_rsqrt_consumers" name="test_consumer_preserves_shape_and_uses_epsilon[fp32-jax-shape0]" time="0.165" /><testcase classname="tests.test_artgor_rsqrt_consumers" name="test_consumer_preserves_shape_and_uses_epsilon[fp32-jax-shape1]" time="0.114" /><testcase classname="tests.test_artgor_rsqrt_consumers" name="test_consumer_preserves_shape_and_uses_epsilon[fp32-pallas-shape0]" time="0.115" /><testcase classname="tests.test_artgor_rsqrt_consumers" name="test_consumer_preserves_shape_and_uses_epsilon[fp32-pallas-shape1]" time="0.088" /><testcase classname="tests.test_artgor_rsqrt_consumers" name="test_consumer_preserves_shape_and_uses_epsilon[bf16_expression-jax-shape0]" time="0.124" /><testcase classname="tests.test_artgor_rsqrt_consumers" name="test_consumer_preserves_shape_and_uses_epsilon[bf16_expression-jax-shape1]" time="0.124" /><testcase classname="tests.test_artgor_rsqrt_consumers" name="test_consumer_preserves_shape_and_uses_epsilon[bf16_expression-pallas-shape0]" time="0.056" /><testcase classname="tests.test_artgor_rsqrt_consumers" name="test_consumer_preserves_shape_and_uses_epsilon[bf16_expression-pallas-shape1]" time="0.064" /><testcase classname="tests.test_artgor_rsqrt_consumers" name="test_bf16_expression_is_distinct_from_fp32_consumer[jax]" time="0.273" /><testcase classname="tests.test_artgor_rsqrt_consumers" name="test_bf16_expression_is_distinct_from_fp32_consumer[pallas]" time="0.139" /><testcase classname="tests.test_artgor_source_snapshot" name="test_artgor_snapshot_is_the_frozen_script_version" time="0.002" /><testcase classname="tests.test_artgor_staged_beam" name="test_default_depth_geometry_has_64_inference_chunks_and_16_search_windows" time="0.001" /><testcase classname="tests.test_artgor_staged_beam" name="test_q_chunks_preserve_parent_then_move_order" time="0.030" /><testcase classname="tests.test_artgor_staged_beam" name="test_small_geometry_is_available_only_for_diagnostics" time="0.001" /><testcase classname="tests.test_artgor_staged_beam" name="test_run_staged_depth_assembles_every_q_chunk_in_parent_order" time="0.405" /><testcase classname="tests.test_artgor_staged_beam" name="test_precomputed_q_depth_matches_original_depth_tensor_for_tensor" time="2.108" /><testcase classname="tests.test_artgor_staged_beam" name="test_tiny_high_level_solver_keeps_original_result_contract" time="1.273" /><testcase classname="tests.test_artgor_variance_producer" name="test_separate_mean_vector_keeps_per_row_statistics[fp32-False]" time="0.249" /><testcase classname="tests.test_artgor_variance_producer" name="test_separate_mean_vector_keeps_per_row_statistics[fp32-True]" time="0.212" /><testcase classname="tests.test_artgor_variance_producer" name="test_separate_mean_vector_keeps_per_row_statistics[original-False]" time="0.169" /><testcase classname="tests.test_artgor_variance_producer" name="test_separate_mean_vector_keeps_per_row_statistics[original-True]" time="0.131" /><testcase classname="tests.test_artgor_variance_producer" name="test_two_argument_collector_preserves_mean_pairing_and_device_order" time="0.002" /><testcase classname="tests.test_artgor_variance_producer" name="test_fixed_mean_producer_does_not_recompute_mean[fp32]" time="0.148" /><testcase classname="tests.test_artgor_variance_producer" name="test_fixed_mean_producer_does_not_recompute_mean[original]" time="0.176" /><testcase classname="tests.test_artgor_variance_producer" name="test_centered_square_precision_modes_are_distinct" time="0.174" /><testcase classname="tests.test_beam_bundle" name="test_bundle_has_independent_oracles_and_rejects_one_wrong_bit" time="0.535" /><testcase classname="tests.test_beam_bundle" name="test_split_cases_have_independent_complete_buffer_oracles" time="7.706" /><testcase classname="tests.test_beam_bundle" name="test_dedup_cases_have_aligned_count_plane_oracles" time="12.628" /><testcase classname="tests.test_beam_collector" name="test_reserve_group_prefers_current_but_never_busy_or_overflow[used0-busy0-0-5-0]" time="0.001" /><testcase classname="tests.test_beam_collector" name="test_reserve_group_prefers_current_but_never_busy_or_overflow[used1-busy1-0-2-1]" time="0.001" /><testcase classname="tests.test_beam_collector" name="test_reserve_group_prefers_current_but_never_busy_or_overflow[used2-busy2-0-5-1]" time="0.001" /><testcase classname="tests.test_beam_collector" name="test_reserve_group_prefers_current_but_never_busy_or_overflow[used3-busy3-0-2-None]" time="0.001" /><testcase classname="tests.test_beam_collector" name="test_reserve_group_prefers_current_but_never_busy_or_overflow[used4-busy4-0-1-None]" time="0.001" /><testcase classname="tests.test_beam_collector" name="test_empty_arrival_does_not_overflow_full_busy_buffers" time="0.001" /><testcase classname="tests.test_beam_collector_batch" name="test_all_shard_preflight_gates_earlier_groups_on_late_overflow[False]" time="0.325" /><testcase classname="tests.test_beam_collector_batch" name="test_all_shard_preflight_gates_earlier_groups_on_late_overflow[True]" time="0.292" /><testcase classname="tests.test_beam_collector_bundle" name="test_bundle_continues_after_failed_child_and_never_promotes_missing_result" time="0.018" /><testcase classname="tests.test_beam_collector_full_probe" name="test_full_collector_adapter_retains_rank_and_all_four_results" time="0.451" /><testcase classname="tests.test_beam_collector_gather_lowering" name="test_collector_gathers_meet_mosaic_take_along_axis_shape_contract[append]" time="0.023" /><testcase classname="tests.test_beam_collector_gather_lowering" name="test_collector_gathers_meet_mosaic_take_along_axis_shape_contract[scatter]" time="0.025" /><testcase classname="tests.test_beam_collector_groups" name="test_group_reserves_one_sibling_before_any_tile_write[used0-256-1]" time="2.080" /><testcase classname="tests.test_beam_collector_groups" name="test_group_reserves_one_sibling_before_any_tile_write[used1-256-None]" time="2.303" /><testcase classname="tests.test_beam_collector_groups" name="test_group_reserves_one_sibling_before_any_tile_write[used2-257-0]" time="2.124" /><testcase classname="tests.test_beam_collector_hash_partition" name="test_hash_partition_uses_shard_salt_not_owner_and_preserves_metadata" time="6.592" /><testcase classname="tests.test_beam_collector_integration" name="test_hash_collector_fills_siblings_then_rejects_whole_input" time="28.152" /><testcase classname="tests.test_beam_collector_partition" name="test_partition_keeps_stable_shard_groups_and_excludes_padding[201-4-False]" time="6.281" /><testcase classname="tests.test_beam_collector_partition" name="test_partition_keeps_stable_shard_groups_and_excludes_padding[0-3-False]" time="6.894" /><testcase classname="tests.test_beam_collector_partition" name="test_partition_keeps_stable_shard_groups_and_excludes_padding[256-3-True]" time="6.240" /><testcase classname="tests.test_beam_collector_probe" name="test_collector_shard_adapter_returns_buffers_and_aligned_control" time="0.020" /><testcase classname="tests.test_beam_collector_probe" name="test_group_adapter_preserves_multitile_capacity" time="0.085" /><testcase classname="tests.test_beam_collector_scatter" name="test_partition_scatter_is_whole_batch_and_handles_unaligned_ranges[success]" time="0.697" /><testcase classname="tests.test_beam_collector_scatter" name="test_partition_scatter_is_whole_batch_and_handles_unaligned_ranges[overflow]" time="0.961" /><testcase classname="tests.test_beam_collector_scatter" name="test_partition_scatter_is_whole_batch_and_handles_unaligned_ranges[empty]" time="0.835" /><testcase classname="tests.test_beam_compare_exchange_probe" name="test_compare_exchange_probe_covers_real_first_comparator_boundaries" time="0.001" /><testcase classname="tests.test_beam_compare_exchange_probe" name="test_compare_exchange_probe_interpreter_matches_numpy[partner_gather]" time="0.072" /><testcase classname="tests.test_beam_compare_exchange_probe" name="test_compare_exchange_probe_interpreter_matches_numpy[swap_predicate]" time="0.133" /><testcase classname="tests.test_beam_compare_exchange_probe" name="test_compare_exchange_probe_interpreter_matches_numpy[select_broadcast]" time="0.134" /><testcase classname="tests.test_beam_compare_exchange_probe" name="test_compare_exchange_probe_interpreter_matches_numpy[select_full]" time="0.132" /><testcase classname="tests.test_beam_compare_exchange_probe" name="test_compare_exchange_probe_interpreter_matches_numpy[select_rowwise]" time="0.258" /><testcase classname="tests.test_beam_compare_exchange_probe" name="test_compare_exchange_probe_interpreter_matches_numpy[select_arithmetic]" time="0.145" /><testcase classname="tests.test_beam_compare_exchange_probe" name="test_compare_exchange_probe_interpreter_matches_numpy[swap_boolean_logic]" time="0.127" /><testcase classname="tests.test_beam_compare_exchange_probe" name="test_compare_exchange_probe_interpreter_matches_numpy[select_boolean_logic]" time="0.136" /><testcase classname="tests.test_beam_dedup" name="test_dedup_preserves_128bit_identity_and_stage_tiebreak[stream3]" time="2.651" /><testcase classname="tests.test_beam_dedup" name="test_dedup_preserves_128bit_identity_and_stage_tiebreak[stream4]" time="2.672" /><testcase classname="tests.test_beam_dedup" name="test_uintmax_threshold_does_not_admit_padding[0]" time="3.402" /><testcase classname="tests.test_beam_dedup" name="test_uintmax_threshold_does_not_admit_padding[1]" time="3.351" /><testcase classname="tests.test_beam_dedup" name="test_uintmax_threshold_does_not_admit_padding[128]" time="3.103" /><testcase classname="tests.test_beam_dedup" name="test_stream4_tie_break_uses_route_after_full_parent" time="3.234" /><testcase classname="tests.test_beam_dedup_stage_probe" name="test_dedup_stage_probe_has_monotonic_real_pipeline_boundaries" time="0.002" /><testcase classname="tests.test_beam_dedup_stage_probe" name="test_dedup_stage_probe_interpreter_matches_independent_numpy[initial]" time="0.110" /><testcase classname="tests.test_beam_dedup_stage_probe" name="test_dedup_stage_probe_interpreter_matches_independent_numpy[first_sort]" time="1.847" /><testcase classname="tests.test_beam_dedup_stage_probe" name="test_dedup_stage_probe_interpreter_matches_independent_numpy[uniqueness]" time="1.629" /><testcase classname="tests.test_beam_dedup_stage_probe" name="test_dedup_stage_probe_interpreter_matches_independent_numpy[second_sort]" time="2.715" /><testcase classname="tests.test_beam_dedup_stage_probe" name="test_dedup_stage_probe_interpreter_matches_independent_numpy[final_select]" time="2.605" /><testcase classname="tests.test_beam_dma_ring" name="test_nonzero_transfer_requires_published_destination_readiness" time="0.001" /><testcase classname="tests.test_beam_dma_ring" name="test_source_and_destination_reuse_have_separate_gates" time="0.001" /><testcase classname="tests.test_beam_dma_ring" name="test_zero_count_epoch_participates_without_dma_or_semaphore_wait" time="0.001" /><testcase classname="tests.test_beam_dma_ring" name="test_multiple_wraps_require_ack_before_slot_reuse" time="0.001" /><testcase classname="tests.test_beam_external_dedup" name="test_unique_marker_compares_predecessor_across_tiles_and_keeps_hash_zero" time="0.177" /><testcase classname="tests.test_beam_external_dedup" name="test_unique_marker_all_duplicate_and_empty" time="0.329" /><testcase classname="tests.test_beam_external_dedup" name="test_external_stream3_threshold_winner_compaction_and_neutral_tail" time="13.158" /><testcase classname="tests.test_beam_external_dedup" name="test_external_dedup_matches_original_stream3_cpp_at_256" time="12.836" /><testcase classname="tests.test_beam_external_dedup_probe" name="test_output_blocks_obey_tpu_trailing_dimension_contract" time="0.666" /><testcase classname="tests.test_beam_external_dedup_probe" name="test_shard_adapter_accepts_local_rank_three_controls" time="0.001" /><testcase classname="tests.test_beam_external_sort" name="test_external_compare_exchange_pass_matches_global_bitonic_network[2-1]" time="0.164" /><testcase classname="tests.test_beam_external_sort" name="test_external_compare_exchange_pass_matches_global_bitonic_network[256-128]" time="0.137" /><testcase classname="tests.test_beam_external_sort" name="test_external_compare_exchange_pass_matches_global_bitonic_network[256-64]" time="0.154" /><testcase classname="tests.test_beam_external_sort" name="test_external_compare_exchange_pass_rejects_unaligned_or_invalid_network" time="0.033" /><testcase classname="tests.test_beam_external_sort" name="test_external_bitonic_sort_orders_256_columns_with_valid_records_first" time="5.758" /><testcase classname="tests.test_beam_external_sort_launcher" name="test_external_sort_launcher_is_private_eight_tpu_and_pins_source" time="0.002" /><testcase classname="tests.test_beam_external_split" name="test_external_split_preserves_records_order_counts_and_neutral_tail[256-0-mixed]" time="11.747" /><testcase classname="tests.test_beam_external_split" name="test_external_split_preserves_records_order_counts_and_neutral_tail[256-256-mixed]" time="12.274" /><testcase classname="tests.test_beam_external_split" name="test_external_split_preserves_records_order_counts_and_neutral_tail[256-129-local]" time="11.426" /><testcase classname="tests.test_beam_external_split" name="test_external_split_preserves_records_order_counts_and_neutral_tail[256-255-remote]" time="12.670" /><testcase classname="tests.test_beam_external_split" name="test_external_split_preserves_records_order_counts_and_neutral_tail[512-511-mixed]" time="13.996" /><testcase classname="tests.test_beam_external_split_probe" name="test_local_adapter_preserves_aligned_control_shape" time="0.635" /><testcase classname="tests.test_beam_external_stream3" name="test_composed_external_stream3_matches_original_cpp_winners_and_routing" time="24.235" /><testcase classname="tests.test_beam_gather_lowering" name="test_gathers_meet_mosaic_supported_shape_and_mode[hash_goal_120_24]" time="0.050" /><testcase classname="tests.test_beam_gather_lowering" name="test_gathers_meet_mosaic_supported_shape_and_mode[hash_goal_150_30]" time="0.035" /><testcase classname="tests.test_beam_gather_lowering" name="test_gathers_meet_mosaic_supported_shape_and_mode[dedup_stream3_128]" time="0.270" /><testcase classname="tests.test_beam_gather_lowering" name="test_no_scalar_uint8_load_or_scatter_after_v2[hash_goal_120_24]" time="0.030" /><testcase classname="tests.test_beam_gather_lowering" name="test_no_scalar_uint8_load_or_scatter_after_v2[dedup_stream4_128]" time="0.310" /><testcase classname="tests.test_beam_gather_lowering" name="test_dedup_count_reduction_uses_supported_signed_arithmetic" time="0.448" /><testcase classname="tests.test_beam_gather_lowering" name="test_dedup_previous_index_avoids_unsigned_maximum" time="0.272" /><testcase classname="tests.test_beam_gather_lowering" name="test_control_outputs_never_store_scalars_to_vmem[dedup_stream3_128]" time="0.245" /><testcase classname="tests.test_beam_gather_lowering" name="test_control_outputs_never_store_scalars_to_vmem[split_0]" time="0.230" /><testcase classname="tests.test_beam_gather_lowering" name="test_control_outputs_never_store_scalars_to_vmem[split_127]" time="0.391" /><testcase classname="tests.test_beam_gather_lowering" name="test_control_plane_construction_has_no_boolean_select[dedup_stream3_128]" time="0.274" /><testcase classname="tests.test_beam_gather_lowering" name="test_control_plane_construction_has_no_boolean_select[split_0]" time="0.200" /><testcase classname="tests.test_beam_gather_lowering" name="test_control_plane_construction_has_no_boolean_select[split_127]" time="0.219" /><testcase classname="tests.test_beam_gather_lowering" name="test_bitonic_swap_predicate_avoids_mosaic_invalid_boolean_select[dedup_stream3_128]" time="0.433" /><testcase classname="tests.test_beam_gather_lowering" name="test_bitonic_swap_predicate_avoids_mosaic_invalid_boolean_select[split_0]" time="0.228" /><testcase classname="tests.test_beam_gather_lowering" name="test_bitonic_swap_predicate_avoids_mosaic_invalid_boolean_select[split_127]" time="0.224" /><testcase classname="tests.test_beam_hash" name="test_word_arithmetic_matches_unsigned64_modulo[8-7]" time="0.540" /><testcase classname="tests.test_beam_hash" name="test_word_arithmetic_matches_unsigned64_modulo[3-4294967295]" time="0.421" /><testcase classname="tests.test_beam_hash" name="test_word_arithmetic_matches_unsigned64_modulo[256-1024]" time="0.320" /><testcase classname="tests.test_beam_hash" name="test_word_arithmetic_matches_unsigned64_modulo[1-1]" time="0.290" /><testcase classname="tests.test_beam_isolated_bundle" name="test_native_abort_preserves_partial_report_and_runs_next_group" time="0.020" /><testcase classname="tests.test_beam_isolated_bundle" name="test_exit_zero_without_results_is_not_success" time="0.010" /><testcase classname="tests.test_beam_isolated_bundle" name="test_exact_gate_requires_every_requested_case" time="0.020" /><testcase classname="tests.test_beam_pallas_collector" name="test_pallas_append_preserves_sibling_and_existing_records[used0-busy0-127-0]" time="0.480" /><testcase classname="tests.test_beam_pallas_collector" name="test_pallas_append_preserves_sibling_and_existing_records[used1-busy1-128-1]" time="0.453" /><testcase classname="tests.test_beam_pallas_collector" name="test_pallas_append_preserves_sibling_and_existing_records[used2-busy2-127-1]" time="0.461" /><testcase classname="tests.test_beam_pallas_collector" name="test_pallas_append_preserves_sibling_and_existing_records[used3-busy3-128-None]" time="0.621" /><testcase classname="tests.test_beam_pallas_collector" name="test_pallas_append_preserves_sibling_and_existing_records[used4-busy4-0-None]" time="0.441" /><testcase classname="tests.test_beam_pallas_collector" name="test_repeated_arrivals_fill_siblings_then_sticky_fatal_blocks_writes" time="3.750" /><testcase classname="tests.test_beam_previous_index_probe" name="test_previous_index_probe_has_one_control_and_two_equivalent_candidates" time="0.003" /><testcase classname="tests.test_beam_previous_index_probe" name="test_previous_index_probe_interpreter_matches_numpy[maximum_control]" time="2.221" /><testcase classname="tests.test_beam_previous_index_probe" name="test_previous_index_probe_interpreter_matches_numpy[where_candidate]" time="1.912" /><testcase classname="tests.test_beam_previous_index_probe" name="test_previous_index_probe_interpreter_matches_numpy[arithmetic_candidate]" time="2.135" /><testcase classname="tests.test_beam_rdma_ring_probe" name="test_call_compiled_splats_multi_input_placement" time="0.001" /><testcase classname="tests.test_beam_rdma_ring_probe" name="test_right_permute_report_detects_exact_ring_and_one_wrong_word" time="0.001" /><testcase classname="tests.test_beam_rdma_ring_probe" name="test_right_permute_report_rejects_structure_mismatch" time="0.001" /><testcase classname="tests.test_beam_rdma_ring_probe" name="test_epoch_ring_oracle_rotates_active_epochs_and_zeros_inactive_epochs" time="0.001" /><testcase classname="tests.test_beam_rdma_ring_probe" name="test_variable_exchange_oracle_routes_each_offset_and_preserves_zero_count" time="0.001" /><testcase classname="tests.test_beam_rdma_ring_probe" name="test_integrated_stream3_oracle_checks_local_remote_routes_and_neutral_tails" time="0.001" /><testcase classname="tests.test_beam_remote_exchange" name="test_production_exchange_preserves_snapshot_and_count_abi[False]" time="0.016" /><testcase classname="tests.test_beam_remote_exchange" name="test_production_exchange_preserves_snapshot_and_count_abi[True]" time="0.015" /><testcase classname="tests.test_beam_selector_probe" name="test_selector_probe_covers_shared_survivor_forms" time="0.001" /><testcase classname="tests.test_beam_selector_probe" name="test_selector_probe_interpreter_is_exact[where_broadcast_bool]" time="0.072" /><testcase classname="tests.test_beam_selector_probe" name="test_selector_probe_interpreter_is_exact[where_full_bool]" time="0.074" /><testcase classname="tests.test_beam_selector_probe" name="test_selector_probe_interpreter_is_exact[arithmetic_broadcast_bool]" time="0.077" /><testcase classname="tests.test_beam_selector_probe" name="test_selector_probe_interpreter_is_exact[arithmetic_full_bool]" time="0.076" /><testcase classname="tests.test_beam_selector_probe" name="test_selector_probe_interpreter_is_exact[arithmetic_u32_mask]" time="0.094" /><testcase classname="tests.test_beam_source_parity" name="test_original_cpp_hash_goal_matches_pallas" time="0.860" /><testcase classname="tests.test_beam_source_parity" name="test_original_cpp_stream4_matches_pallas" time="3.007" /><testcase classname="tests.test_beam_source_parity" name="test_original_cpp_stream3_payload_ties_and_routing[8-3-3-127]" time="6.748" /><testcase classname="tests.test_beam_source_parity" name="test_original_cpp_stream3_payload_ties_and_routing[1-0-4294967295-127]" time="6.136" /><testcase classname="tests.test_beam_source_parity" name="test_original_cpp_stream3_payload_ties_and_routing[8-3-0-0]" time="6.275" /><testcase classname="tests.test_beam_stream2" name="test_candidate_identity_hash_and_exact_goal_with_tail[0]" time="0.371" /><testcase classname="tests.test_beam_stream2" name="test_candidate_identity_hash_and_exact_goal_with_tail[1]" time="0.305" /><testcase classname="tests.test_beam_stream2" name="test_candidate_identity_hash_and_exact_goal_with_tail[3]" time="0.277" /><testcase classname="tests.test_beam_stream2" name="test_hash_collision_does_not_report_goal_and_padding_is_compared" time="0.470" /><testcase classname="tests.test_beam_stream2" name="test_stream2_rejects_mismatched_tables" time="0.082" /><testcase classname="tests.test_beam_stream3_split" name="test_stream3_split_compacts_local_and_groups_remote_stably[7-8-3]" time="4.044" /><testcase classname="tests.test_beam_stream3_split" name="test_stream3_split_compacts_local_and_groups_remote_stably[7-1-0]" time="4.039" /><testcase classname="tests.test_beam_stream3_split" name="test_stream3_split_compacts_local_and_groups_remote_stably[0-8-3]" time="3.672" /><testcase classname="tests.test_beam_stream3_split" name="test_stream3_split_rejects_invalid_static_topology[kwargs0]" time="0.014" /><testcase classname="tests.test_beam_stream3_split" name="test_stream3_split_rejects_invalid_static_topology[kwargs1]" time="0.001" /><testcase classname="tests.test_beam_stream3_split" name="test_stream3_split_rejects_invalid_static_topology[kwargs2]" time="0.001" /><testcase classname="tests.test_beam_stream3_split" name="test_stream3_wire_slots_follow_ring_offsets_and_keep_neutral_tails[0]" time="0.538" /><testcase classname="tests.test_beam_stream3_split" name="test_stream3_wire_slots_follow_ring_offsets_and_keep_neutral_tails[1]" time="0.891" /><testcase classname="tests.test_beam_stream3_split" name="test_stream3_wire_slots_follow_ring_offsets_and_keep_neutral_tails[2]" time="0.530" /><testcase classname="tests.test_beam_stream3_split" name="test_stream3_wire_slots_follow_ring_offsets_and_keep_neutral_tails[3]" time="0.539" /><testcase classname="tests.test_beam_stream3_split" name="test_stream3_wire_slots_follow_ring_offsets_and_keep_neutral_tails[4]" time="0.559" /><testcase classname="tests.test_beam_stream3_split" name="test_stream3_wire_slots_follow_ring_offsets_and_keep_neutral_tails[5]" time="0.546" /><testcase classname="tests.test_beam_stream3_split" name="test_stream3_wire_slots_follow_ring_offsets_and_keep_neutral_tails[6]" time="0.532" /><testcase classname="tests.test_beam_stream3_split" name="test_stream3_wire_slots_follow_ring_offsets_and_keep_neutral_tails[7]" time="0.526" /><testcase classname="tests.test_beam_timing" name="test_timing_alternates_order_and_excludes_warmups_from_samples" time="0.001" /><testcase classname="tests.test_beam_transport" name="test_pallas_pack_preserves_all_bits_across_pipeline_wrap[False-2]" time="0.305" /><testcase classname="tests.test_beam_transport" name="test_pallas_pack_preserves_all_bits_across_pipeline_wrap[False-3]" time="0.250" /><testcase classname="tests.test_beam_transport" name="test_pallas_pack_preserves_all_bits_across_pipeline_wrap[True-2]" time="0.461" /><testcase classname="tests.test_beam_transport" name="test_pallas_pack_preserves_all_bits_across_pipeline_wrap[True-3]" time="0.751" /><testcase classname="tests.test_beam_transport" name="test_pack_rejects_invalid_geometry_and_dtype" time="0.157" /><testcase classname="tests.test_beam_types" name="test_logical_state_and_candidate_storage_are_independent[120-24-128]" time="0.001" /><testcase classname="tests.test_beam_types" name="test_logical_state_and_candidate_storage_are_independent[150-30-160]" time="0.001" /><testcase classname="tests.test_beam_types" name="test_lossless_words_and_neutral_invalid_tail" time="0.001" /><testcase classname="tests.test_beam_types" name="test_invalid_storage_rejected[args0]" time="0.001" /><testcase classname="tests.test_beam_types" name="test_invalid_storage_rejected[args1]" time="0.001" /><testcase classname="tests.test_beam_types" name="test_invalid_storage_rejected[args2]" time="0.001" /><testcase classname="tests.test_beam_types" name="test_invalid_word_value_is_not_silently_wrapped[0--1]" time="0.001" /><testcase classname="tests.test_beam_types" name="test_invalid_word_value_is_not_silently_wrapped[0-340282366920938463463374607431768211456]" time="0.001" /><testcase classname="tests.test_beam_types" name="test_invalid_word_value_is_not_silently_wrapped[1-18446744073709551616]" time="0.001" /><testcase classname="tests.test_beam_types" name="test_invalid_word_value_is_not_silently_wrapped[2-4294967296]" time="0.001" /><testcase classname="tests.test_beam_types" name="test_invalid_word_value_is_not_silently_wrapped[3--1]" time="0.001" /><testcase classname="tests.test_beam_types" name="test_invalid_word_value_is_not_silently_wrapped[1-1.5]" time="0.001" /><testcase classname="tests.test_beam_types" name="test_count_capacity_and_field_lengths_are_checked" time="0.001" /><testcase classname="tests.test_compiled_hlo_mxu" name="test_extracts_only_convolution_schedule_lines_and_preserves_order" time="0.001" /><testcase classname="tests.test_diagnostic_timing" name="test_paired_runs_forward_reverse_rounds_without_retracing" time="0.088" /><testcase classname="tests.test_diagnostic_timing" name="test_queued_keeps_same_arguments_and_reports_per_call_not_scan_latency" time="0.037" /><testcase classname="tests.test_diagnostic_timing" name="test_queued_synchronizes_every_retained_output_leaf" time="0.037" /><testcase classname="tests.test_diagnostic_timing" name="test_invalid_counts_fail_before_executing[0-paired-warmups]" time="0.038" /><testcase classname="tests.test_diagnostic_timing" name="test_invalid_counts_fail_before_executing[0-paired-repeats]" time="0.038" /><testcase classname="tests.test_diagnostic_timing" name="test_invalid_counts_fail_before_executing[0-queued-warmups]" time="0.036" /><testcase classname="tests.test_diagnostic_timing" name="test_invalid_counts_fail_before_executing[0-queued-repeats]" time="0.036" /><testcase classname="tests.test_diagnostic_timing" name="test_invalid_counts_fail_before_executing[0-queued-queue_depth]" time="0.037" /><testcase classname="tests.test_diagnostic_timing" name="test_invalid_counts_fail_before_executing[0-profile-iterations]" time="0.030" /><testcase classname="tests.test_diagnostic_timing" name="test_invalid_counts_fail_before_executing[-1-paired-warmups]" time="0.029" /><testcase classname="tests.test_diagnostic_timing" name="test_invalid_counts_fail_before_executing[-1-paired-repeats]" time="0.037" /><testcase classname="tests.test_diagnostic_timing" name="test_invalid_counts_fail_before_executing[-1-queued-warmups]" time="0.038" /><testcase classname="tests.test_diagnostic_timing" name="test_invalid_counts_fail_before_executing[-1-queued-repeats]" time="0.041" /><testcase classname="tests.test_diagnostic_timing" name="test_invalid_counts_fail_before_executing[-1-queued-queue_depth]" time="0.047" /><testcase classname="tests.test_diagnostic_timing" name="test_invalid_counts_fail_before_executing[-1-profile-iterations]" time="0.044" /><testcase classname="tests.test_diagnostic_timing" name="test_invalid_counts_fail_before_executing[1.5-paired-warmups]" time="0.038" /><testcase classname="tests.test_diagnostic_timing" name="test_invalid_counts_fail_before_executing[1.5-paired-repeats]" time="0.037" /><testcase classname="tests.test_diagnostic_timing" name="test_invalid_counts_fail_before_executing[1.5-queued-warmups]" time="0.036" /><testcase classname="tests.test_diagnostic_timing" name="test_invalid_counts_fail_before_executing[1.5-queued-repeats]" time="0.038" /><testcase classname="tests.test_diagnostic_timing" name="test_invalid_counts_fail_before_executing[1.5-queued-queue_depth]" time="0.038" /><testcase classname="tests.test_diagnostic_timing" name="test_invalid_counts_fail_before_executing[1.5-profile-iterations]" time="0.037" /><testcase classname="tests.test_diagnostic_timing" name="test_invalid_counts_fail_before_executing[True-paired-warmups]" time="0.039" /><testcase classname="tests.test_diagnostic_timing" name="test_invalid_counts_fail_before_executing[True-paired-repeats]" time="0.037" /><testcase classname="tests.test_diagnostic_timing" name="test_invalid_counts_fail_before_executing[True-queued-warmups]" time="0.036" /><testcase classname="tests.test_diagnostic_timing" name="test_invalid_counts_fail_before_executing[True-queued-repeats]" time="0.037" /><testcase classname="tests.test_diagnostic_timing" name="test_invalid_counts_fail_before_executing[True-queued-queue_depth]" time="0.036" /><testcase classname="tests.test_diagnostic_timing" name="test_invalid_counts_fail_before_executing[True-profile-iterations]" time="0.041" /><testcase classname="tests.test_diagnostic_timing" name="test_lazy_jit_cannot_silently_compile_inside_measurement[paired]" time="0.029" /><testcase classname="tests.test_diagnostic_timing" name="test_lazy_jit_cannot_silently_compile_inside_measurement[queued]" time="0.004" /><testcase classname="tests.test_diagnostic_timing" name="test_lazy_jit_cannot_silently_compile_inside_measurement[profile]" time="0.005" /><testcase classname="tests.test_diagnostic_timing" name="test_empty_paired_cases_are_rejected" time="0.001" /><testcase classname="tests.test_diagnostic_timing" name="test_paired_requires_tuple_arguments" time="0.034" /><testcase classname="tests.test_diagnostic_timing" name="test_executable_argument_errors_are_not_dropped" time="0.059" /><testcase classname="tests.test_diagnostic_timing" name="test_profile_runs_existing_executable_inside_diagnostic_scope" time="0.039" /><testcase classname="tests.test_diagnostic_timing" name="test_profile_failure_is_left_to_caller" time="0.038" /><testcase classname="tests.test_embedding_experimental" name="test_position_major_lookup_and_runtime_table[jax_flat]" time="0.098" /><testcase classname="tests.test_embedding_experimental" name="test_position_major_lookup_and_runtime_table[jax_tiled]" time="0.060" /><testcase classname="tests.test_embedding_experimental" name="test_position_major_lookup_and_runtime_table[pallas_banked]" time="0.184" /><testcase classname="tests.test_embedding_experimental" name="test_prepacked_banks_preserve_bf16_conversion_order_and_hand_layout[bfloat16]" time="0.747" /><testcase classname="tests.test_embedding_experimental" name="test_prepacked_banks_preserve_bf16_conversion_order_and_hand_layout[float32]" time="0.216" /><testcase classname="tests.test_embedding_experimental" name="test_prepacked_lookup_is_exact_and_does_not_receive_runtime_embedding[bfloat16]" time="0.298" /><testcase classname="tests.test_embedding_experimental" name="test_prepacked_lookup_is_exact_and_does_not_receive_runtime_embedding[float32]" time="0.308" /><testcase classname="tests.test_embedding_experimental" name="test_runtime_and_prepacked_banked_paths_are_exactly_equivalent" time="0.807" /><testcase classname="tests.test_embedding_experimental" name="test_banked_lut_index_map_stays_int32_when_x64_is_enabled" time="0.003" /><testcase classname="tests.test_embedding_experimental" name="test_invalid_prepacked_contract_is_rejected[dtype]" time="0.118" /><testcase classname="tests.test_embedding_experimental" name="test_invalid_prepacked_contract_is_rejected[shape]" time="0.040" /><testcase classname="tests.test_embedding_experimental" name="test_invalid_prepacked_contract_is_rejected[phases]" time="0.039" /><testcase classname="tests.test_embedding_experimental" name="test_invalid_prepacked_contract_is_rejected[embed_dim]" time="0.005" /><testcase classname="tests.test_embedding_experimental" name="test_invalid_prepacked_contract_is_rejected[bank_type]" time="0.004" /><testcase classname="tests.test_embedding_experimental" name="test_checkpoint_shape_class149_state_bank_and_tail[jax_flat]" time="0.686" /><testcase classname="tests.test_embedding_experimental" name="test_checkpoint_shape_class149_state_bank_and_tail[jax_tiled]" time="0.191" /><testcase classname="tests.test_embedding_experimental" name="test_checkpoint_shape_class149_state_bank_and_tail[pallas_banked]" time="0.356" /><testcase classname="tests.test_embedding_experimental" name="test_invalid_static_contract_is_rejected[signed]" time="0.031" /><testcase classname="tests.test_embedding_experimental" name="test_invalid_static_contract_is_rejected[empty]" time="0.015" /><testcase classname="tests.test_embedding_experimental" name="test_invalid_static_contract_is_rejected[unknown]" time="0.001" /><testcase classname="tests.test_embedding_experimental" name="test_invalid_static_contract_is_rejected[zero_tile]" time="0.001" /><testcase classname="tests.test_embedding_experimental" name="test_invalid_static_contract_is_rejected[rank]" time="0.014" /><testcase classname="tests.test_embedding_experimental" name="test_invalid_static_contract_is_rejected[integer_table]" time="0.052" /><testcase classname="tests.test_embedding_experimental" name="test_kernel_gathers_use_supported_mosaic_contract_not_general_take" time="0.045" /><testcase classname="tests.test_exact_inference_frontier" name="test_frontier_matrix_keeps_the_accepted_winner_and_bounds_the_sweep" time="0.001" /><testcase classname="tests.test_exact_inference_frontier" name="test_head_promotion_requires_both_corpora_exact_and_ranks_by_speed" time="0.001" /><testcase classname="tests.test_exact_inference_frontier" name="test_frontier_improvement_must_beat_the_accepted_exact_path_everywhere" time="0.001" /><testcase classname="tests.test_exact_inference_frontier" name="test_materialization_is_exact_while_pallas_head_remains_an_experimental_arm" time="0.265" /><testcase classname="tests.test_exact_inference_frontier" name="test_tiny_frontier_bundle_preserves_the_accepted_exact_fallback" time="1.715" /><testcase classname="tests.test_exact_inference_frontier" name="test_cli_paths_are_explicit_and_do_not_depend_on_the_working_directory" time="0.008" /><testcase classname="tests.test_exact_inference_frontier" name="test_profile_plan_includes_both_accepted_and_new_selected_split_stages" time="0.001" /><testcase classname="tests.test_exact_inference_frontier_launcher" name="test_exact_frontier_launcher_contract" time="0.002" /><testcase classname="tests.test_execution_boundary_analysis" name="test_gate_requires_each_corpus_at_the_same_batch_and_excludes_controls" time="0.001" /><testcase classname="tests.test_execution_boundary_analysis" name="test_gate_rejects_one_bad_corpus_even_with_eligible_flag[inexact]" time="0.001" /><testcase classname="tests.test_execution_boundary_analysis" name="test_gate_rejects_one_bad_corpus_even_with_eligible_flag[nonfinite]" time="0.001" /><testcase classname="tests.test_execution_boundary_analysis" name="test_gate_rejects_one_bad_corpus_even_with_eligible_flag[unpaired]" time="0.001" /><testcase classname="tests.test_execution_boundary_analysis" name="test_gate_rejects_one_bad_corpus_even_with_eligible_flag[failed]" time="0.001" /><testcase classname="tests.test_execution_boundary_analysis" name="test_duplicate_corpus_is_not_two_corpus_confirmation" time="0.001" /><testcase classname="tests.test_execution_boundary_analysis" name="test_paired_summary_uses_matched_samples_not_ratio_of_averages" time="0.001" /><testcase classname="tests.test_execution_boundary_analysis" name="test_invalid_timing_samples_cannot_generate_speedup[reference0-candidate0]" time="0.001" /><testcase classname="tests.test_execution_boundary_analysis" name="test_invalid_timing_samples_cannot_generate_speedup[reference1-candidate1]" time="0.001" /><testcase classname="tests.test_execution_boundary_analysis" name="test_invalid_timing_samples_cannot_generate_speedup[reference2-candidate2]" time="0.001" /><testcase classname="tests.test_execution_boundary_analysis" name="test_invalid_timing_samples_cannot_generate_speedup[reference3-candidate3]" time="0.001" /><testcase classname="tests.test_execution_boundary_analysis" name="test_inconsistent_profile_is_reported_not_silently_rescaled" time="0.001" /><testcase classname="tests.test_execution_boundary_analysis" name="test_loop_container_and_its_children_are_not_counted_twice" time="0.001" /><testcase classname="tests.test_execution_boundary_benchmark" name="test_tiny_bundle_keeps_failed_cases_controls_and_partial_json" time="4.257" /><testcase classname="tests.test_execution_boundary_benchmark" name="test_duplicate_ids_are_rejected_before_overwriting_results" time="0.008" /><testcase classname="tests.test_execution_boundary_benchmark" name="test_exact_noncontrol_runs_a_genuinely_larger_confirmation" time="5.340" /><testcase classname="tests.test_execution_boundary_benchmark" name="test_all_full_cases_failing_is_terminal_error_with_partial_json" time="1.910" /><testcase classname="tests.test_execution_boundary_launcher" name="test_private_launcher_pins_public_source_runtime_and_preserves_console_log" time="0.002" /><testcase classname="tests.test_execution_boundary_ops" name="test_full_control_preserves_model_and_runtime_fp32_embedding" time="0.298" /><testcase classname="tests.test_execution_boundary_ops" name="test_barrier_modes_are_threaded_through_dense[none-0]" time="0.101" /><testcase classname="tests.test_execution_boundary_ops" name="test_barrier_modes_are_threaded_through_dense[pre-1]" time="0.053" /><testcase classname="tests.test_execution_boundary_ops" name="test_barrier_modes_are_threaded_through_dense[post-1]" time="0.056" /><testcase classname="tests.test_execution_boundary_ops" name="test_barrier_modes_are_threaded_through_dense[both-2]" time="0.059" /><testcase classname="tests.test_execution_boundary_ops" name="test_witness_coordinates_and_nonfinite_are_strict_json" time="0.001" /><testcase classname="tests.test_execution_boundary_ops" name="test_ln_instrumentation_keeps_same_source_output_and_statistics_shapes" time="0.176" /><testcase classname="tests.test_execution_boundary_ops" name="test_config_matrix_contains_independent_axes_and_no_unknown_fallback" time="0.029" /><testcase classname="tests.test_execution_boundary_ops" name="test_observed_node_summaries_do_not_poison_json_with_nan" time="0.013" /><testcase classname="tests.test_execution_boundary_ops" name="test_every_full_embedding_variant_uses_runtime_table" time="1.024" /><testcase classname="tests.test_execution_boundary_ops" name="test_prepacked_full_candidate_keeps_the_entire_resmlp_exact[bfloat16]" time="0.537" /><testcase classname="tests.test_execution_boundary_ops" name="test_prepacked_full_candidate_keeps_the_entire_resmlp_exact[float32]" time="0.401" /><testcase classname="tests.test_execution_boundary_ops" name="test_late_dense_full_builder_preserves_existing_arithmetic_path" time="0.511" /><testcase classname="tests.test_execution_boundary_ops" name="test_provenance_requires_all_four_identical_artifact_domains" time="0.001" /><testcase classname="tests.test_external_stream3_fixtures" name="test_fixture_oracle_empty_has_aligned_zero_counts_and_neutral_records" time="0.011" /><testcase classname="tests.test_external_stream3_probe" name="test_composed_adapter_removes_both_control_axes" time="1.186" /><testcase classname="tests.test_final_residual_ab_launcher" name="test_final_residual_launcher_is_private_tpu_and_reproducibly_pinned" time="0.002" /><testcase classname="tests.test_final_residual_execution_ab" name="test_every_final_cut_recomposes_the_unmodified_reference" time="0.026" /><testcase classname="tests.test_final_residual_execution_ab" name="test_taps_preserve_q_and_expose_only_one_requested_boundary" time="0.014" /><testcase classname="tests.test_final_residual_execution_ab" name="test_final_dense2_barrier_is_present_only_when_requested" time="0.023" /><testcase classname="tests.test_final_residual_execution_ab" name="test_target_matrix_pairs_each_tap_and_split_with_jax_control" time="0.002" /><testcase classname="tests.test_final_residual_execution_ab" name="test_output_specs_follow_backend_result_tree" time="0.001" /><testcase classname="tests.test_final_residual_execution_ab" name="test_monolithic_barrier_tap_and_split_cases_build_on_cpu" time="1.469" /><testcase classname="tests.test_inference_8device_benchmark" name="test_candidate_matrix_crosses_bm_and_bank_dtype_without_changing_network" time="0.002" /><testcase classname="tests.test_inference_8device_benchmark" name="test_eight_device_winner_must_be_exact_and_faster_on_every_corpus" time="0.001" /><testcase classname="tests.test_inference_8device_benchmark" name="test_eight_device_gate_rejects_incomplete_or_incomparable_candidate[inexact]" time="0.001" /><testcase classname="tests.test_inference_8device_benchmark" name="test_eight_device_gate_rejects_incomplete_or_incomparable_candidate[unpaired]" time="0.001" /><testcase classname="tests.test_inference_8device_benchmark" name="test_eight_device_gate_rejects_incomplete_or_incomparable_candidate[missing]" time="0.001" /><testcase classname="tests.test_inference_8device_benchmark" name="test_eight_device_gate_rejects_incomplete_or_incomparable_candidate[wrong_device]" time="0.001" /><testcase classname="tests.test_inference_8device_benchmark" name="test_eight_device_gate_rejects_incomplete_or_incomparable_candidate[wrong_batch]" time="0.001" /><testcase classname="tests.test_inference_8device_benchmark" name="test_weak_scaling_uses_fixed_local_batch_and_global_throughput" time="0.001" /><testcase classname="tests.test_inference_8device_benchmark" name="test_tiny_inference_bundle_executes_prepacked_path_and_checkpoints_json" time="0.989" /><testcase classname="tests.test_inference_8device_launcher" name="test_inference_launcher_is_private_tpu_and_pins_the_public_repository" time="0.002" /><testcase classname="tests.test_inference_execution_ab" name="test_execution_matrix_keeps_canonical_oracle_and_crosses_boundaries_and_backends" time="0.001" /><testcase classname="tests.test_inference_execution_ab" name="test_owner_mapping_is_global_row_to_exact_shard_and_local_row" time="0.001" /><testcase classname="tests.test_inference_execution_ab" name="test_winner_must_beat_fastest_exact_jax_control_on_every_corpus" time="0.001" /><testcase classname="tests.test_inference_execution_ab" name="test_split_helpers_match_monolithic_reference_on_tiny_cpu_fixture" time="0.010" /><testcase classname="tests.test_inference_execution_ab" name="test_input_dense_boundary_is_explicit_in_jaxpr" time="0.024" /><testcase classname="tests.test_inference_execution_ab" name="test_boundary_nodes_include_encoded_input_dense_each_block_and_q" time="0.271" /><testcase classname="tests.test_inference_execution_ab" name="test_all_execution_backends_build_and_repeat_deterministically" time="2.781" /><testcase classname="tests.test_inference_execution_ab_launcher" name="test_execution_ab_launcher_is_private_tpu_and_reproducibly_pinned" time="0.024" /><testcase classname="tests.test_layernorm_arithmetic" name="test_dense_rounds_dot_before_bias_and_preserves_legacy_difference[4-8-8]" time="0.836" /><testcase classname="tests.test_layernorm_arithmetic" name="test_dense_rounds_dot_before_bias_and_preserves_legacy_difference[3-4-5]" time="0.799" /><testcase classname="tests.test_layernorm_arithmetic" name="test_bf16_mean_rounds_after_division_over_logical_not_padded_width" time="0.978" /><testcase classname="tests.test_layernorm_arithmetic" name="test_fused_dense_propagates_early_rounding_and_logical_mean" time="0.879" /><testcase classname="tests.test_layernorm_arithmetic" name="test_fused_block_propagates_arithmetic_through_both_dense_and_norms" time="0.621" /><testcase classname="tests.test_layernorm_arithmetic" name="test_full_inference_propagates_arithmetic_including_prefix_and_q_head[8-separate]" time="0.865" /><testcase classname="tests.test_layernorm_arithmetic" name="test_full_inference_propagates_arithmetic_including_prefix_and_q_head[8-per_layer]" time="0.739" /><testcase classname="tests.test_layernorm_arithmetic" name="test_full_inference_propagates_arithmetic_including_prefix_and_q_head[8-per_block]" time="0.578" /><testcase classname="tests.test_layernorm_arithmetic" name="test_full_inference_propagates_arithmetic_including_prefix_and_q_head[130-separate]" time="0.937" /><testcase classname="tests.test_layernorm_arithmetic" name="test_full_inference_propagates_arithmetic_including_prefix_and_q_head[130-per_layer]" time="0.808" /><testcase classname="tests.test_layernorm_arithmetic" name="test_full_inference_propagates_arithmetic_including_prefix_and_q_head[130-per_block]" time="0.824" /><testcase classname="tests.test_layernorm_arithmetic" name="test_full_inference_rejects_unknown_arithmetic[dense_rounding-typo]" time="0.004" /><testcase classname="tests.test_layernorm_arithmetic" name="test_full_inference_rejects_unknown_arithmetic[mean_mode-typo]" time="0.003" /><testcase classname="tests.test_layernorm_arithmetic" name="test_non_embedding_prefix_rejects_unimplemented_early_rounding[virtual_one_hot_mxu]" time="0.003" /><testcase classname="tests.test_layernorm_arithmetic" name="test_non_embedding_prefix_rejects_unimplemented_early_rounding[fused_virtual_one_hot]" time="0.003" /><testcase classname="tests.test_layernorm_arithmetic_benchmark" name="test_runtime_original_payload_preserves_output_and_accepts_changed_weights" time="0.315" /><testcase classname="tests.test_layernorm_arithmetic_benchmark" name="test_jax_prefix_suffix_partition_preserves_model_operation_order" time="0.018" /><testcase classname="tests.test_layernorm_arithmetic_benchmark" name="test_same_suffix_comparison_does_not_attribute_reference_boundary_drift_to_candidate" time="0.057" /><testcase classname="tests.test_layernorm_arithmetic_benchmark" name="test_measure_compiles_runtime_arguments_and_writes_real_hlo" time="0.107" /><testcase classname="tests.test_layernorm_arithmetic_benchmark" name="test_checkpoint_rejects_nan_without_destroying_previous_result" time="0.007" /><testcase classname="tests.test_layernorm_arithmetic_benchmark" name="test_small_suite_records_controls_and_does_not_drop_failed_candidates" time="2.143" /><testcase classname="tests.test_layernorm_arithmetic_benchmark" name="test_unavailable_captured_control_does_not_cancel_runtime_experiments" time="1.684" /><testcase classname="tests.test_layernorm_experimental" name="test_masked_ln_matches_unpadded_expression[all-130-legacy_bf16]" time="0.676" /><testcase classname="tests.test_layernorm_experimental" name="test_masked_ln_matches_unpadded_expression[all-130-hlo_mixed]" time="0.894" /><testcase classname="tests.test_layernorm_experimental" name="test_masked_ln_matches_unpadded_expression[all-1024-legacy_bf16]" time="0.604" /><testcase classname="tests.test_layernorm_experimental" name="test_masked_ln_matches_unpadded_expression[all-1024-hlo_mixed]" time="0.700" /><testcase classname="tests.test_layernorm_experimental" name="test_masked_ln_matches_unpadded_expression[fp32_where-130-legacy_bf16]" time="0.287" /><testcase classname="tests.test_layernorm_experimental" name="test_masked_ln_matches_unpadded_expression[fp32_where-130-hlo_mixed]" time="0.283" /><testcase classname="tests.test_layernorm_experimental" name="test_masked_ln_matches_unpadded_expression[fp32_where-1024-legacy_bf16]" time="0.269" /><testcase classname="tests.test_layernorm_experimental" name="test_masked_ln_matches_unpadded_expression[fp32_where-1024-hlo_mixed]" time="0.456" /><testcase classname="tests.test_layernorm_experimental" name="test_masked_ln_matches_unpadded_expression[direct_2d-130-legacy_bf16]" time="0.334" /><testcase classname="tests.test_layernorm_experimental" name="test_masked_ln_matches_unpadded_expression[direct_2d-130-hlo_mixed]" time="0.227" /><testcase classname="tests.test_layernorm_experimental" name="test_masked_ln_matches_unpadded_expression[direct_2d-1024-legacy_bf16]" time="0.210" /><testcase classname="tests.test_layernorm_experimental" name="test_masked_ln_matches_unpadded_expression[direct_2d-1024-hlo_mixed]" time="0.187" /><testcase classname="tests.test_layernorm_experimental" name="test_single_mask_arms_preserve_unpadded_operator[none-legacy_bf16]" time="0.631" /><testcase classname="tests.test_layernorm_experimental" name="test_single_mask_arms_preserve_unpadded_operator[none-hlo_mixed]" time="0.549" /><testcase classname="tests.test_layernorm_experimental" name="test_single_mask_arms_preserve_unpadded_operator[input-legacy_bf16]" time="0.223" /><testcase classname="tests.test_layernorm_experimental" name="test_single_mask_arms_preserve_unpadded_operator[input-hlo_mixed]" time="0.222" /><testcase classname="tests.test_layernorm_experimental" name="test_single_mask_arms_preserve_unpadded_operator[center-legacy_bf16]" time="0.209" /><testcase classname="tests.test_layernorm_experimental" name="test_single_mask_arms_preserve_unpadded_operator[center-hlo_mixed]" time="0.200" /><testcase classname="tests.test_layernorm_experimental" name="test_single_mask_arms_preserve_unpadded_operator[output-legacy_bf16]" time="0.206" /><testcase classname="tests.test_layernorm_experimental" name="test_single_mask_arms_preserve_unpadded_operator[output-hlo_mixed]" time="0.220" /><testcase classname="tests.test_layernorm_experimental" name="test_partial_mask_arms_reject_padded_population[none]" time="0.002" /><testcase classname="tests.test_layernorm_experimental" name="test_partial_mask_arms_reject_padded_population[input]" time="0.002" /><testcase classname="tests.test_layernorm_experimental" name="test_partial_mask_arms_reject_padded_population[center]" time="0.002" /><testcase classname="tests.test_layernorm_experimental" name="test_partial_mask_arms_reject_padded_population[output]" time="0.002" /><testcase classname="tests.test_layernorm_experimental" name="test_raw_kernel_excludes_poisoned_tail_and_zeros_affine_tail[all-legacy_bf16]" time="0.446" /><testcase classname="tests.test_layernorm_experimental" name="test_raw_kernel_excludes_poisoned_tail_and_zeros_affine_tail[all-hlo_mixed]" time="0.483" /><testcase classname="tests.test_layernorm_experimental" name="test_raw_kernel_excludes_poisoned_tail_and_zeros_affine_tail[fp32_where-legacy_bf16]" time="0.137" /><testcase classname="tests.test_layernorm_experimental" name="test_raw_kernel_excludes_poisoned_tail_and_zeros_affine_tail[fp32_where-hlo_mixed]" time="0.125" /><testcase classname="tests.test_layernorm_experimental" name="test_raw_kernel_excludes_poisoned_tail_and_zeros_affine_tail[direct_2d-legacy_bf16]" time="0.127" /><testcase classname="tests.test_layernorm_experimental" name="test_raw_kernel_excludes_poisoned_tail_and_zeros_affine_tail[direct_2d-hlo_mixed]" time="0.128" /><testcase classname="tests.test_layernorm_experimental" name="test_mixed_schedule_is_not_all_fp32_or_legacy_bf16" time="0.334" /><testcase classname="tests.test_layernorm_experimental" name="test_float32_inputs_are_quantized_at_bf16_input_boundary" time="0.332" /><testcase classname="tests.test_layernorm_experimental" name="test_ln_rejects_invalid_options[kwargs0-arithmetic]" time="0.002" /><testcase classname="tests.test_layernorm_experimental" name="test_ln_rejects_invalid_options[kwargs1-mask_mode]" time="0.002" /><testcase classname="tests.test_layernorm_experimental" name="test_ln_rejects_invalid_options[kwargs2-bm]" time="0.001" /><testcase classname="tests.test_layernorm_experimental" name="test_ln_rejects_invalid_options[kwargs3-alignment]" time="0.001" /><testcase classname="tests.test_layernorm_experimental" name="test_ln_rejects_invalid_options[kwargs4-epsilon]" time="0.002" /><testcase classname="tests.test_layernorm_experimental" name="test_ln_rejects_invalid_options[kwargs5-epsilon]" time="0.001" /><testcase classname="tests.test_layernorm_experimental" name="test_ln_rejects_invalid_shapes[shapes0]" time="0.030" /><testcase classname="tests.test_layernorm_experimental" name="test_ln_rejects_invalid_shapes[shapes1]" time="0.060" /><testcase classname="tests.test_layernorm_experimental" name="test_ln_rejects_invalid_shapes[shapes2]" time="0.031" /><testcase classname="tests.test_layernorm_experimental" name="test_ln_rejects_invalid_shapes[shapes3]" time="0.016" /><testcase classname="tests.test_layernorm_experimental" name="test_ln_rejects_invalid_shapes[shapes4]" time="0.027" /><testcase classname="tests.test_layernorm_experimental" name="test_minimal_select_has_nonconstant_column_predicate[130-broadcast-bf16]" time="0.192" /><testcase classname="tests.test_layernorm_experimental" name="test_minimal_select_has_nonconstant_column_predicate[130-broadcast-fp32]" time="0.187" /><testcase classname="tests.test_layernorm_experimental" name="test_minimal_select_has_nonconstant_column_predicate[130-direct_2d-bf16]" time="0.120" /><testcase classname="tests.test_layernorm_experimental" name="test_minimal_select_has_nonconstant_column_predicate[130-direct_2d-fp32]" time="0.102" /><testcase classname="tests.test_layernorm_experimental" name="test_minimal_select_has_nonconstant_column_predicate[1024-broadcast-bf16]" time="0.201" /><testcase classname="tests.test_layernorm_experimental" name="test_minimal_select_has_nonconstant_column_predicate[1024-broadcast-fp32]" time="0.180" /><testcase classname="tests.test_layernorm_experimental" name="test_minimal_select_has_nonconstant_column_predicate[1024-direct_2d-bf16]" time="0.131" /><testcase classname="tests.test_layernorm_experimental" name="test_minimal_select_has_nonconstant_column_predicate[1024-direct_2d-fp32]" time="0.104" /><testcase classname="tests.test_layernorm_experimental" name="test_minimal_select_rejects_invalid_options[kwargs0]" time="0.033" /><testcase classname="tests.test_layernorm_experimental" name="test_minimal_select_rejects_invalid_options[kwargs1]" time="0.001" /><testcase classname="tests.test_layernorm_experimental" name="test_minimal_select_rejects_invalid_options[kwargs2]" time="0.001" /><testcase classname="tests.test_layernorm_experimental" name="test_ln_rejects_nonreal_input_dtype[int32]" time="0.031" /><testcase classname="tests.test_layernorm_experimental" name="test_ln_rejects_nonreal_input_dtype[complex64]" time="0.044" /><testcase classname="tests.test_layernorm_experimental" name="test_ln_rejects_nonreal_input_dtype[bool]" time="0.042" /><testcase classname="tests.test_layernorm_experimental" name="test_minimal_select_rejects_nonmatrix_or_empty_shape[shape0]" time="0.001" /><testcase classname="tests.test_layernorm_experimental" name="test_minimal_select_rejects_nonmatrix_or_empty_shape[shape1]" time="0.015" /><testcase classname="tests.test_layernorm_experimental" name="test_minimal_select_rejects_nonmatrix_or_empty_shape[shape2]" time="0.001" /><testcase classname="tests.test_layernorm_experimental" name="test_control_and_direct_probes_emit_distinct_predicate_ranks[False-ln]" time="0.009" /><testcase classname="tests.test_layernorm_experimental" name="test_control_and_direct_probes_emit_distinct_predicate_ranks[False-minimal]" time="0.005" /><testcase classname="tests.test_layernorm_experimental" name="test_control_and_direct_probes_emit_distinct_predicate_ranks[True-ln]" time="0.007" /><testcase classname="tests.test_layernorm_experimental" name="test_control_and_direct_probes_emit_distinct_predicate_ranks[True-minimal]" time="0.005" /><testcase classname="tests.test_layernorm_followup" name="test_full_jax_control_preserves_graph_order_and_runtime_head" time="0.356" /><testcase classname="tests.test_layernorm_followup" name="test_full_late_dense_keeps_jax_prefix_head_and_all_residuals" time="0.551" /><testcase classname="tests.test_layernorm_followup" name="test_quality_does_not_suppress_diagnostic_profile_or_enable_sample_speedup[0-False]" time="0.099" /><testcase classname="tests.test_layernorm_followup" name="test_quality_does_not_suppress_diagnostic_profile_or_enable_sample_speedup[1-True]" time="0.037" /><testcase classname="tests.test_layernorm_followup" name="test_gate_never_promotes_control_missing_corpus_or_nonexact_output" time="0.001" /><testcase classname="tests.test_layernorm_followup" name="test_tiny_bundle_preserves_errors_and_exact_control" time="3.801" /><testcase classname="tests.test_layernorm_followup" name="test_comparison_group_records_failure_and_retains_unpaired_diagnostics" time="0.037" /><testcase classname="tests.test_layernorm_followup" name="test_group_failure_invalidates_promotion_even_when_q_is_exact" time="0.001" /><testcase classname="tests.test_layernorm_followup" name="test_eligible_speedups_wait_for_all_corpora_and_exclude_controls" time="0.001" /><testcase classname="tests.test_layernorm_followup" name="test_tiny_group_failure_is_saved_without_aborting_other_corpora" time="6.497" /><testcase classname="tests.test_layernorm_followup" name="test_synthetic_bm_variants_share_values_and_normalization" time="0.992" /><testcase classname="tests.test_layernorm_quality" name="test_load_puzzle_preserves_q_move_order_and_validates_inverse" time="0.008" /><testcase classname="tests.test_layernorm_quality" name="test_load_puzzle_rejects_invalid_group_data[&lt;lambda&gt;0]" time="0.007" /><testcase classname="tests.test_layernorm_quality" name="test_load_puzzle_rejects_invalid_group_data[&lt;lambda&gt;1]" time="0.006" /><testcase classname="tests.test_layernorm_quality" name="test_load_puzzle_rejects_invalid_group_data[&lt;lambda&gt;2]" time="0.012" /><testcase classname="tests.test_layernorm_quality" name="test_load_puzzle_rejects_invalid_group_data[&lt;lambda&gt;3]" time="0.004" /><testcase classname="tests.test_layernorm_quality" name="test_load_puzzle_rejects_invalid_group_data[&lt;lambda&gt;4]" time="0.004" /><testcase classname="tests.test_layernorm_quality" name="test_load_puzzle_rejects_invalid_group_data[&lt;lambda&gt;5]" time="0.004" /><testcase classname="tests.test_layernorm_quality" name="test_load_puzzle_rejects_invalid_group_data[&lt;lambda&gt;6]" time="0.004" /><testcase classname="tests.test_layernorm_quality" name="test_load_puzzle_rejects_invalid_group_data[&lt;lambda&gt;7]" time="0.004" /><testcase classname="tests.test_layernorm_quality" name="test_load_puzzle_rejects_invalid_group_data[&lt;lambda&gt;8]" time="0.004" /><testcase classname="tests.test_layernorm_quality" name="test_load_puzzle_requires_real_file_and_requested_shape" time="0.004" /><testcase classname="tests.test_layernorm_quality" name="test_legal_scrambles_replay_and_reverse_with_independent_moves" time="0.006" /><testcase classname="tests.test_layernorm_quality" name="test_legal_scrambles_are_deterministic_and_batch_prefix_stable" time="0.005" /><testcase classname="tests.test_layernorm_quality" name="test_legal_scrambles_keep_high_uint8_labels_and_zero_depth" time="0.004" /><testcase classname="tests.test_layernorm_quality" name="test_legal_scrambles_reject_invalid_sizes[kwargs0]" time="0.004" /><testcase classname="tests.test_layernorm_quality" name="test_legal_scrambles_reject_invalid_sizes[kwargs1]" time="0.004" /><testcase classname="tests.test_layernorm_quality" name="test_legal_scrambles_reject_invalid_sizes[kwargs2]" time="0.004" /><testcase classname="tests.test_layernorm_quality" name="test_legal_scrambles_reject_invalid_sizes[kwargs3]" time="0.004" /><testcase classname="tests.test_layernorm_quality" name="test_legal_scrambles_reject_invalid_sizes[kwargs4]" time="0.004" /><testcase classname="tests.test_layernorm_quality" name="test_legal_scrambles_reject_invalid_sizes[kwargs5]" time="0.004" /><testcase classname="tests.test_layernorm_quality" name="test_inverse_valid_mask_uses_incoming_moves_and_seed_sentinel" time="0.000" /><testcase classname="tests.test_layernorm_quality" name="test_inverse_valid_mask_rejects_invalid_indices[last0-inverse0]" time="0.000" /><testcase classname="tests.test_layernorm_quality" name="test_inverse_valid_mask_rejects_invalid_indices[last1-inverse1]" time="0.001" /><testcase classname="tests.test_layernorm_quality" name="test_inverse_valid_mask_rejects_invalid_indices[last2-inverse2]" time="0.000" /><testcase classname="tests.test_layernorm_quality" name="test_inverse_valid_mask_rejects_invalid_indices[last3-inverse3]" time="0.000" /><testcase classname="tests.test_layernorm_quality" name="test_inverse_valid_mask_rejects_invalid_indices[last4-inverse4]" time="0.001" /><testcase classname="tests.test_layernorm_quality" name="test_tensor_metrics_measure_pairwise_values_without_threshold" time="0.000" /><testcase classname="tests.test_layernorm_quality" name="test_tensor_metrics_define_zero_norm_cosine[ref0-candidate0-1.0]" time="0.001" /><testcase classname="tests.test_layernorm_quality" name="test_tensor_metrics_define_zero_norm_cosine[ref1-candidate1-0.0]" time="0.001" /><testcase classname="tests.test_layernorm_quality" name="test_tensor_metrics_reject_incompatible_empty_or_complex_tensors[ref0-candidate0]" time="0.000" /><testcase classname="tests.test_layernorm_quality" name="test_tensor_metrics_reject_incompatible_empty_or_complex_tensors[ref1-candidate1]" time="0.000" /><testcase classname="tests.test_layernorm_quality" name="test_tensor_metrics_reject_incompatible_empty_or_complex_tensors[ref2-candidate2]" time="0.000" /><testcase classname="tests.test_layernorm_quality" name="test_minimizing_global_topk_catches_rowwise_agreement_blindspot" time="0.002" /><testcase classname="tests.test_layernorm_quality" name="test_minimizing_metrics_respect_mask_and_report_all_masked_rows" time="0.003" /><testcase classname="tests.test_layernorm_quality" name="test_minimizing_metrics_handle_single_legal_move_and_ties" time="0.002" /><testcase classname="tests.test_layernorm_quality" name="test_minimizing_metrics_distinguish_same_set_from_different_order" time="0.001" /><testcase classname="tests.test_layernorm_quality" name="test_nonfinite_scores_are_ineligible_and_json_safe_even_when_masked[False-nan]" time="0.001" /><testcase classname="tests.test_layernorm_quality" name="test_nonfinite_scores_are_ineligible_and_json_safe_even_when_masked[False-inf]" time="0.001" /><testcase classname="tests.test_layernorm_quality" name="test_nonfinite_scores_are_ineligible_and_json_safe_even_when_masked[False--inf]" time="0.001" /><testcase classname="tests.test_layernorm_quality" name="test_nonfinite_scores_are_ineligible_and_json_safe_even_when_masked[True-nan]" time="0.001" /><testcase classname="tests.test_layernorm_quality" name="test_nonfinite_scores_are_ineligible_and_json_safe_even_when_masked[True-inf]" time="0.001" /><testcase classname="tests.test_layernorm_quality" name="test_nonfinite_scores_are_ineligible_and_json_safe_even_when_masked[True--inf]" time="0.001" /><testcase classname="tests.test_layernorm_quality" name="test_minimizing_metrics_reject_invalid_k_and_masks[kwargs0]" time="0.001" /><testcase classname="tests.test_layernorm_quality" name="test_minimizing_metrics_reject_invalid_k_and_masks[kwargs1]" time="0.001" /><testcase classname="tests.test_layernorm_quality" name="test_minimizing_metrics_reject_invalid_k_and_masks[kwargs2]" time="0.001" /><testcase classname="tests.test_layernorm_quality" name="test_minimizing_metrics_reject_invalid_k_and_masks[kwargs3]" time="0.002" /><testcase classname="tests.test_layernorm_quality" name="test_minimizing_metrics_reject_invalid_k_and_masks[kwargs4]" time="0.001" /><testcase classname="tests.test_layernorm_quality" name="test_minimizing_metrics_reject_invalid_k_and_masks[kwargs5]" time="0.001" /><testcase classname="tests.test_layernorm_quality" name="test_minimizing_metrics_require_a_matrix" time="0.001" /><testcase classname="tests.test_sharding" name="test_sharded_inference_accepts_outputs_without_manual_vma_metadata" time="0.057" /><testcase classname="tests.test_stream1_architecture" name="test_existing_bn_constructor_remains_source_compatible" time="0.000" /><testcase classname="tests.test_stream1_architecture" name="test_artgor_architecture_is_derived_from_parameter_shapes" time="0.174" /><testcase classname="tests.test_stream1_architecture" name="test_artgor_architecture_rejects_inconsistent_shapes[&lt;lambda&gt;-embedding]" time="0.020" /><testcase classname="tests.test_stream1_architecture" name="test_artgor_architecture_rejects_inconsistent_shapes[&lt;lambda&gt;-input_stack]" time="0.004" /><testcase classname="tests.test_stream1_architecture" name="test_artgor_architecture_rejects_inconsistent_shapes[&lt;lambda&gt;-residual]" time="0.035" /><testcase classname="tests.test_stream1_architecture" name="test_artgor_architecture_rejects_inconsistent_shapes[&lt;lambda&gt;-head]" time="0.034" /><testcase classname="tests.test_stream1_contract" name="test_config_derives_move_and_state_sizes_from_generators" time="0.006" /><testcase classname="tests.test_stream1_contract" name="test_apply_all_moves_uses_candidate_order_parent_then_move" time="0.093" /><testcase classname="tests.test_stream1_contract" name="test_folded_input_linear_matches_literal_one_hot_result" time="0.287" /><testcase classname="tests.test_stream1_contract" name="test_quantize_score_matches_cuda_clamp_and_round_to_nearest_even" time="0.140" /><testcase classname="tests.test_stream1_contract" name="test_tpu_padding_never_truncates_logical_shape" time="0.001" /><testcase classname="tests.test_stream1_contract" name="test_production_matrix_tiles_reject_unaligned_dimensions" time="0.001" /><testcase classname="tests.test_stream1_inference" name="test_reference_inference_runs_complete_residual_graph_and_ignores_storage_padding" time="0.565" /><testcase classname="tests.test_stream1_inference" name="test_inference_rejects_weights_that_do_not_match_the_static_architecture" time="0.002" /><testcase classname="tests.test_stream1_inference" name="test_pallas_inference_matches_reference_for_complete_graph_in_interpret_mode" time="0.628" /><testcase classname="tests.test_stream1_inference" name="test_jitted_inference_keeps_weights_dynamic_and_architecture_static" time="0.113" /><testcase classname="tests.test_stream1_inference" name="test_jitted_pallas_inference_executes_the_complete_graph" time="0.314" /><testcase classname="tests.test_stream1_inference" name="test_pallas_inference_residual_fusion_modes_preserve_complete_graph[per_block]" time="0.609" /><testcase classname="tests.test_stream1_inference" name="test_pallas_inference_residual_fusion_modes_preserve_complete_graph[pairs]" time="0.775" /><testcase classname="tests.test_stream1_inference" name="test_architecture_rejects_storage_shorter_than_logical_state" time="0.001" /><testcase classname="tests.test_stream1_inference" name="test_checkpoint_import_folds_every_batch_norm_and_transposes_linear_weights" time="0.003" /><testcase classname="tests.test_stream1_inference" name="test_architecture_is_derived_from_checkpoint_shapes_not_model_name" time="0.001" /><testcase classname="tests.test_stream1_layernorm_block_diagnostic" name="test_block_diagnostic_is_incremental_and_uses_same_input" time="0.001" /><testcase classname="tests.test_stream1_layernorm_block_diagnostic" name="test_residual_block_ab_includes_real_one_kernel_candidate" time="0.001" /><testcase classname="tests.test_stream1_layernorm_comprehensive" name="test_screening_matrix_covers_tiling_statistics_and_kernel_boundaries" time="0.001" /><testcase classname="tests.test_stream1_layernorm_comprehensive" name="test_promotion_keeps_only_fastest_correct_candidates" time="0.001" /><testcase classname="tests.test_stream1_layernorm_depth_diagnostic" name="test_depth_diagnostic_covers_all_residual_depths" time="0.001" /><testcase classname="tests.test_stream1_layernorm_depth_diagnostic" name="test_depth_diagnostic_separates_boundary_and_statistics" time="0.001" /><testcase classname="tests.test_stream1_layernorm_depth_diagnostic" name="test_active_config_is_visible_to_incremental_checkpoints" time="0.001" /><testcase classname="tests.test_stream1_layernorm_exact" name="test_exact_prefix_and_head_recompose_reference_inference_on_cpu" time="0.160" /><testcase classname="tests.test_stream1_layernorm_exact" name="test_production_stages_match_the_benchmarked_winner_formulas" time="0.268" /><testcase classname="tests.test_stream1_layernorm_exact" name="test_exact_head_keeps_output_weights_dynamic" time="0.214" /><testcase classname="tests.test_stream1_layernorm_exact" name="test_sharded_exact_runner_preserves_a_real_dispatch_boundary" time="0.333" /><testcase classname="tests.test_stream1_layernorm_full_mlp" name="test_full_layernorm_mlp_compares_separate_and_selected_fusion" time="0.001" /><testcase classname="tests.test_stream1_layernorm_full_mlp" name="test_full_layernorm_benchmark_states_are_diverse_and_in_domain" time="0.389" /><testcase classname="tests.test_stream1_layernorm_fusion_ab" name="test_layernorm_fusion_ab_pairs_each_tile_plan" time="0.001" /><testcase classname="tests.test_stream1_layernorm_input_ab" name="test_input_ab_covers_each_encoding_with_aligned_unique_configs" time="0.001" /><testcase classname="tests.test_stream1_layernorm_input_ab" name="test_input_ab_records_compile_rejection_instead_of_aborting_sweep" time="0.001" /><testcase classname="tests.test_stream1_layernorm_pallas" name="test_pallas_layer_norm_matches_fp32_reference_with_alignment[8]" time="0.765" /><testcase classname="tests.test_stream1_layernorm_pallas" name="test_pallas_layer_norm_matches_fp32_reference_with_alignment[130]" time="0.346" /><testcase classname="tests.test_stream1_layernorm_pallas" name="test_pallas_layer_norm_constant_rows_are_finite_and_equal_bias" time="0.300" /><testcase classname="tests.test_stream1_layernorm_pallas" name="test_pallas_layer_norm_can_match_artgor_bf16_statistics" time="0.356" /><testcase classname="tests.test_stream1_layernorm_pallas" name="test_pallas_layer_norm_rejects_non_vector_affine_weights" time="0.001" /><testcase classname="tests.test_stream1_layernorm_pallas" name="test_pallas_input_candidates_match_fp32_prefix_reference[embedding_gather]" time="1.316" /><testcase classname="tests.test_stream1_layernorm_pallas" name="test_pallas_input_candidates_match_fp32_prefix_reference[virtual_one_hot_mxu]" time="0.574" /><testcase classname="tests.test_stream1_layernorm_pallas" name="test_pallas_input_candidates_match_fp32_prefix_reference[fused_virtual_one_hot]" time="0.397" /><testcase classname="tests.test_stream1_layernorm_pallas" name="test_complete_pallas_layernorm_resmlp_matches_reference" time="0.847" /><testcase classname="tests.test_stream1_layernorm_pallas" name="test_complete_fused_layernorm_resmlp_matches_separate_kernels" time="1.387" /><testcase classname="tests.test_stream1_layernorm_pallas" name="test_complete_bf16_statistics_fusion_matches_separate_kernels" time="1.459" /><testcase classname="tests.test_stream1_layernorm_pallas" name="test_one_kernel_residual_block_matches_two_fused_layers" time="1.028" /><testcase classname="tests.test_stream1_layernorm_pallas" name="test_complete_per_block_fusion_matches_per_layer_fusion" time="1.480" /><testcase classname="tests.test_stream1_layernorm_pallas" name="test_fused_dense_layer_norm_matches_fp32_reference[False-True]" time="0.445" /><testcase classname="tests.test_stream1_layernorm_pallas" name="test_fused_dense_layer_norm_matches_fp32_reference[True-True]" time="0.581" /><testcase classname="tests.test_stream1_layernorm_pallas" name="test_fused_dense_layer_norm_matches_fp32_reference[False-False]" time="0.276" /><testcase classname="tests.test_stream1_layernorm_pallas_exact" name="test_config_rejects_nonpositive_tiles" time="0.001" /><testcase classname="tests.test_stream1_layernorm_pallas_exact" name="test_skip_arithmetic_override_does_not_change_non_skip_layers" time="1.296" /><testcase classname="tests.test_stream1_layernorm_pallas_exact" name="test_call_count_respects_separate_skip_mode" time="0.004" /><testcase classname="tests.test_stream1_layernorm_pallas_exact" name="test_preactivation_ln_uses_raw_mean_but_bf16_centering[fp32-0.5]" time="0.204" /><testcase classname="tests.test_stream1_layernorm_pallas_exact" name="test_preactivation_ln_uses_raw_mean_but_bf16_centering[bf16-1.0]" time="0.153" /><testcase classname="tests.test_stream1_layernorm_pallas_exact" name="test_late_skip_keeps_half_bf16_ulp_until_after_residual_add[hlo_mixed_late_skip]" time="0.377" /><testcase classname="tests.test_stream1_layernorm_pallas_exact" name="test_late_skip_keeps_half_bf16_ulp_until_after_residual_add[monolithic_fp32_variance_late_skip]" time="0.113" /><testcase classname="tests.test_stream1_layernorm_pallas_exact" name="test_production_defaults_use_tpu_legal_bias_vector_tiles" time="0.001" /><testcase classname="tests.test_stream1_layernorm_pallas_exact" name="test_layernorm_block_indices_remain_int32_when_x64_is_enabled" time="0.003" /><testcase classname="tests.test_stream1_layernorm_pallas_exact" name="test_prepared_weights_quantize_embedding_once_into_runtime_banks" time="0.009" /><testcase classname="tests.test_stream1_layernorm_pallas_exact" name="test_layer_norm_activation_executes_normalization_skip_and_relu_in_pallas" time="0.434" /><testcase classname="tests.test_stream1_layernorm_pallas_exact" name="test_split_mean_layernorm_matches_hlo_mixed_interpret[False]" time="0.343" /><testcase classname="tests.test_stream1_layernorm_pallas_exact" name="test_split_mean_layernorm_matches_hlo_mixed_interpret[True]" time="0.345" /><testcase classname="tests.test_stream1_layernorm_pallas_exact" name="test_split_mean_custom_call_contract_adds_one_dispatch_per_layernorm" time="0.004" /><testcase classname="tests.test_stream1_layernorm_pallas_exact" name="test_fully_materialized_layernorm_matches_hlo_mixed_interpret[False]" time="0.541" /><testcase classname="tests.test_stream1_layernorm_pallas_exact" name="test_fully_materialized_layernorm_matches_hlo_mixed_interpret[True]" time="0.549" /><testcase classname="tests.test_stream1_layernorm_pallas_exact" name="test_fully_materialized_contract_uses_five_calls_per_layernorm" time="0.004" /><testcase classname="tests.test_stream1_layernorm_pallas_exact" name="test_monolithic_fp32_variance_matches_attribution_winner_in_interpret" time="0.247" /><testcase classname="tests.test_stream1_layernorm_pallas_exact" name="test_monolithic_fp32_variance_keeps_one_call_per_semantic_stage" time="0.004" /><testcase classname="tests.test_stream1_layernorm_pallas_exact" name="test_aligned_monolithic_math_has_no_predicate_or_select_in_jaxpr" time="0.004" /><testcase classname="tests.test_stream1_layernorm_pallas_exact" name="test_no_skip_monolithic_mode_reuses_the_tpu_proven_exact_probe" time="0.001" /><testcase classname="tests.test_stream1_layernorm_pallas_exact" name="test_fully_materialized_checkpoints_expose_the_executed_boundaries" time="0.879" /><testcase classname="tests.test_stream1_layernorm_pallas_exact" name="test_stage_trace_has_one_pallas_boundary_per_model_operator" time="0.882" /><testcase classname="tests.test_stream1_layernorm_pallas_exact" name="test_isolated_input_and_residual_blocks_match_the_stage_trace" time="1.852" /><testcase classname="tests.test_stream1_layernorm_pallas_exact" name="test_sharded_runner_returns_the_last_diagnostic_stage" time="1.515" /><testcase classname="tests.test_stream1_layernorm_reference" name="test_layernorm_reference_encodings_match_artgor_oracle[embedding_gather]" time="0.113" /><testcase classname="tests.test_stream1_layernorm_reference" name="test_layernorm_reference_encodings_match_artgor_oracle[virtual_one_hot_mxu]" time="0.009" /><testcase classname="tests.test_stream1_layernorm_reference" name="test_layernorm_reference_encodings_match_artgor_oracle[fused_virtual_one_hot]" time="0.010" /><testcase classname="tests.test_stream1_layernorm_reference" name="test_layernorm_reference_validates_weight_shapes" time="0.033" /><testcase classname="tests.test_stream1_layernorm_reference" name="test_universal_jitted_reference_dispatches_layernorm_statically" time="0.345" /><testcase classname="tests.test_stream1_layernorm_scaling" name="test_scaling_state_tile_is_valid_and_diverse" time="0.003" /><testcase classname="tests.test_stream1_layernorm_tiling" name="test_layernorm_tiling_candidates_are_unique_and_aligned" time="0.001" /><testcase classname="tests.test_stream1_pallas" name="test_pallas_apply_moves_preserves_parent_move_candidate_order_in_interpret_mode" time="0.126" /><testcase classname="tests.test_stream1_pallas" name="test_pallas_folded_input_builds_one_hot_tiles_inside_kernel" time="0.207" /><testcase classname="tests.test_stream1_pallas" name="test_pallas_embedding_sum_reads_only_selected_weight_rows" time="0.406" /><testcase classname="tests.test_stream1_pallas" name="test_pallas_dense_linear_fuses_bias_and_relu_with_bf16_output" time="0.159" /><testcase classname="tests.test_stream1_pallas" name="test_pallas_fused_folded_hidden_keeps_relu_hidden_between_matmuls" time="0.003" /><testcase classname="tests.test_stream1_pallas" name="test_pallas_fused_folded_hidden_accepts_pipeline_controls_in_interpret_mode" time="0.416" /><testcase classname="tests.test_stream1_pallas" name="test_pallas_fused_mlp_returns_only_logical_move_logits" time="0.004" /><testcase classname="tests.test_stream1_pallas" name="test_pallas_fused_residual_block_keeps_skip_until_second_matmul_finishes" time="0.488" /><testcase classname="tests.test_stream1_pallas" name="test_pallas_fused_two_residual_blocks_keeps_inter_block_value_in_vmem" time="0.432" /><testcase classname="tests.test_stream1_prefix_optimization" name="test_prefix_optimization_candidates_include_baseline_and_pipeline_controls" time="0.001" /><testcase classname="tests.test_stream1_prefix_optimization" name="test_prefix_benchmark_jit_keeps_weights_as_runtime_argument" time="0.002" /></testsuite></testsuites>