<?xml version="1.0" encoding="utf-8"?><testsuites name="pytest tests"><testsuite name="pytest" errors="0" failures="0" skipped="0" tests="9" time="3.198" timestamp="2026-09-06T02:19:25.569429+03:00" hostname="DESKTOP-KNUV1IO"><testcase classname="tests.test_beam_s4_s5_bundle" name="test_bundle_preserves_failed_process_and_runs_remaining_independent_groups[None]" time="0.029" /><testcase classname="tests.test_beam_s4_s5_bundle" name="test_bundle_preserves_failed_process_and_runs_remaining_independent_groups[s4]" time="0.027" /><testcase classname="tests.test_beam_s4_s5_bundle" name="test_bundle_preserves_failed_process_and_runs_remaining_independent_groups[request]" time="0.037" /><testcase classname="tests.test_beam_s4_s5_bundle" name="test_recovery_isolates_four_s5_groups_without_repeating_s4" time="0.015" /><testcase classname="tests.test_beam_s5_recovery_fixture" name="test_wire_and_reduction_recovery_are_matched_nonzero_first" time="0.057" /><testcase classname="tests.test_beam_s5_request_lowering" name="test_request_max_has_no_unsupported_unsigned_reduction" time="0.028" /><testcase classname="tests.test_beam_s5_histogram_exchange" name="test_single_rank_histogram_exchange_retains_both_planes_and_tiles" time="0.627" /><testcase classname="tests.test_beam_s5_histogram_exchange" name="test_eight_rank_histogram_exchange_traces_full_pair_width" time="0.027" /><testcase classname="tests.test_beam_s5_histogram_exchange" name="test_raw_wire_diagnostic_preserves_single_rank_payload" time="0.110" /></testsuite></testsuites>