<?xml version="1.0" encoding="utf-8"?><testsuites name="pytest tests"><testsuite name="pytest" errors="0" failures="0" skipped="0" tests="50" time="17.141" timestamp="2026-09-16T17:51:58.460303+03:00" hostname="DESKTOP-KNUV1IO"><testcase classname="tests.test_beam_packing_control_probe" name="test_packing_probe_keeps_runtime_selection_and_error_observable[False-packing_control]" time="0.854" /><testcase classname="tests.test_beam_packing_control_probe" name="test_packing_probe_keeps_runtime_selection_and_error_observable[False-packing_selection]" time="0.198" /><testcase classname="tests.test_beam_packing_control_probe" name="test_packing_probe_keeps_runtime_selection_and_error_observable[True-packing_control]" time="0.163" /><testcase classname="tests.test_beam_packing_control_probe" name="test_packing_probe_keeps_runtime_selection_and_error_observable[True-packing_selection]" time="0.193" /><testcase classname="tests.test_beam_packing_control_probe" name="test_guard_probe_exposes_only_live_interval_geometry[False]" time="0.225" /><testcase classname="tests.test_beam_packing_control_probe" name="test_guard_probe_exposes_only_live_interval_geometry[True]" time="0.214" /><testcase classname="tests.test_beam_packing_control_probe" name="test_selection_probe_preserves_invalid_unsigned_values[2048-0-0]" time="0.219" /><testcase classname="tests.test_beam_packing_control_probe" name="test_selection_probe_preserves_invalid_unsigned_values[2048-1-1]" time="0.212" /><testcase classname="tests.test_beam_packing_control_probe" name="test_selection_probe_preserves_invalid_unsigned_values[0-2049-1]" time="0.198" /><testcase classname="tests.test_beam_packing_control_probe" name="test_selection_probe_preserves_invalid_unsigned_values[4294967295-1-1]" time="0.225" /><testcase classname="tests.test_beam_packing_control_probe" name="test_selection_probe_preserves_invalid_unsigned_values[0-4294967295-1]" time="0.229" /><testcase classname="tests.test_beam_packing_control_probe" name="test_transfer_prefix_observes_aligned_tiles_and_gather[False-first]" time="0.286" /><testcase classname="tests.test_beam_packing_control_probe" name="test_transfer_prefix_observes_aligned_tiles_and_gather[False-second]" time="0.270" /><testcase classname="tests.test_beam_packing_control_probe" name="test_transfer_prefix_observes_aligned_tiles_and_gather[False-row_copy]" time="0.557" /><testcase classname="tests.test_beam_packing_control_probe" name="test_transfer_prefix_observes_aligned_tiles_and_gather[False-positions]" time="0.454" /><testcase classname="tests.test_beam_packing_control_probe" name="test_transfer_prefix_observes_aligned_tiles_and_gather[False-clipped_positions]" time="0.453" /><testcase classname="tests.test_beam_packing_control_probe" name="test_transfer_prefix_observes_aligned_tiles_and_gather[False-unmasked_gather]" time="0.679" /><testcase classname="tests.test_beam_packing_control_probe" name="test_transfer_prefix_observes_aligned_tiles_and_gather[False-gather]" time="0.851" /><testcase classname="tests.test_beam_packing_control_probe" name="test_transfer_prefix_observes_aligned_tiles_and_gather[False-bounded_gather]" time="0.623" /><testcase classname="tests.test_beam_packing_control_probe" name="test_transfer_prefix_observes_aligned_tiles_and_gather[False-rank2_gather]" time="0.355" /><testcase classname="tests.test_beam_packing_control_probe" name="test_transfer_prefix_observes_aligned_tiles_and_gather[True-first]" time="0.235" /><testcase classname="tests.test_beam_packing_control_probe" name="test_transfer_prefix_observes_aligned_tiles_and_gather[True-second]" time="0.241" /><testcase classname="tests.test_beam_packing_control_probe" name="test_transfer_prefix_observes_aligned_tiles_and_gather[True-row_copy]" time="0.558" /><testcase classname="tests.test_beam_packing_control_probe" name="test_transfer_prefix_observes_aligned_tiles_and_gather[True-positions]" time="0.445" /><testcase classname="tests.test_beam_packing_control_probe" name="test_transfer_prefix_observes_aligned_tiles_and_gather[True-clipped_positions]" time="0.504" /><testcase classname="tests.test_beam_packing_control_probe" name="test_transfer_prefix_observes_aligned_tiles_and_gather[True-unmasked_gather]" time="0.597" /><testcase classname="tests.test_beam_packing_control_probe" name="test_transfer_prefix_observes_aligned_tiles_and_gather[True-gather]" time="0.692" /><testcase classname="tests.test_beam_packing_control_probe" name="test_transfer_prefix_observes_aligned_tiles_and_gather[True-bounded_gather]" time="0.510" /><testcase classname="tests.test_beam_packing_control_probe" name="test_transfer_prefix_observes_aligned_tiles_and_gather[True-rank2_gather]" time="0.276" /><testcase classname="tests.test_beam_response_isolation_probe" name="test_isolated_stage_traces_real_production_output_abi[packing-want0]" time="0.041" /><testcase classname="tests.test_beam_response_isolation_probe" name="test_isolated_stage_traces_real_production_output_abi[packing_guard-want1]" time="0.011" /><testcase classname="tests.test_beam_response_isolation_probe" name="test_isolated_stage_traces_real_production_output_abi[packing_first_dma-want2]" time="0.011" /><testcase classname="tests.test_beam_response_isolation_probe" name="test_isolated_stage_traces_real_production_output_abi[packing_second_dma-want3]" time="0.013" /><testcase classname="tests.test_beam_response_isolation_probe" name="test_isolated_stage_traces_real_production_output_abi[packing_gather-want4]" time="0.040" /><testcase classname="tests.test_beam_response_isolation_probe" name="test_isolated_stage_traces_real_production_output_abi[packing_row_copy-want5]" time="0.024" /><testcase classname="tests.test_beam_response_isolation_probe" name="test_isolated_stage_traces_real_production_output_abi[packing_positions-want6]" time="0.022" /><testcase classname="tests.test_beam_response_isolation_probe" name="test_isolated_stage_traces_real_production_output_abi[packing_clipped_positions-want7]" time="0.023" /><testcase classname="tests.test_beam_response_isolation_probe" name="test_isolated_stage_traces_real_production_output_abi[packing_unmasked_gather-want8]" time="0.034" /><testcase classname="tests.test_beam_response_isolation_probe" name="test_isolated_stage_traces_real_production_output_abi[packing_bounded_gather-want9]" time="0.036" /><testcase classname="tests.test_beam_response_isolation_probe" name="test_isolated_stage_traces_real_production_output_abi[packing_rank2_gather-want10]" time="0.020" /><testcase classname="tests.test_beam_response_isolation_probe" name="test_isolated_stage_traces_real_production_output_abi[receive-want11]" time="0.416" /><testcase classname="tests.test_beam_response_isolation_probe" name="test_isolated_stage_traces_real_production_output_abi[planes_to_wire-want12]" time="0.036" /><testcase classname="tests.test_beam_response_isolation_probe" name="test_compile_runner_preserves_mlir_and_pending_state_on_compile_error" time="0.012" /><testcase classname="tests.test_beam_response_isolation_probe" name="test_compile_evidence_writer_records_real_completed_compilation" time="0.037" /><testcase classname="tests.test_beam_response_isolation_probe" name="test_cli_refuses_cpu_instead_of_reporting_tpu_success" time="2.188" /><testcase classname="tests.test_beam_response_isolation_bundle" name="test_abort_and_missing_compile_evidence_do_not_hide_remaining_stages" time="0.206" /><testcase classname="tests.test_beam_response_isolation_bundle" name="test_missing_or_partial_nested_report_preserves_later_diagnostics[None]" time="0.097" /><testcase classname="tests.test_beam_response_isolation_bundle" name="test_missing_or_partial_nested_report_preserves_later_diagnostics[{&quot;compiled&quot;:]" time="0.089" /><testcase classname="tests.test_beam_response_isolation_bundle" name="test_missing_or_partial_nested_report_preserves_later_diagnostics[[]]" time="0.093" /><testcase classname="tests.test_beam_response_isolation_bundle" name="test_missing_or_partial_nested_report_preserves_later_diagnostics[null]" time="0.093" /></testsuite></testsuites>