<?xml version="1.0" encoding="utf-8"?><testsuites name="pytest tests"><testsuite name="pytest" errors="0" failures="0" skipped="0" tests="20" time="158.172" timestamp="2026-09-06T04:19:22.409925+03:00" hostname="DESKTOP-KNUV1IO"><testcase classname="tests.test_beam_external_dedup" name="test_unique_marker_compares_predecessor_across_tiles_and_keeps_hash_zero" time="0.397" /><testcase classname="tests.test_beam_external_dedup" name="test_unique_marker_all_duplicate_and_empty" time="0.398" /><testcase classname="tests.test_beam_external_dedup" name="test_external_stream3_threshold_winner_compaction_and_neutral_tail" time="16.189" /><testcase classname="tests.test_beam_external_dedup" name="test_external_dedup_matches_original_stream3_cpp_at_256" time="17.139" /><testcase classname="tests.test_beam_external_s4" name="test_external_s4_uses_parent_high_low_route_not_payload_and_keeps_all_unique" time="18.209" /><testcase classname="tests.test_beam_external_s4" name="test_external_s4_matches_original_cpp_with_poisoned_tail[0-4294967295]" time="17.382" /><testcase classname="tests.test_beam_external_s4" name="test_external_s4_matches_original_cpp_with_poisoned_tail[251-5]" time="17.417" /><testcase classname="tests.test_beam_external_stream3" name="test_composed_external_stream3_matches_original_cpp_winners_and_routing" time="34.448" /><testcase classname="tests.test_beam_k1_keys" name="test_pallas_k1_fingerprint_and_buckets_match_original_cpp[1]" time="0.797" /><testcase classname="tests.test_beam_k1_keys" name="test_pallas_k1_fingerprint_and_buckets_match_original_cpp[32]" time="0.614" /><testcase classname="tests.test_beam_k1_keys" name="test_pallas_k1_fingerprint_and_buckets_match_original_cpp[1024]" time="0.804" /><testcase classname="tests.test_beam_source_parity" name="test_original_cpp_hash_goal_matches_pallas" time="1.249" /><testcase classname="tests.test_beam_source_parity" name="test_original_cpp_stream4_matches_pallas" time="3.824" /><testcase classname="tests.test_beam_source_parity" name="test_original_cpp_stream3_payload_ties_and_routing[8-3-3-127]" time="8.272" /><testcase classname="tests.test_beam_source_parity" name="test_original_cpp_stream3_payload_ties_and_routing[1-0-4294967295-127]" time="8.203" /><testcase classname="tests.test_beam_source_parity" name="test_original_cpp_stream3_payload_ties_and_routing[8-3-0-0]" time="7.602" /><testcase classname="tests.test_beam_source_route_oracle" name="test_original_cpp_hash_routing_accepts_arbitrary_metadata_hashes" time="0.078" /><testcase classname="tests.test_build_stream3_collector_fixtures" name="test_reference_admission_uses_full_group_and_preserves_failed_buffers[128]" time="0.016" /><testcase classname="tests.test_build_stream3_collector_fixtures" name="test_reference_admission_uses_full_group_and_preserves_failed_buffers[140]" time="0.013" /><testcase classname="tests.test_external_stream3_fixtures" name="test_fixture_oracle_empty_has_aligned_zero_counts_and_neutral_records" time="0.009" /></testsuite></testsuites>