<?xml version="1.0" encoding="utf-8"?><testsuites name="pytest tests"><testsuite name="pytest" errors="0" failures="0" skipped="0" tests="4" time="3.674" timestamp="2026-09-06T00:06:01.215138+03:00" hostname="DESKTOP-KNUV1IO"><testcase classname="tests.test_beam_s5_request" name="test_single_rank_request_retains_only_request_lane[0]" time="1.174" /><testcase classname="tests.test_beam_s5_request" name="test_single_rank_request_retains_only_request_lane[1]" time="0.112" /><testcase classname="tests.test_beam_s5_request" name="test_eight_rank_request_traces_with_preserved_control_abi" time="0.027" /><testcase classname="tests.test_beam_s5_request_probe" name="test_request_probe_covers_every_requester_and_reset_epochs" time="0.012" /></testsuite></testsuites>