<?xml version="1.0" encoding="utf-8"?><testsuites name="pytest tests"><testsuite name="pytest" errors="0" failures="0" skipped="0" tests="14" time="84.676" timestamp="2026-09-15T13:02:34.314861+03:00" hostname="DESKTOP-KNUV1IO"><testcase classname="tests.test_beam_final_reduction_lowering" name="test_receive_has_no_unsigned_minimum_rejected_by_stage_isolation" time="1.232" /><testcase classname="tests.test_beam_final_reduction_lowering" name="test_sum_operands_are_signed_int32_for_mosaic[intervals]" time="0.043" /><testcase classname="tests.test_beam_final_reduction_lowering" name="test_sum_operands_are_signed_int32_for_mosaic[receive]" time="0.296" /><testcase classname="tests.test_beam_final_reduction_lowering" name="test_interval_prefix_has_no_zero_sized_vector_intermediates" time="0.011" /><testcase classname="tests.test_beam_final_reduction_lowering" name="test_chunk_peer_selection_has_no_value_array_dynamic_slice" time="0.152" /><testcase classname="tests.test_beam_final_receive" name="test_received_count_overflow_cannot_wrap_into_valid_total[129]" time="7.922" /><testcase classname="tests.test_beam_final_receive" name="test_received_count_overflow_cannot_wrap_into_valid_total[2147483648]" time="7.178" /><testcase classname="tests.test_beam_final_receive" name="test_received_count_overflow_cannot_wrap_into_valid_total[4294967295]" time="7.086" /><testcase classname="tests.test_beam_final_receive" name="test_received_mixed_rank_bounds_survive_compaction[2-True]" time="8.020" /><testcase classname="tests.test_beam_final_receive" name="test_received_mixed_rank_bounds_survive_compaction[1-False]" time="12.675" /><testcase classname="tests.test_beam_final_receive" name="test_received_mixed_rank_bounds_survive_compaction[0-False]" time="12.091" /><testcase classname="tests.test_beam_final_receive" name="test_snapshot_holes_are_removed_before_materialization" time="11.330" /><testcase classname="tests.test_beam_final_receive" name="test_common_error_masks_all_snapshots" time="5.693" /><testcase classname="tests.test_beam_final_receive" name="test_received_requests_materialize_without_host_filtering" time="8.599" /></testsuite></testsuites>