<?xml version="1.0" encoding="utf-8"?><testsuites name="pytest tests"><testsuite name="pytest" errors="0" failures="0" skipped="0" tests="7" time="54.045" timestamp="2026-09-06T11:01:45.188938+03:00" hostname="DESKTOP-KNUV1IO"><testcase classname="tests.test_beam_final_target_coverage" name="test_exact_target_coverage[valid]" time="5.519" /><testcase classname="tests.test_beam_final_target_coverage" name="test_exact_target_coverage[empty]" time="4.658" /><testcase classname="tests.test_beam_final_target_coverage" name="test_exact_target_coverage[duplicate]" time="4.728" /><testcase classname="tests.test_beam_final_target_coverage" name="test_exact_target_coverage[missing]" time="4.950" /><testcase classname="tests.test_beam_final_target_coverage" name="test_exact_target_coverage[extra]" time="5.144" /><testcase classname="tests.test_beam_final_target_coverage" name="test_exact_target_coverage[overflow]" time="7.123" /><testcase classname="tests.test_beam_final_target_coverage" name="test_cross_tile_sparse_validity_ignores_padding_and_detects_duplicate" time="18.342" /></testsuite></testsuites>