<?xml version="1.0" encoding="utf-8"?><testsuites name="pytest tests"><testsuite name="pytest" errors="0" failures="0" skipped="0" tests="10" time="5.398" timestamp="2026-09-05T23:56:57.863435+03:00" hostname="DESKTOP-KNUV1IO"><testcase classname="tests.test_beam_threshold_publish" name="test_periodic_publication_preserves_active_slot_and_never_relaxes[4294967295-0-17-1-17-1-0]" time="0.725" /><testcase classname="tests.test_beam_threshold_publish" name="test_periodic_publication_preserves_active_slot_and_never_relaxes[4294967295-0-17-1-17-1-1]" time="0.225" /><testcase classname="tests.test_beam_threshold_publish" name="test_periodic_publication_preserves_active_slot_and_never_relaxes[12-1-17-1-12-1-0]" time="0.224" /><testcase classname="tests.test_beam_threshold_publish" name="test_periodic_publication_preserves_active_slot_and_never_relaxes[12-1-17-1-12-1-1]" time="0.217" /><testcase classname="tests.test_beam_threshold_publish" name="test_periodic_publication_preserves_active_slot_and_never_relaxes[12-1-7-1-7-1-0]" time="0.220" /><testcase classname="tests.test_beam_threshold_publish" name="test_periodic_publication_preserves_active_slot_and_never_relaxes[12-1-7-1-7-1-1]" time="0.216" /><testcase classname="tests.test_beam_threshold_publish" name="test_periodic_publication_preserves_active_slot_and_never_relaxes[12-1-4294967295-0-12-1-0]" time="0.195" /><testcase classname="tests.test_beam_threshold_publish" name="test_periodic_publication_preserves_active_slot_and_never_relaxes[12-1-4294967295-0-12-1-1]" time="0.180" /><testcase classname="tests.test_beam_threshold_publish" name="test_periodic_publication_preserves_active_slot_and_never_relaxes[4294967295-0-4294967295-0-4294967295-0-0]" time="0.209" /><testcase classname="tests.test_beam_threshold_publish" name="test_periodic_publication_preserves_active_slot_and_never_relaxes[4294967295-0-4294967295-0-4294967295-0-1]" time="0.183" /></testsuite></testsuites>