<?xml version="1.0" encoding="utf-8"?><testsuites name="pytest tests"><testsuite name="pytest" errors="0" failures="0" skipped="0" tests="4" time="2.463" timestamp="2026-09-06T02:54:25.321065+03:00" hostname="DESKTOP-KNUV1IO"><testcase classname="tests.test_beam_s5_histogram_exchange" name="test_single_rank_histogram_exchange_retains_both_planes_and_tiles" time="0.604" /><testcase classname="tests.test_beam_s5_histogram_exchange" name="test_eight_rank_histogram_exchange_traces_full_pair_width" time="0.028" /><testcase classname="tests.test_beam_s5_histogram_exchange" name="test_raw_wire_diagnostic_preserves_single_rank_payload" time="0.106" /><testcase classname="tests.test_beam_s5_histogram_exchange" name="test_own_only_diagnostic_has_no_remote_axis_requirement" time="0.109" /></testsuite></testsuites>