<?xml version="1.0" encoding="utf-8"?><testsuites name="pytest tests"><testsuite name="pytest" errors="0" failures="0" skipped="0" tests="16" time="3.170" timestamp="2026-09-06T12:45:12.062695+03:00" hostname="DESKTOP-KNUV1IO"><testcase classname="tests.test_beam_scratch_access" name="test_region_write_preserves_common_prefix_and_persistent_tail" time="1.091" /><testcase classname="tests.test_beam_scratch_access" name="test_bad_region_cannot_address_outside_pool[region0]" time="0.001" /><testcase classname="tests.test_beam_scratch_access" name="test_bad_region_cannot_address_outside_pool[region1]" time="0.001" /><testcase classname="tests.test_beam_scratch_access" name="test_bad_region_cannot_address_outside_pool[region2]" time="0.001" /><testcase classname="tests.test_beam_scratch_access" name="test_bad_region_cannot_address_outside_pool[region3]" time="0.002" /><testcase classname="tests.test_beam_scratch_access" name="test_region_read_extracts_only_requested_rows" time="0.104" /><testcase classname="tests.test_beam_scratch_access" name="test_read_rejects_invalid_region[region0]" time="0.001" /><testcase classname="tests.test_beam_scratch_access" name="test_read_rejects_invalid_region[region1]" time="0.001" /><testcase classname="tests.test_beam_scratch_access" name="test_read_rejects_invalid_region[region2]" time="0.001" /><testcase classname="tests.test_beam_scratch_access" name="test_read_rejects_invalid_region[region3]" time="0.001" /><testcase classname="tests.test_beam_scratch_layout" name="test_three_layouts_share_prefix_without_overlapping_stream_survivors" time="0.001" /><testcase classname="tests.test_beam_scratch_layout" name="test_small_stream_temporaries_do_not_enter_reserved_final_prefix" time="0.000" /><testcase classname="tests.test_beam_scratch_layout" name="test_invalid_geometry_rejected_before_allocation[-1]" time="0.001" /><testcase classname="tests.test_beam_scratch_layout" name="test_invalid_geometry_rejected_before_allocation[True]" time="0.001" /><testcase classname="tests.test_beam_scratch_layout" name="test_invalid_geometry_rejected_before_allocation[1.5]" time="0.001" /><testcase classname="tests.test_beam_scratch_layout" name="test_invalid_geometry_rejected_before_allocation[9223372036854775808]" time="0.001" /></testsuite></testsuites>