<?xml version="1.0" encoding="utf-8"?><testsuites name="pytest tests"><testsuite name="pytest" errors="0" failures="0" skipped="0" tests="3" time="14.172" timestamp="2026-09-06T05:42:19.234423+03:00" hostname="DESKTOP-KNUV1IO"><testcase classname="tests.test_beam_final_intervals" name="test_sorted_intervals_cross_tiles_and_empty_ranks" time="1.509" /><testcase classname="tests.test_beam_final_intervals" name="test_empty_and_live_invalid_rank_are_distinguished" time="0.988" /><testcase classname="tests.test_beam_final_intervals" name="test_intervals_index_actual_grouped_payload_without_losing_identity" time="8.617" /></testsuite></testsuites>