<?xml version="1.0" encoding="utf-8"?><testsuites name="pytest tests"><testsuite name="pytest" errors="0" failures="0" skipped="0" tests="4" time="4.851" timestamp="2026-09-06T02:42:18.168612+03:00" hostname="DESKTOP-KNUV1IO"><testcase classname="tests.test_beam_final_balance" name="test_balance_matches_cpp_global_index_formula[0]" time="1.050" /><testcase classname="tests.test_beam_final_balance" name="test_balance_matches_cpp_global_index_formula[3]" time="0.415" /><testcase classname="tests.test_beam_final_balance" name="test_balance_matches_cpp_global_index_formula[131]" time="0.477" /><testcase classname="tests.test_beam_final_balance" name="test_balance_matches_cpp_global_index_formula[4294967333]" time="0.421" /></testsuite></testsuites>