<?xml version="1.0" encoding="utf-8"?><testsuites name="pytest tests"><testsuite name="pytest" errors="0" failures="0" skipped="0" tests="10" time="13.291" timestamp="2026-09-06T01:54:13.547740+03:00" hostname="DESKTOP-KNUV1IO"><testcase classname="tests.test_beam_s5_epoch" name="test_serialized_epoch_no_request_then_forced_publication" time="4.972" /><testcase classname="tests.test_beam_s5_epoch" name="test_epoch_reads_selected_histogram_version_and_never_relaxes_threshold" time="4.611" /><testcase classname="tests.test_beam_s5_epoch" name="test_eight_rank_epoch_traces_one_conditional_and_expected_outputs" time="0.204" /><testcase classname="tests.test_beam_s5_epoch_state" name="test_request_uses_completed_jobs_or_force[0-0-0]" time="0.086" /><testcase classname="tests.test_beam_s5_epoch_state" name="test_request_uses_completed_jobs_or_force[2-0-0]" time="0.102" /><testcase classname="tests.test_beam_s5_epoch_state" name="test_request_uses_completed_jobs_or_force[3-0-1]" time="0.095" /><testcase classname="tests.test_beam_s5_epoch_state" name="test_request_uses_completed_jobs_or_force[0-1-1]" time="0.114" /><testcase classname="tests.test_beam_s5_epoch_state" name="test_epoch_only_resets_after_publication[0]" time="0.199" /><testcase classname="tests.test_beam_s5_epoch_state" name="test_epoch_only_resets_after_publication[1]" time="0.165" /><testcase classname="tests.test_beam_s5_epoch_probe" name="test_epoch_probe_covers_every_requester_and_carries_expected_state" time="0.017" /></testsuite></testsuites>