<?xml version="1.0" encoding="utf-8"?><testsuites name="pytest tests"><testsuite name="pytest" errors="0" failures="0" skipped="0" tests="2" time="2.549" timestamp="2026-09-06T13:06:35.372146+03:00" hostname="DESKTOP-KNUV1IO"><testcase classname="tests.test_beam_history_arena" name="test_history_projection_in_one_arena_preserves_unrelated_regions" time="0.720" /><testcase classname="tests.test_beam_history_arena" name="test_overlapping_history_output_is_rejected" time="0.062" /></testsuite></testsuites>