<?xml version="1.0" encoding="utf-8"?><testsuites name="pytest tests"><testsuite name="pytest" errors="0" failures="0" skipped="0" tests="19" time="18.831" timestamp="2026-09-16T10:31:23.418739+03:00" hostname="DESKTOP-KNUV1IO"><testcase classname="tests.test_beam_packing_control_probe" name="test_packing_probe_keeps_runtime_selection_and_error_observable[False-packing_control]" time="1.668" /><testcase classname="tests.test_beam_packing_control_probe" name="test_packing_probe_keeps_runtime_selection_and_error_observable[False-packing_selection]" time="0.441" /><testcase classname="tests.test_beam_packing_control_probe" name="test_packing_probe_keeps_runtime_selection_and_error_observable[True-packing_control]" time="0.299" /><testcase classname="tests.test_beam_packing_control_probe" name="test_packing_probe_keeps_runtime_selection_and_error_observable[True-packing_selection]" time="0.468" /><testcase classname="tests.test_beam_packing_control_probe" name="test_guard_probe_exposes_only_live_interval_geometry[False]" time="0.522" /><testcase classname="tests.test_beam_packing_control_probe" name="test_guard_probe_exposes_only_live_interval_geometry[True]" time="0.469" /><testcase classname="tests.test_beam_packing_control_probe" name="test_selection_probe_preserves_invalid_unsigned_values[2048-0-0]" time="0.533" /><testcase classname="tests.test_beam_packing_control_probe" name="test_selection_probe_preserves_invalid_unsigned_values[2048-1-1]" time="0.438" /><testcase classname="tests.test_beam_packing_control_probe" name="test_selection_probe_preserves_invalid_unsigned_values[0-2049-1]" time="0.491" /><testcase classname="tests.test_beam_packing_control_probe" name="test_selection_probe_preserves_invalid_unsigned_values[4294967295-1-1]" time="0.500" /><testcase classname="tests.test_beam_packing_control_probe" name="test_selection_probe_preserves_invalid_unsigned_values[0-4294967295-1]" time="0.542" /><testcase classname="tests.test_beam_packing_control_probe" name="test_transfer_prefix_observes_aligned_tiles_and_gather[False-first]" time="0.592" /><testcase classname="tests.test_beam_packing_control_probe" name="test_transfer_prefix_observes_aligned_tiles_and_gather[False-second]" time="0.602" /><testcase classname="tests.test_beam_packing_control_probe" name="test_transfer_prefix_observes_aligned_tiles_and_gather[False-row_copy]" time="1.487" /><testcase classname="tests.test_beam_packing_control_probe" name="test_transfer_prefix_observes_aligned_tiles_and_gather[False-gather]" time="1.375" /><testcase classname="tests.test_beam_packing_control_probe" name="test_transfer_prefix_observes_aligned_tiles_and_gather[True-first]" time="0.544" /><testcase classname="tests.test_beam_packing_control_probe" name="test_transfer_prefix_observes_aligned_tiles_and_gather[True-second]" time="0.462" /><testcase classname="tests.test_beam_packing_control_probe" name="test_transfer_prefix_observes_aligned_tiles_and_gather[True-row_copy]" time="1.149" /><testcase classname="tests.test_beam_packing_control_probe" name="test_transfer_prefix_observes_aligned_tiles_and_gather[True-gather]" time="1.635" /></testsuite></testsuites>