<?xml version="1.0" encoding="utf-8"?><testsuites name="pytest tests"><testsuite name="pytest" errors="0" failures="0" skipped="0" tests="17" time="3.745" timestamp="2026-09-06T13:07:38.579333+03:00" hostname="DESKTOP-KNUV1IO"><testcase classname="tests.test_beam_history_arena" name="test_history_projection_in_one_arena_preserves_unrelated_regions[128]" time="0.773" /><testcase classname="tests.test_beam_history_arena" name="test_history_projection_in_one_arena_preserves_unrelated_regions[256]" time="0.182" /><testcase classname="tests.test_beam_history_arena" name="test_history_projection_in_one_arena_preserves_unrelated_regions[512]" time="0.267" /><testcase classname="tests.test_beam_history_arena" name="test_overlapping_history_output_is_rejected" time="0.065" /><testcase classname="tests.test_beam_final_history" name="test_final_history_records_preserve_source_and_mask_padding" time="0.148" /><testcase classname="tests.test_beam_scratch_access" name="test_region_write_preserves_common_prefix_and_persistent_tail" time="0.245" /><testcase classname="tests.test_beam_scratch_access" name="test_bad_region_cannot_address_outside_pool[region0]" time="0.001" /><testcase classname="tests.test_beam_scratch_access" name="test_bad_region_cannot_address_outside_pool[region1]" time="0.001" /><testcase classname="tests.test_beam_scratch_access" name="test_bad_region_cannot_address_outside_pool[region2]" time="0.001" /><testcase classname="tests.test_beam_scratch_access" name="test_bad_region_cannot_address_outside_pool[region3]" time="0.001" /><testcase classname="tests.test_beam_scratch_access" name="test_region_read_extracts_only_requested_rows" time="0.084" /><testcase classname="tests.test_beam_scratch_access" name="test_read_rejects_invalid_region[region0]" time="0.001" /><testcase classname="tests.test_beam_scratch_access" name="test_read_rejects_invalid_region[region1]" time="0.001" /><testcase classname="tests.test_beam_scratch_access" name="test_read_rejects_invalid_region[region2]" time="0.001" /><testcase classname="tests.test_beam_scratch_access" name="test_read_rejects_invalid_region[region3]" time="0.001" /><testcase classname="tests.test_beam_scratch_access" name="test_empty_region_is_noop_and_does_not_compile_empty_dma_grid" time="0.046" /><testcase classname="tests.test_beam_scratch_access" name="test_write_rejects_payload_larger_than_region" time="0.025" /></testsuite></testsuites>