<?xml version="1.0" encoding="utf-8"?><testsuites name="pytest tests"><testsuite name="pytest" errors="0" failures="0" skipped="0" tests="3" time="5.237" timestamp="2026-09-06T00:56:37.924634+03:00" hostname="DESKTOP-KNUV1IO"><testcase classname="tests.test_beam_k1_neighborhood" name="test_inverse_neighborhood_retains_first_bfs_suffix_and_replays_to_goal" time="2.963" /><testcase classname="tests.test_beam_k1_neighborhood" name="test_neighborhood_disabled_and_hash_collision_follow_source_behavior" time="0.001" /><testcase classname="tests.test_beam_k1_neighborhood" name="test_generated_neighborhood_is_queryable_by_pallas_lookup" time="1.930" /></testsuite></testsuites>