<?xml version="1.0" encoding="utf-8"?><testsuites name="pytest tests"><testsuite name="pytest" errors="0" failures="0" skipped="0" tests="32" time="19.173" timestamp="2026-09-15T21:35:19.512618+03:00" hostname="DESKTOP-KNUV1IO"><testcase classname="tests.test_beam_response_isolation_probe" name="test_isolated_stage_traces_real_production_output_abi[packing-want0]" time="0.838" /><testcase classname="tests.test_beam_response_isolation_probe" name="test_isolated_stage_traces_real_production_output_abi[packing_guard-want1]" time="0.019" /><testcase classname="tests.test_beam_response_isolation_probe" name="test_isolated_stage_traces_real_production_output_abi[packing_first_dma-want2]" time="0.015" /><testcase classname="tests.test_beam_response_isolation_probe" name="test_isolated_stage_traces_real_production_output_abi[packing_second_dma-want3]" time="0.016" /><testcase classname="tests.test_beam_response_isolation_probe" name="test_isolated_stage_traces_real_production_output_abi[packing_gather-want4]" time="0.051" /><testcase classname="tests.test_beam_response_isolation_probe" name="test_isolated_stage_traces_real_production_output_abi[receive-want5]" time="0.501" /><testcase classname="tests.test_beam_response_isolation_probe" name="test_isolated_stage_traces_real_production_output_abi[planes_to_wire-want6]" time="0.041" /><testcase classname="tests.test_beam_response_isolation_probe" name="test_compile_runner_preserves_mlir_and_pending_state_on_compile_error" time="0.018" /><testcase classname="tests.test_beam_response_isolation_probe" name="test_compile_evidence_writer_records_real_completed_compilation" time="0.321" /><testcase classname="tests.test_beam_response_isolation_probe" name="test_cli_refuses_cpu_instead_of_reporting_tpu_success" time="2.076" /><testcase classname="tests.test_beam_response_isolation_bundle" name="test_abort_and_missing_compile_evidence_do_not_hide_remaining_stages" time="0.233" /><testcase classname="tests.test_beam_response_isolation_bundle" name="test_missing_or_partial_nested_report_preserves_later_diagnostics[None]" time="0.123" /><testcase classname="tests.test_beam_response_isolation_bundle" name="test_missing_or_partial_nested_report_preserves_later_diagnostics[{&quot;compiled&quot;:]" time="0.138" /><testcase classname="tests.test_beam_response_isolation_bundle" name="test_missing_or_partial_nested_report_preserves_later_diagnostics[[]]" time="0.154" /><testcase classname="tests.test_beam_response_isolation_bundle" name="test_missing_or_partial_nested_report_preserves_later_diagnostics[null]" time="0.170" /><testcase classname="tests.test_beam_packing_control_probe" name="test_packing_probe_keeps_runtime_selection_and_error_observable[False-packing_control]" time="0.544" /><testcase classname="tests.test_beam_packing_control_probe" name="test_packing_probe_keeps_runtime_selection_and_error_observable[False-packing_selection]" time="0.481" /><testcase classname="tests.test_beam_packing_control_probe" name="test_packing_probe_keeps_runtime_selection_and_error_observable[True-packing_control]" time="0.339" /><testcase classname="tests.test_beam_packing_control_probe" name="test_packing_probe_keeps_runtime_selection_and_error_observable[True-packing_selection]" time="0.468" /><testcase classname="tests.test_beam_packing_control_probe" name="test_guard_probe_exposes_only_live_interval_geometry[False]" time="0.402" /><testcase classname="tests.test_beam_packing_control_probe" name="test_guard_probe_exposes_only_live_interval_geometry[True]" time="0.453" /><testcase classname="tests.test_beam_packing_control_probe" name="test_selection_probe_preserves_invalid_unsigned_values[2048-0-0]" time="0.483" /><testcase classname="tests.test_beam_packing_control_probe" name="test_selection_probe_preserves_invalid_unsigned_values[2048-1-1]" time="0.496" /><testcase classname="tests.test_beam_packing_control_probe" name="test_selection_probe_preserves_invalid_unsigned_values[0-2049-1]" time="0.486" /><testcase classname="tests.test_beam_packing_control_probe" name="test_selection_probe_preserves_invalid_unsigned_values[4294967295-1-1]" time="0.569" /><testcase classname="tests.test_beam_packing_control_probe" name="test_selection_probe_preserves_invalid_unsigned_values[0-4294967295-1]" time="0.634" /><testcase classname="tests.test_beam_packing_control_probe" name="test_transfer_prefix_observes_aligned_tiles_and_gather[False-first]" time="0.501" /><testcase classname="tests.test_beam_packing_control_probe" name="test_transfer_prefix_observes_aligned_tiles_and_gather[False-second]" time="0.474" /><testcase classname="tests.test_beam_packing_control_probe" name="test_transfer_prefix_observes_aligned_tiles_and_gather[False-gather]" time="1.367" /><testcase classname="tests.test_beam_packing_control_probe" name="test_transfer_prefix_observes_aligned_tiles_and_gather[True-first]" time="0.612" /><testcase classname="tests.test_beam_packing_control_probe" name="test_transfer_prefix_observes_aligned_tiles_and_gather[True-second]" time="0.776" /><testcase classname="tests.test_beam_packing_control_probe" name="test_transfer_prefix_observes_aligned_tiles_and_gather[True-gather]" time="1.769" /></testsuite></testsuites>