<?xml version="1.0" encoding="utf-8"?><testsuites name="pytest tests"><testsuite name="pytest" errors="0" failures="0" skipped="0" tests="10" time="44.155" timestamp="2026-09-06T01:12:09.697410+03:00" hostname="DESKTOP-KNUV1IO"><testcase classname="tests.test_beam_stream2_k2" name="test_complete_diagnostic_k2_preserves_hashes_and_first_suffix[0-2]" time="16.081" /><testcase classname="tests.test_beam_stream2_k2" name="test_complete_diagnostic_k2_preserves_hashes_and_first_suffix[3-0]" time="2.331" /><testcase classname="tests.test_beam_stream2_k2" name="test_complete_diagnostic_k2_preserves_hashes_and_first_suffix[3-2]" time="15.419" /><testcase classname="tests.test_beam_suffix_hit" name="test_first_suffix_hit_preserves_immediate_hash_and_earliest_solution" time="0.403" /><testcase classname="tests.test_beam_suffix_projection" name="test_pallas_suffix_projection_preserves_noncommuting_move_order_and_padding" time="0.189" /><testcase classname="tests.test_beam_suffix_projection" name="test_suffix_projection_crosses_suffix_tiles_at_radius_three" time="0.243" /><testcase classname="tests.test_beam_stream2_k1" name="test_stream2_k1_retains_immediate_hashes_and_recognizes_neighborhood_hits[0]" time="1.542" /><testcase classname="tests.test_beam_stream2_k1" name="test_stream2_k1_retains_immediate_hashes_and_recognizes_neighborhood_hits[1]" time="1.470" /><testcase classname="tests.test_beam_stream2_k1" name="test_stream2_k1_retains_immediate_hashes_and_recognizes_neighborhood_hits[3]" time="1.543" /><testcase classname="tests.test_beam_stream2_k1" name="test_stream2_k1_retains_immediate_hashes_and_recognizes_neighborhood_hits[4]" time="1.510" /></testsuite></testsuites>