<?xml version="1.0" encoding="utf-8"?><testsuites name="pytest tests"><testsuite name="pytest" errors="0" failures="0" skipped="0" tests="11" time="2.972" timestamp="2026-09-06T02:57:06.953904+03:00" hostname="DESKTOP-KNUV1IO"><testcase classname="tests.test_beam_s4_s5_bundle" name="test_bundle_preserves_failed_process_and_runs_remaining_independent_groups[None]" time="0.034" /><testcase classname="tests.test_beam_s4_s5_bundle" name="test_bundle_preserves_failed_process_and_runs_remaining_independent_groups[s4]" time="0.027" /><testcase classname="tests.test_beam_s4_s5_bundle" name="test_bundle_preserves_failed_process_and_runs_remaining_independent_groups[request]" time="0.024" /><testcase classname="tests.test_beam_s4_s5_bundle" name="test_recovery_isolates_four_s5_groups_without_repeating_s4" time="0.023" /><testcase classname="tests.test_beam_s4_s5_bundle" name="test_transport_isolation_runs_own_and_wire_even_after_failure" time="0.015" /><testcase classname="tests.test_beam_s5_recovery_fixture" name="test_wire_and_reduction_recovery_are_matched_nonzero_first" time="0.125" /><testcase classname="tests.test_beam_s5_recovery_fixture" name="test_own_copy_cases_expect_identity_and_save_failure_arrays" time="0.014" /><testcase classname="tests.test_beam_s5_histogram_exchange" name="test_single_rank_histogram_exchange_retains_both_planes_and_tiles" time="0.530" /><testcase classname="tests.test_beam_s5_histogram_exchange" name="test_eight_rank_histogram_exchange_traces_full_pair_width" time="0.027" /><testcase classname="tests.test_beam_s5_histogram_exchange" name="test_raw_wire_diagnostic_preserves_single_rank_payload" time="0.106" /><testcase classname="tests.test_beam_s5_histogram_exchange" name="test_own_only_diagnostic_has_no_remote_axis_requirement" time="0.115" /></testsuite></testsuites>