<?xml version="1.0" encoding="utf-8"?><testsuites name="pytest tests"><testsuite name="pytest" errors="0" failures="0" skipped="0" tests="2" time="3.512" timestamp="2026-09-06T02:01:01.634275+03:00" hostname="DESKTOP-KNUV1IO"><testcase classname="tests.test_beam_final_validation" name="test_final_validation_uses_full_parent_width_and_masks_padding" time="0.850" /><testcase classname="tests.test_beam_final_request" name="test_final_request_preserves_parent_and_separates_source_from_return_rank" time="0.255" /></testsuite></testsuites>