<?xml version="1.0" encoding="utf-8"?><testsuites name="pytest tests"><testsuite name="pytest" errors="0" failures="0" skipped="0" tests="46" time="22.866" timestamp="2026-09-16T11:20:46.760875+03:00" hostname="DESKTOP-KNUV1IO"><testcase classname="tests.test_beam_packing_control_probe" name="test_packing_probe_keeps_runtime_selection_and_error_observable[False-packing_control]" time="1.305" /><testcase classname="tests.test_beam_packing_control_probe" name="test_packing_probe_keeps_runtime_selection_and_error_observable[False-packing_selection]" time="0.322" /><testcase classname="tests.test_beam_packing_control_probe" name="test_packing_probe_keeps_runtime_selection_and_error_observable[True-packing_control]" time="0.245" /><testcase classname="tests.test_beam_packing_control_probe" name="test_packing_probe_keeps_runtime_selection_and_error_observable[True-packing_selection]" time="0.312" /><testcase classname="tests.test_beam_packing_control_probe" name="test_guard_probe_exposes_only_live_interval_geometry[False]" time="0.413" /><testcase classname="tests.test_beam_packing_control_probe" name="test_guard_probe_exposes_only_live_interval_geometry[True]" time="0.419" /><testcase classname="tests.test_beam_packing_control_probe" name="test_selection_probe_preserves_invalid_unsigned_values[2048-0-0]" time="0.374" /><testcase classname="tests.test_beam_packing_control_probe" name="test_selection_probe_preserves_invalid_unsigned_values[2048-1-1]" time="0.337" /><testcase classname="tests.test_beam_packing_control_probe" name="test_selection_probe_preserves_invalid_unsigned_values[0-2049-1]" time="0.327" /><testcase classname="tests.test_beam_packing_control_probe" name="test_selection_probe_preserves_invalid_unsigned_values[4294967295-1-1]" time="0.355" /><testcase classname="tests.test_beam_packing_control_probe" name="test_selection_probe_preserves_invalid_unsigned_values[0-4294967295-1]" time="0.320" /><testcase classname="tests.test_beam_packing_control_probe" name="test_transfer_prefix_observes_aligned_tiles_and_gather[False-first]" time="0.411" /><testcase classname="tests.test_beam_packing_control_probe" name="test_transfer_prefix_observes_aligned_tiles_and_gather[False-second]" time="0.516" /><testcase classname="tests.test_beam_packing_control_probe" name="test_transfer_prefix_observes_aligned_tiles_and_gather[False-row_copy]" time="0.909" /><testcase classname="tests.test_beam_packing_control_probe" name="test_transfer_prefix_observes_aligned_tiles_and_gather[False-positions]" time="0.921" /><testcase classname="tests.test_beam_packing_control_probe" name="test_transfer_prefix_observes_aligned_tiles_and_gather[False-clipped_positions]" time="0.862" /><testcase classname="tests.test_beam_packing_control_probe" name="test_transfer_prefix_observes_aligned_tiles_and_gather[False-unmasked_gather]" time="1.170" /><testcase classname="tests.test_beam_packing_control_probe" name="test_transfer_prefix_observes_aligned_tiles_and_gather[False-gather]" time="1.076" /><testcase classname="tests.test_beam_packing_control_probe" name="test_transfer_prefix_observes_aligned_tiles_and_gather[True-first]" time="0.395" /><testcase classname="tests.test_beam_packing_control_probe" name="test_transfer_prefix_observes_aligned_tiles_and_gather[True-second]" time="0.378" /><testcase classname="tests.test_beam_packing_control_probe" name="test_transfer_prefix_observes_aligned_tiles_and_gather[True-row_copy]" time="0.967" /><testcase classname="tests.test_beam_packing_control_probe" name="test_transfer_prefix_observes_aligned_tiles_and_gather[True-positions]" time="0.880" /><testcase classname="tests.test_beam_packing_control_probe" name="test_transfer_prefix_observes_aligned_tiles_and_gather[True-clipped_positions]" time="0.730" /><testcase classname="tests.test_beam_packing_control_probe" name="test_transfer_prefix_observes_aligned_tiles_and_gather[True-unmasked_gather]" time="1.017" /><testcase classname="tests.test_beam_packing_control_probe" name="test_transfer_prefix_observes_aligned_tiles_and_gather[True-gather]" time="1.139" /><testcase classname="tests.test_beam_response_isolation_probe" name="test_isolated_stage_traces_real_production_output_abi[packing-want0]" time="0.051" /><testcase classname="tests.test_beam_response_isolation_probe" name="test_isolated_stage_traces_real_production_output_abi[packing_guard-want1]" time="0.014" /><testcase classname="tests.test_beam_response_isolation_probe" name="test_isolated_stage_traces_real_production_output_abi[packing_first_dma-want2]" time="0.015" /><testcase classname="tests.test_beam_response_isolation_probe" name="test_isolated_stage_traces_real_production_output_abi[packing_second_dma-want3]" time="0.016" /><testcase classname="tests.test_beam_response_isolation_probe" name="test_isolated_stage_traces_real_production_output_abi[packing_gather-want4]" time="0.053" /><testcase classname="tests.test_beam_response_isolation_probe" name="test_isolated_stage_traces_real_production_output_abi[packing_row_copy-want5]" time="0.029" /><testcase classname="tests.test_beam_response_isolation_probe" name="test_isolated_stage_traces_real_production_output_abi[packing_positions-want6]" time="0.028" /><testcase classname="tests.test_beam_response_isolation_probe" name="test_isolated_stage_traces_real_production_output_abi[packing_clipped_positions-want7]" time="0.026" /><testcase classname="tests.test_beam_response_isolation_probe" name="test_isolated_stage_traces_real_production_output_abi[packing_unmasked_gather-want8]" time="0.046" /><testcase classname="tests.test_beam_response_isolation_probe" name="test_isolated_stage_traces_real_production_output_abi[receive-want9]" time="0.459" /><testcase classname="tests.test_beam_response_isolation_probe" name="test_isolated_stage_traces_real_production_output_abi[planes_to_wire-want10]" time="0.046" /><testcase classname="tests.test_beam_response_isolation_probe" name="test_compile_runner_preserves_mlir_and_pending_state_on_compile_error" time="0.014" /><testcase classname="tests.test_beam_response_isolation_probe" name="test_compile_evidence_writer_records_real_completed_compilation" time="0.057" /><testcase classname="tests.test_beam_response_isolation_probe" name="test_cli_refuses_cpu_instead_of_reporting_tpu_success" time="1.835" /><testcase classname="tests.test_beam_response_isolation_bundle" name="test_abort_and_missing_compile_evidence_do_not_hide_remaining_stages" time="0.242" /><testcase classname="tests.test_beam_response_isolation_bundle" name="test_missing_or_partial_nested_report_preserves_later_diagnostics[None]" time="0.186" /><testcase classname="tests.test_beam_response_isolation_bundle" name="test_missing_or_partial_nested_report_preserves_later_diagnostics[{&quot;compiled&quot;:]" time="0.175" /><testcase classname="tests.test_beam_response_isolation_bundle" name="test_missing_or_partial_nested_report_preserves_later_diagnostics[[]]" time="0.149" /><testcase classname="tests.test_beam_response_isolation_bundle" name="test_missing_or_partial_nested_report_preserves_later_diagnostics[null]" time="0.132" /><testcase classname="tests.test_beam_response_isolation_launcher" name="test_isolation_launcher_runs_bundle_and_preserves_failure[0]" time="0.018" /><testcase classname="tests.test_beam_response_isolation_launcher" name="test_isolation_launcher_runs_bundle_and_preserves_failure[1]" time="0.012" /></testsuite></testsuites>