<?xml version="1.0" encoding="utf-8"?><testsuites name="pytest tests"><testsuite name="pytest" errors="0" failures="0" skipped="0" tests="10" time="20.123" timestamp="2026-09-06T05:59:33.412723+03:00" hostname="DESKTOP-KNUV1IO"><testcase classname="tests.test_beam_final_chunk" name="test_chunk_preserves_unaligned_ranges_and_zero_tail[0]" time="1.045" /><testcase classname="tests.test_beam_final_chunk" name="test_chunk_preserves_unaligned_ranges_and_zero_tail[1]" time="0.378" /><testcase classname="tests.test_beam_final_chunk" name="test_chunk_preserves_unaligned_ranges_and_zero_tail[2]" time="0.441" /><testcase classname="tests.test_beam_final_chunk" name="test_chunk_preserves_unaligned_ranges_and_zero_tail[4294967295]" time="0.368" /><testcase classname="tests.test_beam_final_chunk" name="test_bad_interval_blocks_all_payload_reads[bounds]" time="0.554" /><testcase classname="tests.test_beam_final_chunk" name="test_bad_interval_blocks_all_payload_reads[rank]" time="0.383" /><testcase classname="tests.test_beam_final_chunk" name="test_group_intervals_and_chunks_preserve_every_valid_record" time="7.295" /><testcase classname="tests.test_beam_final_intervals" name="test_sorted_intervals_cross_tiles_and_empty_ranks" time="0.354" /><testcase classname="tests.test_beam_final_intervals" name="test_empty_and_live_invalid_rank_are_distinguished" time="0.769" /><testcase classname="tests.test_beam_final_intervals" name="test_intervals_index_actual_grouped_payload_without_losing_identity" time="5.889" /></testsuite></testsuites>