<?xml version="1.0" encoding="utf-8"?><testsuites name="pytest tests"><testsuite name="pytest" errors="0" failures="0" skipped="0" tests="14" time="19.992" timestamp="2026-09-06T01:06:02.780120+03:00" hostname="DESKTOP-KNUV1IO"><testcase classname="tests.test_beam_stream2_k1" name="test_stream2_k1_retains_immediate_hashes_and_recognizes_neighborhood_hits[0]" time="1.922" /><testcase classname="tests.test_beam_stream2_k1" name="test_stream2_k1_retains_immediate_hashes_and_recognizes_neighborhood_hits[1]" time="1.443" /><testcase classname="tests.test_beam_stream2_k1" name="test_stream2_k1_retains_immediate_hashes_and_recognizes_neighborhood_hits[3]" time="1.663" /><testcase classname="tests.test_beam_stream2_k1" name="test_stream2_k1_retains_immediate_hashes_and_recognizes_neighborhood_hits[4]" time="1.856" /><testcase classname="tests.test_beam_k1_lookup" name="test_k1_lookup_checks_full_hash_not_only_fingerprint_and_masks_padding" time="1.398" /><testcase classname="tests.test_beam_k1_lookup" name="test_k1_lookup_uses_exactly_four_slots_even_when_dma_contains_padding[0]" time="1.209" /><testcase classname="tests.test_beam_k1_lookup" name="test_k1_lookup_uses_exactly_four_slots_even_when_dma_contains_padding[1]" time="1.191" /><testcase classname="tests.test_beam_k1_lookup" name="test_k1_lookup_uses_exactly_four_slots_even_when_dma_contains_padding[2]" time="1.209" /><testcase classname="tests.test_beam_k1_lookup" name="test_k1_lookup_uses_exactly_four_slots_even_when_dma_contains_padding[3]" time="1.182" /><testcase classname="tests.test_beam_k1_lookup" name="test_k1_lookup_uses_exactly_four_slots_even_when_dma_contains_padding[4]" time="1.447" /><testcase classname="tests.test_beam_k1_lookup" name="test_k1_lookup_uses_exactly_four_slots_even_when_dma_contains_padding[127]" time="1.160" /><testcase classname="tests.test_beam_k1_neighborhood" name="test_inverse_neighborhood_retains_first_bfs_suffix_and_replays_to_goal" time="0.003" /><testcase classname="tests.test_beam_k1_neighborhood" name="test_neighborhood_disabled_and_hash_collision_follow_source_behavior" time="0.001" /><testcase classname="tests.test_beam_k1_neighborhood" name="test_generated_neighborhood_is_queryable_by_pallas_lookup" time="1.105" /></testsuite></testsuites>