<?xml version="1.0" encoding="utf-8"?><testsuites name="pytest tests"><testsuite name="pytest" errors="0" failures="0" skipped="0" tests="8" time="8.381" timestamp="2026-09-06T01:49:53.574837+03:00" hostname="DESKTOP-KNUV1IO"><testcase classname="tests.test_beam_s5_epoch" name="test_serialized_epoch_no_request_then_forced_publication" time="4.881" /><testcase classname="tests.test_beam_s5_epoch" name="test_eight_rank_epoch_has_uniform_conditional_and_expected_outputs" time="0.171" /><testcase classname="tests.test_beam_s5_epoch_state" name="test_request_uses_completed_jobs_or_force[0-0-0]" time="0.074" /><testcase classname="tests.test_beam_s5_epoch_state" name="test_request_uses_completed_jobs_or_force[2-0-0]" time="0.070" /><testcase classname="tests.test_beam_s5_epoch_state" name="test_request_uses_completed_jobs_or_force[3-0-1]" time="0.070" /><testcase classname="tests.test_beam_s5_epoch_state" name="test_request_uses_completed_jobs_or_force[0-1-1]" time="0.081" /><testcase classname="tests.test_beam_s5_epoch_state" name="test_epoch_only_resets_after_publication[0]" time="0.088" /><testcase classname="tests.test_beam_s5_epoch_state" name="test_epoch_only_resets_after_publication[1]" time="0.083" /></testsuite></testsuites>