<?xml version="1.0" encoding="utf-8"?><testsuites name="pytest tests"><testsuite name="pytest" errors="0" failures="0" skipped="0" tests="8" time="3.938" timestamp="2026-09-06T03:35:51.762379+03:00" hostname="DESKTOP-KNUV1IO"><testcase classname="tests.test_beam_s5_recovery_fixture" name="test_wire_and_reduction_recovery_are_matched_nonzero_first" time="0.101" /><testcase classname="tests.test_beam_s5_recovery_fixture" name="test_own_copy_cases_expect_identity_and_save_failure_arrays" time="0.032" /><testcase classname="tests.test_beam_s5_recovery_fixture" name="test_local_replicate_fixture_preserves_full_wire_shape" time="0.011" /><testcase classname="tests.test_beam_s5_histogram_exchange" name="test_single_rank_histogram_exchange_retains_both_planes_and_tiles" time="0.792" /><testcase classname="tests.test_beam_s5_histogram_exchange" name="test_eight_rank_histogram_exchange_traces_full_pair_width" time="0.033" /><testcase classname="tests.test_beam_s5_histogram_exchange" name="test_raw_wire_diagnostic_preserves_single_rank_payload" time="0.129" /><testcase classname="tests.test_beam_s5_histogram_exchange" name="test_own_only_diagnostic_has_no_remote_axis_requirement" time="0.125" /><testcase classname="tests.test_beam_s5_histogram_exchange" name="test_full_shape_local_replication_initializes_every_pair_without_remote" time="0.143" /></testsuite></testsuites>