<?xml version="1.0" encoding="utf-8"?><testsuites name="pytest tests"><testsuite name="pytest" errors="0" failures="0" skipped="0" tests="9" time="16.168" timestamp="2026-09-06T10:28:26.037598+03:00" hostname="DESKTOP-KNUV1IO"><testcase classname="tests.test_beam_final_count_guard" name="test_overflow_rejects_entire_batch[129]" time="2.713" /><testcase classname="tests.test_beam_final_count_guard" name="test_overflow_rejects_entire_batch[4294967295]" time="0.706" /><testcase classname="tests.test_beam_final_count_guard" name="test_boundary_counts_remain_valid[0]" time="0.880" /><testcase classname="tests.test_beam_final_count_guard" name="test_boundary_counts_remain_valid[128]" time="0.779" /><testcase classname="tests.test_beam_s5_publication_store" name="test_publication_dependency_has_vector_store" time="0.012" /><testcase classname="tests.test_beam_s5_epoch" name="test_serialized_epoch_no_request_then_forced_publication" time="2.714" /><testcase classname="tests.test_beam_s5_epoch" name="test_epoch_reads_selected_histogram_version_and_never_relaxes_threshold" time="2.501" /><testcase classname="tests.test_beam_s5_epoch" name="test_eight_rank_epoch_traces_one_conditional_and_expected_outputs" time="0.099" /><testcase classname="tests.test_beam_s5_epoch" name="test_epoch_forwards_explicit_hbm_constraint" time="0.001" /></testsuite></testsuites>