<?xml version="1.0" encoding="utf-8"?><testsuites name="pytest tests"><testsuite name="pytest" errors="0" failures="0" skipped="0" tests="14" time="12.310" timestamp="2026-09-06T05:17:13.038472+03:00" hostname="DESKTOP-KNUV1IO"><testcase classname="tests.test_beam_final_logical_replay" name="test_final_plan_materialization_and_history_agree_after_relocation" time="3.217" /><testcase classname="tests.test_beam_final_history_plan" name="test_request_and_history_share_balanced_targets_and_validity" time="0.455" /><testcase classname="tests.test_beam_final_materialize" name="test_materialize_valid_and_reject_entire_invalid_batch" time="5.390" /><testcase classname="tests.test_beam_history" name="test_history_follows_source_rank_not_balanced_owner_and_preserves_parent64" time="0.001" /><testcase classname="tests.test_beam_history" name="test_history_rejects_invalid_rank_before_reading" time="0.001" /><testcase classname="tests.test_beam_history" name="test_root_and_empty_paths_do_not_query_history[0-expected0]" time="0.001" /><testcase classname="tests.test_beam_history" name="test_root_and_empty_paths_do_not_query_history[1-expected1]" time="0.001" /><testcase classname="tests.test_beam_history" name="test_invalid_move_is_rejected_before_history_lookup" time="0.001" /><testcase classname="tests.test_beam_history" name="test_history_entry_rejects_out_of_range_words[-1-0]" time="0.001" /><testcase classname="tests.test_beam_history" name="test_history_entry_rejects_out_of_range_words[18446744073709551616-0]" time="0.001" /><testcase classname="tests.test_beam_history" name="test_history_entry_rejects_out_of_range_words[0--1]" time="0.001" /><testcase classname="tests.test_beam_history" name="test_history_entry_rejects_out_of_range_words[0-4294967296]" time="0.001" /><testcase classname="tests.test_beam_history" name="test_store_reorders_target_slots_and_rejects_duplicate_missing_atomically" time="0.001" /><testcase classname="tests.test_beam_history" name="test_rank_store_reconstruction_crosses_balanced_frontiers" time="0.001" /></testsuite></testsuites>