<?xml version="1.0" encoding="utf-8"?><testsuites name="pytest tests"><testsuite name="pytest" errors="0" failures="0" skipped="0" tests="13" time="6.863" timestamp="2026-09-15T14:11:12.821005+03:00" hostname="DESKTOP-KNUV1IO"><testcase classname="tests.test_beam_packing_control_probe" name="test_packing_probe_keeps_runtime_selection_and_error_observable[False-packing_control]" time="1.051" /><testcase classname="tests.test_beam_packing_control_probe" name="test_packing_probe_keeps_runtime_selection_and_error_observable[False-packing_selection]" time="0.208" /><testcase classname="tests.test_beam_packing_control_probe" name="test_packing_probe_keeps_runtime_selection_and_error_observable[True-packing_control]" time="0.153" /><testcase classname="tests.test_beam_packing_control_probe" name="test_packing_probe_keeps_runtime_selection_and_error_observable[True-packing_selection]" time="0.198" /><testcase classname="tests.test_beam_response_isolation_bundle" name="test_abort_and_missing_compile_evidence_do_not_hide_remaining_stages" time="0.129" /><testcase classname="tests.test_beam_response_isolation_probe" name="test_isolated_stage_traces_real_production_output_abi[packing-want0]" time="0.051" /><testcase classname="tests.test_beam_response_isolation_probe" name="test_isolated_stage_traces_real_production_output_abi[receive-want1]" time="0.309" /><testcase classname="tests.test_beam_response_isolation_probe" name="test_isolated_stage_traces_real_production_output_abi[planes_to_wire-want2]" time="0.035" /><testcase classname="tests.test_beam_response_isolation_probe" name="test_compile_runner_preserves_mlir_and_pending_state_on_compile_error" time="0.013" /><testcase classname="tests.test_beam_response_isolation_probe" name="test_compile_evidence_writer_records_real_completed_compilation" time="0.035" /><testcase classname="tests.test_beam_response_isolation_probe" name="test_cli_refuses_cpu_instead_of_reporting_tpu_success" time="2.318" /><testcase classname="tests.test_beam_response_isolation_launcher" name="test_isolation_launcher_runs_bundle_and_preserves_failure[0]" time="0.022" /><testcase classname="tests.test_beam_response_isolation_launcher" name="test_isolation_launcher_runs_bundle_and_preserves_failure[1]" time="0.016" /></testsuite></testsuites>