<?xml version="1.0" encoding="utf-8"?><testsuites name="pytest tests"><testsuite name="pytest" errors="0" failures="0" skipped="0" tests="4" time="16.075" timestamp="2026-09-06T11:53:31.790628+03:00" hostname="DESKTOP-KNUV1IO"><testcase classname="tests.test_beam_final_agreement" name="test_local_coverage_flows_into_common_error[False]" time="5.143" /><testcase classname="tests.test_beam_final_agreement" name="test_local_coverage_flows_into_common_error[True]" time="4.042" /><testcase classname="tests.test_beam_final_agreement" name="test_eight_rank_coverage_agreement_traces" time="0.406" /><testcase classname="tests.test_beam_final_agreement" name="test_prior_transport_error_is_not_hidden_by_valid_coverage" time="4.265" /></testsuite></testsuites>