<?xml version="1.0" encoding="utf-8"?><testsuites name="pytest tests"><testsuite name="pytest" errors="0" failures="0" skipped="0" tests="6" time="4.942" timestamp="2026-09-06T03:24:30.079941+03:00" hostname="DESKTOP-KNUV1IO"><testcase classname="tests.test_beam_final_cap" name="test_exact_cap_and_invalid_threshold_gate[0-0-0]" time="0.906" /><testcase classname="tests.test_beam_final_cap" name="test_exact_cap_and_invalid_threshold_gate[3-9-7]" time="0.221" /><testcase classname="tests.test_beam_final_cap" name="test_exact_cap_and_invalid_threshold_gate[3-9-100]" time="0.205" /><testcase classname="tests.test_beam_final_cap" name="test_exact_cap_and_invalid_threshold_gate[9-3-7]" time="0.196" /><testcase classname="tests.test_beam_final_cap" name="test_exact_cap_and_invalid_threshold_gate[4294967295-9-4294967296]" time="0.217" /><testcase classname="tests.test_beam_final_prefix" name="test_rank_prefixes_preserve_carry_and_ignore_padding" time="0.907" /></testsuite></testsuites>