<?xml version="1.0" encoding="utf-8"?><testsuites name="pytest tests"><testsuite name="pytest" errors="0" failures="0" skipped="0" tests="7" time="14.051" timestamp="2026-09-06T02:14:32.591831+03:00" hostname="DESKTOP-KNUV1IO"><testcase classname="tests.test_beam_s5_request_lowering" name="test_request_max_has_no_unsupported_unsigned_reduction" time="0.113" /><testcase classname="tests.test_beam_s5_request" name="test_single_rank_request_retains_only_request_lane[0]" time="0.303" /><testcase classname="tests.test_beam_s5_request" name="test_single_rank_request_retains_only_request_lane[1]" time="0.105" /><testcase classname="tests.test_beam_s5_request" name="test_eight_rank_request_traces_with_preserved_control_abi" time="0.016" /><testcase classname="tests.test_beam_s5_epoch" name="test_serialized_epoch_no_request_then_forced_publication" time="5.475" /><testcase classname="tests.test_beam_s5_epoch" name="test_epoch_reads_selected_histogram_version_and_never_relaxes_threshold" time="5.593" /><testcase classname="tests.test_beam_s5_epoch" name="test_eight_rank_epoch_traces_one_conditional_and_expected_outputs" time="0.176" /></testsuite></testsuites>