<?xml version="1.0" encoding="utf-8"?><testsuites name="pytest tests"><testsuite name="pytest" errors="0" failures="0" skipped="0" tests="2" time="20.359" timestamp="2026-09-06T05:20:57.932235+03:00" hostname="DESKTOP-KNUV1IO"><testcase classname="tests.test_beam_final_group" name="test_final_group_sorts_routes_stably_without_promoting_padding" time="4.816" /><testcase classname="tests.test_beam_final_group" name="test_final_group_cross_tile_sparse_and_empty" time="12.734" /></testsuite></testsuites>