<?xml version="1.0" encoding="utf-8"?><testsuites name="pytest tests"><testsuite name="pytest" errors="0" failures="0" skipped="0" tests="2" time="5.129" timestamp="2026-09-06T03:19:51.577392+03:00" hostname="DESKTOP-KNUV1IO"><testcase classname="tests.test_beam_final_scan" name="test_phase_ordinals_cross_tiles_shards_and_empty_gaps" time="1.907" /><testcase classname="tests.test_beam_final_phase" name="test_phase_masks_exclude_dirty_padding_and_preserve_high_score_keys" time="0.682" /></testsuite></testsuites>