<?xml version="1.0" encoding="utf-8"?><testsuites name="pytest tests"><testsuite name="pytest" errors="0" failures="0" skipped="0" tests="6" time="4.538" timestamp="2026-09-06T02:44:50.881233+03:00" hostname="DESKTOP-KNUV1IO"><testcase classname="tests.test_beam_final_plan" name="test_final_plan_separates_source_owner_return_and_preserves_parent64" time="1.280" /><testcase classname="tests.test_beam_final_balance" name="test_balance_matches_cpp_global_index_formula[0]" time="0.366" /><testcase classname="tests.test_beam_final_balance" name="test_balance_matches_cpp_global_index_formula[3]" time="0.403" /><testcase classname="tests.test_beam_final_balance" name="test_balance_matches_cpp_global_index_formula[131]" time="0.379" /><testcase classname="tests.test_beam_final_balance" name="test_balance_matches_cpp_global_index_formula[4294967333]" time="0.500" /><testcase classname="tests.test_beam_final_request" name="test_final_request_preserves_parent_and_separates_source_from_return_rank" time="0.247" /></testsuite></testsuites>